Started GET "/" for 127.0.0.1 at 2020-09-27 13:49:13 -0600
  [1m[35m (7.8ms)[0m  [1m[34mSELECT sqlite_version(*)[0m
  
ActiveRecord::PendingMigrationError (

Migrations are pending. To resolve this issue, run:

        rails db:migrate RAILS_ENV=development

):
  
activerecord (6.0.3.3) lib/active_record/migration.rb:586:in `check_pending!'
activerecord (6.0.3.3) lib/active_record/migration.rb:564:in `call'
actionpack (6.0.3.3) lib/action_dispatch/middleware/callbacks.rb:27:in `block in call'
activesupport (6.0.3.3) lib/active_support/callbacks.rb:101:in `run_callbacks'
actionpack (6.0.3.3) lib/action_dispatch/middleware/callbacks.rb:26:in `call'
actionpack (6.0.3.3) lib/action_dispatch/middleware/executor.rb:14:in `call'
actionpack (6.0.3.3) lib/action_dispatch/middleware/actionable_exceptions.rb:17:in `call'
actionpack (6.0.3.3) lib/action_dispatch/middleware/debug_exceptions.rb:32:in `call'
web-console (4.0.4) lib/web_console/middleware.rb:132:in `call_app'
web-console (4.0.4) lib/web_console/middleware.rb:28:in `block in call'
web-console (4.0.4) lib/web_console/middleware.rb:17:in `catch'
web-console (4.0.4) lib/web_console/middleware.rb:17:in `call'
actionpack (6.0.3.3) lib/action_dispatch/middleware/show_exceptions.rb:33:in `call'
railties (6.0.3.3) lib/rails/rack/logger.rb:37:in `call_app'
railties (6.0.3.3) lib/rails/rack/logger.rb:26:in `block in call'
activesupport (6.0.3.3) lib/active_support/tagged_logging.rb:80:in `block in tagged'
activesupport (6.0.3.3) lib/active_support/tagged_logging.rb:28:in `tagged'
activesupport (6.0.3.3) lib/active_support/tagged_logging.rb:80:in `tagged'
railties (6.0.3.3) lib/rails/rack/logger.rb:26:in `call'
sprockets-rails (3.2.2) lib/sprockets/rails/quiet_assets.rb:13:in `call'
actionpack (6.0.3.3) lib/action_dispatch/middleware/remote_ip.rb:81:in `call'
actionpack (6.0.3.3) lib/action_dispatch/middleware/request_id.rb:27:in `call'
rack (2.2.3) lib/rack/method_override.rb:24:in `call'
rack (2.2.3) lib/rack/runtime.rb:22:in `call'
activesupport (6.0.3.3) lib/active_support/cache/strategy/local_cache_middleware.rb:29:in `call'
actionpack (6.0.3.3) lib/action_dispatch/middleware/executor.rb:14:in `call'
actionpack (6.0.3.3) lib/action_dispatch/middleware/static.rb:126:in `call'
rack (2.2.3) lib/rack/sendfile.rb:110:in `call'
actionpack (6.0.3.3) lib/action_dispatch/middleware/host_authorization.rb:82:in `call'
webpacker (4.3.0) lib/webpacker/dev_server_proxy.rb:23:in `perform_request'
rack-proxy (0.6.5) lib/rack/proxy.rb:57:in `call'
railties (6.0.3.3) lib/rails/engine.rb:527:in `call'
puma (4.3.6) lib/puma/configuration.rb:228:in `call'
puma (4.3.6) lib/puma/server.rb:713:in `handle_request'
puma (4.3.6) lib/puma/server.rb:472:in `process_client'
puma (4.3.6) lib/puma/server.rb:328:in `block in run'
puma (4.3.6) lib/puma/thread_pool.rb:134:in `block in spawn_thread'
Started GET "/students/new" for 127.0.0.1 at 2020-09-27 13:49:13 -0600
  [1m[35m (0.1ms)[0m  [1m[34mSELECT sqlite_version(*)[0m
  
ActiveRecord::PendingMigrationError (

Migrations are pending. To resolve this issue, run:

        rails db:migrate RAILS_ENV=development

):
  
activerecord (6.0.3.3) lib/active_record/migration.rb:586:in `check_pending!'
activerecord (6.0.3.3) lib/active_record/migration.rb:564:in `call'
actionpack (6.0.3.3) lib/action_dispatch/middleware/callbacks.rb:27:in `block in call'
activesupport (6.0.3.3) lib/active_support/callbacks.rb:101:in `run_callbacks'
actionpack (6.0.3.3) lib/action_dispatch/middleware/callbacks.rb:26:in `call'
actionpack (6.0.3.3) lib/action_dispatch/middleware/executor.rb:14:in `call'
actionpack (6.0.3.3) lib/action_dispatch/middleware/actionable_exceptions.rb:17:in `call'
actionpack (6.0.3.3) lib/action_dispatch/middleware/debug_exceptions.rb:32:in `call'
web-console (4.0.4) lib/web_console/middleware.rb:132:in `call_app'
web-console (4.0.4) lib/web_console/middleware.rb:28:in `block in call'
web-console (4.0.4) lib/web_console/middleware.rb:17:in `catch'
web-console (4.0.4) lib/web_console/middleware.rb:17:in `call'
actionpack (6.0.3.3) lib/action_dispatch/middleware/show_exceptions.rb:33:in `call'
railties (6.0.3.3) lib/rails/rack/logger.rb:37:in `call_app'
railties (6.0.3.3) lib/rails/rack/logger.rb:26:in `block in call'
activesupport (6.0.3.3) lib/active_support/tagged_logging.rb:80:in `block in tagged'
activesupport (6.0.3.3) lib/active_support/tagged_logging.rb:28:in `tagged'
activesupport (6.0.3.3) lib/active_support/tagged_logging.rb:80:in `tagged'
railties (6.0.3.3) lib/rails/rack/logger.rb:26:in `call'
sprockets-rails (3.2.2) lib/sprockets/rails/quiet_assets.rb:13:in `call'
actionpack (6.0.3.3) lib/action_dispatch/middleware/remote_ip.rb:81:in `call'
actionpack (6.0.3.3) lib/action_dispatch/middleware/request_id.rb:27:in `call'
rack (2.2.3) lib/rack/method_override.rb:24:in `call'
rack (2.2.3) lib/rack/runtime.rb:22:in `call'
activesupport (6.0.3.3) lib/active_support/cache/strategy/local_cache_middleware.rb:29:in `call'
actionpack (6.0.3.3) lib/action_dispatch/middleware/executor.rb:14:in `call'
actionpack (6.0.3.3) lib/action_dispatch/middleware/static.rb:126:in `call'
rack (2.2.3) lib/rack/sendfile.rb:110:in `call'
actionpack (6.0.3.3) lib/action_dispatch/middleware/host_authorization.rb:82:in `call'
webpacker (4.3.0) lib/webpacker/dev_server_proxy.rb:23:in `perform_request'
rack-proxy (0.6.5) lib/rack/proxy.rb:57:in `call'
railties (6.0.3.3) lib/rails/engine.rb:527:in `call'
puma (4.3.6) lib/puma/configuration.rb:228:in `call'
puma (4.3.6) lib/puma/server.rb:713:in `handle_request'
puma (4.3.6) lib/puma/server.rb:472:in `process_client'
puma (4.3.6) lib/puma/server.rb:328:in `block in run'
puma (4.3.6) lib/puma/thread_pool.rb:134:in `block in spawn_thread'
Started POST "/rails/actions" for 127.0.0.1 at 2020-09-27 13:49:19 -0600
  [1m[35m (1.1ms)[0m  [1m[35mCREATE TABLE "schema_migrations" ("version" varchar NOT NULL PRIMARY KEY)[0m
  [1m[35m (1.1ms)[0m  [1m[35mCREATE TABLE "ar_internal_metadata" ("key" varchar NOT NULL PRIMARY KEY, "value" varchar, "created_at" datetime(6) NOT NULL, "updated_at" datetime(6) NOT NULL)[0m
  [1m[35m (0.1ms)[0m  [1m[34mSELECT "schema_migrations"."version" FROM "schema_migrations" ORDER BY "schema_migrations"."version" ASC[0m
Migrating to CreateSections (20200921172635)
  [1m[35m (0.1ms)[0m  [1m[36mbegin transaction[0m
  [1m[35m (0.4ms)[0m  [1m[35mCREATE TABLE "sections" ("id" integer PRIMARY KEY AUTOINCREMENT NOT NULL, "course_id" integer NOT NULL, "professor_id" integer NOT NULL, "year" integer, "semester_id" integer NOT NULL, "created_at" datetime(6) NOT NULL, "updated_at" datetime(6) NOT NULL, CONSTRAINT "fk_rails_20b1e5de46"
FOREIGN KEY ("course_id")
  REFERENCES "courses" ("id")
, CONSTRAINT "fk_rails_e34faa07d4"
FOREIGN KEY ("professor_id")
  REFERENCES "professors" ("id")
, CONSTRAINT "fk_rails_1356ba550a"
FOREIGN KEY ("semester_id")
  REFERENCES "semesters" ("id")
)[0m
  [1m[35m (0.1ms)[0m  [1m[35mCREATE  INDEX "index_sections_on_course_id" ON "sections" ("course_id")[0m
  [1m[35m (0.1ms)[0m  [1m[35mCREATE  INDEX "index_sections_on_professor_id" ON "sections" ("professor_id")[0m
  [1m[35m (0.1ms)[0m  [1m[35mCREATE  INDEX "index_sections_on_semester_id" ON "sections" ("semester_id")[0m
  [1m[36mprimary::SchemaMigration Create (0.1ms)[0m  [1m[32mINSERT INTO "schema_migrations" ("version") VALUES (?)[0m  [["version", "20200921172635"]]
  [1m[35m (1.2ms)[0m  [1m[36mcommit transaction[0m
Migrating to CreateProfessors (20200921172741)
  [1m[35m (0.1ms)[0m  [1m[36mbegin transaction[0m
  [1m[35m (0.5ms)[0m  [1m[35mCREATE TABLE "professors" ("id" integer PRIMARY KEY AUTOINCREMENT NOT NULL, "name" varchar, "office" varchar, "created_at" datetime(6) NOT NULL, "updated_at" datetime(6) NOT NULL)[0m
  [1m[36mprimary::SchemaMigration Create (0.2ms)[0m  [1m[32mINSERT INTO "schema_migrations" ("version") VALUES (?)[0m  [["version", "20200921172741"]]
  [1m[35m (0.8ms)[0m  [1m[36mcommit transaction[0m
Migrating to CreateCourses (20200921172834)
  [1m[35m (0.1ms)[0m  [1m[36mbegin transaction[0m
  [1m[35m (0.4ms)[0m  [1m[35mCREATE TABLE "courses" ("id" integer PRIMARY KEY AUTOINCREMENT NOT NULL, "department_id" integer NOT NULL, "number" integer, "hours" integer, "created_at" datetime(6) NOT NULL, "updated_at" datetime(6) NOT NULL, CONSTRAINT "fk_rails_4e7d7b190d"
FOREIGN KEY ("department_id")
  REFERENCES "departments" ("id")
)[0m
  [1m[35m (0.1ms)[0m  [1m[35mCREATE  INDEX "index_courses_on_department_id" ON "courses" ("department_id")[0m
  [1m[36mprimary::SchemaMigration Create (0.5ms)[0m  [1m[32mINSERT INTO "schema_migrations" ("version") VALUES (?)[0m  [["version", "20200921172834"]]
  [1m[35m (0.9ms)[0m  [1m[36mcommit transaction[0m
Migrating to CreateSemesters (20200921172904)
  [1m[35m (0.1ms)[0m  [1m[36mbegin transaction[0m
  [1m[35m (0.5ms)[0m  [1m[35mCREATE TABLE "semesters" ("id" integer PRIMARY KEY AUTOINCREMENT NOT NULL, "semester" varchar, "created_at" datetime(6) NOT NULL, "updated_at" datetime(6) NOT NULL)[0m
  [1m[36mprimary::SchemaMigration Create (0.2ms)[0m  [1m[32mINSERT INTO "schema_migrations" ("version") VALUES (?)[0m  [["version", "20200921172904"]]
  [1m[35m (0.8ms)[0m  [1m[36mcommit transaction[0m
Migrating to CreateDepartments (20200921172926)
  [1m[35m (0.1ms)[0m  [1m[36mbegin transaction[0m
  [1m[35m (0.4ms)[0m  [1m[35mCREATE TABLE "departments" ("id" integer PRIMARY KEY AUTOINCREMENT NOT NULL, "name" varchar, "created_at" datetime(6) NOT NULL, "updated_at" datetime(6) NOT NULL)[0m
  [1m[36mprimary::SchemaMigration Create (0.1ms)[0m  [1m[32mINSERT INTO "schema_migrations" ("version") VALUES (?)[0m  [["version", "20200921172926"]]
  [1m[35m (0.8ms)[0m  [1m[36mcommit transaction[0m
Migrating to CreateStudents (20200922062840)
  [1m[35m (0.1ms)[0m  [1m[36mbegin transaction[0m
  [1m[35m (0.4ms)[0m  [1m[35mCREATE TABLE "students" ("id" integer PRIMARY KEY AUTOINCREMENT NOT NULL, "name" varchar, "identifier" integer, "created_at" datetime(6) NOT NULL, "updated_at" datetime(6) NOT NULL)[0m
  [1m[36mprimary::SchemaMigration Create (0.1ms)[0m  [1m[32mINSERT INTO "schema_migrations" ("version") VALUES (?)[0m  [["version", "20200922062840"]]
  [1m[35m (0.7ms)[0m  [1m[36mcommit transaction[0m
Migrating to CreateSectionsStudents (20200926075006)
  [1m[35m (0.6ms)[0m  [1m[36mbegin transaction[0m
  [1m[35m (0.4ms)[0m  [1m[35mCREATE TABLE "sections_students" ("id" integer PRIMARY KEY AUTOINCREMENT NOT NULL, "student_id" integer NOT NULL, "section_id" integer NOT NULL, "created_at" datetime(6) NOT NULL, "updated_at" datetime(6) NOT NULL, CONSTRAINT "fk_rails_5572d5c438"
FOREIGN KEY ("student_id")
  REFERENCES "students" ("id")
, CONSTRAINT "fk_rails_c5cbf7b206"
FOREIGN KEY ("section_id")
  REFERENCES "sections" ("id")
)[0m
  [1m[35m (0.1ms)[0m  [1m[35mCREATE  INDEX "index_sections_students_on_student_id" ON "sections_students" ("student_id")[0m
  [1m[35m (0.1ms)[0m  [1m[35mCREATE  INDEX "index_sections_students_on_section_id" ON "sections_students" ("section_id")[0m
  [1m[36mprimary::SchemaMigration Create (0.1ms)[0m  [1m[32mINSERT INTO "schema_migrations" ("version") VALUES (?)[0m  [["version", "20200926075006"]]
  [1m[35m (0.9ms)[0m  [1m[36mcommit transaction[0m
  [1m[36mActiveRecord::InternalMetadata Load (0.3ms)[0m  [1m[34mSELECT "ar_internal_metadata".* FROM "ar_internal_metadata" WHERE "ar_internal_metadata"."key" = ? LIMIT ?[0m  [["key", "environment"], ["LIMIT", 1]]
  [1m[35m (0.0ms)[0m  [1m[36mbegin transaction[0m
  [1m[36mActiveRecord::InternalMetadata Create (0.4ms)[0m  [1m[32mINSERT INTO "ar_internal_metadata" ("key", "value", "created_at", "updated_at") VALUES (?, ?, ?, ?)[0m  [["key", "environment"], ["value", "development"], ["created_at", "2020-09-27 19:49:19.935585"], ["updated_at", "2020-09-27 19:49:19.935585"]]
  [1m[35m (1.0ms)[0m  [1m[36mcommit transaction[0m
Started GET "/students/new" for 127.0.0.1 at 2020-09-27 13:49:19 -0600
  [1m[35m (0.3ms)[0m  [1m[34mSELECT "schema_migrations"."version" FROM "schema_migrations" ORDER BY "schema_migrations"."version" ASC[0m
Processing by StudentsController#new as HTML
  Rendering students/new.html.erb within layouts/application
  [1m[36mSection Load (0.2ms)[0m  [1m[34mSELECT "sections".* FROM "sections"[0m
  â†³ app/views/students/_form.html.erb:26
  Rendered students/_form.html.erb (Duration: 48.2ms | Allocations: 11289)
  Rendered students/new.html.erb within layouts/application (Duration: 51.3ms | Allocations: 12741)
[Webpacker] Compiling...
[Webpacker] Compiled all packs in /Users/Jeremy/Downloads/Assignment02-master/project03/assignment02/public/packs
[Webpacker] Hash: 15d1bb7b54cf6326b9ba
Version: webpack 4.44.2
Time: 1942ms
Built at: 09/27/2020 1:49:24 PM
                                     Asset       Size       Chunks                         Chunk Names
    js/application-9afcbb5693aa87623e69.js    124 KiB  application  [emitted] [immutable]  application
js/application-9afcbb5693aa87623e69.js.map    139 KiB  application  [emitted] [dev]        application
                             manifest.json  364 bytes               [emitted]              
Entrypoint application = js/application-9afcbb5693aa87623e69.js js/application-9afcbb5693aa87623e69.js.map
[./app/javascript/channels sync recursive _channel\.js$] ./app/javascript/channels sync _channel\.js$ 160 bytes {application} [built]
[./app/javascript/channels/index.js] 211 bytes {application} [built]
[./app/javascript/packs/application.js] 749 bytes {application} [built]
[./node_modules/webpack/buildin/module.js] (webpack)/buildin/module.js 552 bytes {application} [built]
    + 3 hidden modules

Completed 200 OK in 4390ms (Views: 4349.8ms | ActiveRecord: 1.3ms | Allocations: 83143)


Started GET "/sections/new" for 127.0.0.1 at 2020-09-27 13:49:39 -0600
Processing by SectionsController#new as HTML
  Rendering sections/new.html.erb within layouts/application
  [1m[36mCourse Load (0.2ms)[0m  [1m[34mSELECT "courses".* FROM "courses"[0m
  â†³ app/views/sections/_form.html.erb:16
  [1m[36mProfessor Load (0.2ms)[0m  [1m[34mSELECT "professors".* FROM "professors"[0m
  â†³ app/views/sections/_form.html.erb:21
  [1m[36mSemester Load (0.2ms)[0m  [1m[34mSELECT "semesters".* FROM "semesters"[0m
  â†³ app/views/sections/_form.html.erb:31
  [1m[36mStudent Load (0.1ms)[0m  [1m[34mSELECT "students".* FROM "students"[0m
  â†³ app/views/sections/_form.html.erb:36
  Rendered sections/_form.html.erb (Duration: 22.6ms | Allocations: 7679)
  Rendered sections/new.html.erb within layouts/application (Duration: 25.2ms | Allocations: 8006)
[Webpacker] Everything's up-to-date. Nothing to do
Completed 200 OK in 45ms (Views: 32.4ms | ActiveRecord: 1.9ms | Allocations: 16396)


Started GET "/sections" for 127.0.0.1 at 2020-09-27 13:49:43 -0600
Processing by SectionsController#index as HTML
  Rendering sections/index.html.erb within layouts/application
  [1m[36mSection Load (0.2ms)[0m  [1m[34mSELECT "sections".* FROM "sections"[0m
  â†³ app/views/sections/index.html.erb:17
  Rendered sections/index.html.erb within layouts/application (Duration: 4.0ms | Allocations: 925)
[Webpacker] Everything's up-to-date. Nothing to do
Completed 200 OK in 22ms (Views: 20.0ms | ActiveRecord: 0.2ms | Allocations: 5229)


Started GET "/sections/new" for 127.0.0.1 at 2020-09-27 13:49:46 -0600
Processing by SectionsController#new as HTML
  Rendering sections/new.html.erb within layouts/application
  [1m[36mCourse Load (0.6ms)[0m  [1m[34mSELECT "courses".* FROM "courses"[0m
  â†³ app/views/sections/_form.html.erb:16
  [1m[36mProfessor Load (0.1ms)[0m  [1m[34mSELECT "professors".* FROM "professors"[0m
  â†³ app/views/sections/_form.html.erb:21
  [1m[36mSemester Load (0.2ms)[0m  [1m[34mSELECT "semesters".* FROM "semesters"[0m
  â†³ app/views/sections/_form.html.erb:31
  [1m[36mStudent Load (0.4ms)[0m  [1m[34mSELECT "students".* FROM "students"[0m
  â†³ app/views/sections/_form.html.erb:36
  Rendered sections/_form.html.erb (Duration: 25.9ms | Allocations: 3949)
  Rendered sections/new.html.erb within layouts/application (Duration: 26.5ms | Allocations: 4032)
[Webpacker] Everything's up-to-date. Nothing to do
Completed 200 OK in 47ms (Views: 44.0ms | ActiveRecord: 1.3ms | Allocations: 8233)


Started GET "/sections/new" for 127.0.0.1 at 2020-09-27 13:51:06 -0600
Processing by SectionsController#new as HTML
  Rendering sections/new.html.erb within layouts/application
  [1m[36mCourse Load (0.2ms)[0m  [1m[34mSELECT "courses".* FROM "courses"[0m
  â†³ app/views/sections/_form.html.erb:16
  [1m[36mProfessor Load (0.2ms)[0m  [1m[34mSELECT "professors".* FROM "professors"[0m
  â†³ app/views/sections/_form.html.erb:21
  [1m[36mSemester Load (0.2ms)[0m  [1m[34mSELECT "semesters".* FROM "semesters"[0m
  â†³ app/views/sections/_form.html.erb:31
  [1m[36mStudent Load (0.2ms)[0m  [1m[34mSELECT "students".* FROM "students"[0m
  â†³ app/views/sections/_form.html.erb:36
  Rendered sections/_form.html.erb (Duration: 14.1ms | Allocations: 3955)
  Rendered sections/new.html.erb within layouts/application (Duration: 14.5ms | Allocations: 4037)
[Webpacker] Everything's up-to-date. Nothing to do
Completed 200 OK in 27ms (Views: 24.9ms | ActiveRecord: 0.8ms | Allocations: 8124)


Started GET "/students/new" for 127.0.0.1 at 2020-09-27 13:51:33 -0600
Processing by StudentsController#new as HTML
  Rendering students/new.html.erb within layouts/application
  [1m[36mSection Load (0.2ms)[0m  [1m[34mSELECT "sections".* FROM "sections"[0m
  â†³ app/views/students/_form.html.erb:26
  Rendered students/_form.html.erb (Duration: 5.0ms | Allocations: 1559)
  Rendered students/new.html.erb within layouts/application (Duration: 5.4ms | Allocations: 1643)
[Webpacker] Everything's up-to-date. Nothing to do
Completed 200 OK in 13ms (Views: 12.0ms | ActiveRecord: 0.2ms | Allocations: 5827)


Started POST "/students" for 127.0.0.1 at 2020-09-27 13:51:46 -0600
Processing by StudentsController#create as HTML
  Parameters: {"authenticity_token"=>"dR+CV8BjSM8s/m5VasgUymGZDlMDiuhLxcW5zF2N9oP0xF4qF//n2xxg9FE2VGN0lWGEP0wChZU+Crxu9rtKkw==", "student"=>{"name"=>"Jeremy", "identifier"=>"2", "section_ids"=>[""]}, "commit"=>"Create Student"}
  [1m[36mSection Load (0.2ms)[0m  [1m[34mSELECT "sections".* FROM "sections" WHERE 1=0[0m
  â†³ app/controllers/students_controller.rb:29:in `create'
  [1m[35m (0.1ms)[0m  [1m[36mbegin transaction[0m
  â†³ app/controllers/students_controller.rb:32:in `block in create'
  [1m[36mStudent Create (0.9ms)[0m  [1m[32mINSERT INTO "students" ("name", "identifier", "created_at", "updated_at") VALUES (?, ?, ?, ?)[0m  [["name", "Jeremy"], ["identifier", 2], ["created_at", "2020-09-27 19:51:46.214221"], ["updated_at", "2020-09-27 19:51:46.214221"]]
  â†³ app/controllers/students_controller.rb:32:in `block in create'
  [1m[35m (0.9ms)[0m  [1m[36mcommit transaction[0m
  â†³ app/controllers/students_controller.rb:32:in `block in create'
Redirected to http://localhost:3000/students/1
Completed 302 Found in 35ms (ActiveRecord: 2.1ms | Allocations: 10908)


Started GET "/students/1" for 127.0.0.1 at 2020-09-27 13:51:46 -0600
Processing by StudentsController#show as HTML
  Parameters: {"id"=>"1"}
  [1m[36mStudent Load (0.2ms)[0m  [1m[34mSELECT "students".* FROM "students" WHERE "students"."id" = ? LIMIT ?[0m  [["id", 1], ["LIMIT", 1]]
  â†³ app/controllers/students_controller.rb:69:in `set_student'
  Rendering students/show.html.erb within layouts/application
  [1m[36mSection Load (0.2ms)[0m  [1m[34mSELECT "sections".* FROM "sections" INNER JOIN "sections_students" ON "sections"."id" = "sections_students"."section_id" WHERE "sections_students"."student_id" = ?[0m  [["student_id", 1]]
  â†³ app/views/students/show.html.erb:17
  Rendered students/show.html.erb within layouts/application (Duration: 12.6ms | Allocations: 4960)
[Webpacker] Everything's up-to-date. Nothing to do
Completed 200 OK in 24ms (Views: 19.6ms | ActiveRecord: 0.7ms | Allocations: 9848)


Started GET "/students" for 127.0.0.1 at 2020-09-27 13:51:48 -0600
Processing by StudentsController#index as HTML
  Rendering students/index.html.erb within layouts/application
  [1m[36mStudent Load (0.2ms)[0m  [1m[34mSELECT "students".* FROM "students"[0m
  â†³ app/views/students/index.html.erb:15
  Rendered students/index.html.erb within layouts/application (Duration: 3.8ms | Allocations: 1014)
[Webpacker] Everything's up-to-date. Nothing to do
Completed 200 OK in 16ms (Views: 14.1ms | ActiveRecord: 0.2ms | Allocations: 5319)


Started GET "/students/1/edit" for 127.0.0.1 at 2020-09-27 13:51:50 -0600
Processing by StudentsController#edit as HTML
  Parameters: {"id"=>"1"}
  [1m[36mStudent Load (0.2ms)[0m  [1m[34mSELECT "students".* FROM "students" WHERE "students"."id" = ? LIMIT ?[0m  [["id", 1], ["LIMIT", 1]]
  â†³ app/controllers/students_controller.rb:69:in `set_student'
  Rendering students/edit.html.erb within layouts/application
  [1m[36mSection Load (0.1ms)[0m  [1m[34mSELECT "sections".* FROM "sections"[0m
  â†³ app/views/students/_form.html.erb:26
  Rendered students/_form.html.erb (Duration: 4.3ms | Allocations: 1619)
  Rendered students/edit.html.erb within layouts/application (Duration: 6.0ms | Allocations: 1861)
[Webpacker] Everything's up-to-date. Nothing to do
Completed 200 OK in 18ms (Views: 14.3ms | ActiveRecord: 0.3ms | Allocations: 6707)


Started GET "/sections/new" for 127.0.0.1 at 2020-09-27 13:52:14 -0600
Processing by SectionsController#new as HTML
  Rendering sections/new.html.erb within layouts/application
  [1m[36mCourse Load (0.2ms)[0m  [1m[34mSELECT "courses".* FROM "courses"[0m
  â†³ app/views/sections/_form.html.erb:16
  [1m[36mProfessor Load (0.2ms)[0m  [1m[34mSELECT "professors".* FROM "professors"[0m
  â†³ app/views/sections/_form.html.erb:21
  [1m[36mSemester Load (0.1ms)[0m  [1m[34mSELECT "semesters".* FROM "semesters"[0m
  â†³ app/views/sections/_form.html.erb:31
  [1m[36mStudent Load (0.1ms)[0m  [1m[34mSELECT "students".* FROM "students"[0m
  â†³ app/views/sections/_form.html.erb:36
  Rendered sections/_form.html.erb (Duration: 12.6ms | Allocations: 5085)
  Rendered sections/new.html.erb within layouts/application (Duration: 12.9ms | Allocations: 5168)
[Webpacker] Everything's up-to-date. Nothing to do
Completed 200 OK in 25ms (Views: 22.6ms | ActiveRecord: 0.6ms | Allocations: 9358)


Started GET "/" for 127.0.0.1 at 2020-09-27 13:53:09 -0600
Processing by SectionsController#index as HTML
  Rendering sections/index.html.erb within layouts/application
  [1m[36mSection Load (0.1ms)[0m  [1m[34mSELECT "sections".* FROM "sections"[0m
  â†³ app/views/sections/index.html.erb:17
  Rendered sections/index.html.erb within layouts/application (Duration: 1.2ms | Allocations: 638)
[Webpacker] Everything's up-to-date. Nothing to do
Completed 200 OK in 10ms (Views: 8.6ms | ActiveRecord: 0.1ms | Allocations: 4806)


Started GET "/sections/new" for 127.0.0.1 at 2020-09-27 13:53:11 -0600
Processing by SectionsController#new as HTML
  Rendering sections/new.html.erb within layouts/application
  [1m[36mCourse Load (0.1ms)[0m  [1m[34mSELECT "courses".* FROM "courses"[0m
  â†³ app/views/sections/_form.html.erb:16
  [1m[36mProfessor Load (0.1ms)[0m  [1m[34mSELECT "professors".* FROM "professors"[0m
  â†³ app/views/sections/_form.html.erb:21
  [1m[36mSemester Load (0.2ms)[0m  [1m[34mSELECT "semesters".* FROM "semesters"[0m
  â†³ app/views/sections/_form.html.erb:31
  [1m[36mStudent Load (0.2ms)[0m  [1m[34mSELECT "students".* FROM "students"[0m
  â†³ app/views/sections/_form.html.erb:36
  Rendered sections/_form.html.erb (Duration: 13.2ms | Allocations: 4325)
  Rendered sections/new.html.erb within layouts/application (Duration: 13.4ms | Allocations: 4407)
[Webpacker] Everything's up-to-date. Nothing to do
Completed 200 OK in 23ms (Views: 21.4ms | ActiveRecord: 0.7ms | Allocations: 8580)


Started GET "/sections/professors" for 127.0.0.1 at 2020-09-27 13:53:42 -0600
Processing by SectionsController#show as HTML
  Parameters: {"id"=>"professors"}
  [1m[36mSection Load (0.3ms)[0m  [1m[34mSELECT "sections".* FROM "sections" WHERE "sections"."id" = ? LIMIT ?[0m  [["id", nil], ["LIMIT", 1]]
  â†³ app/controllers/sections_controller.rb:69:in `set_section'
Completed 404 Not Found in 2ms (ActiveRecord: 0.3ms | Allocations: 1233)


  
ActiveRecord::RecordNotFound (Couldn't find Section with 'id'=professors):
  
app/controllers/sections_controller.rb:69:in `set_section'
Started GET "/sections/professor" for 127.0.0.1 at 2020-09-27 13:53:46 -0600
Processing by SectionsController#show as HTML
  Parameters: {"id"=>"professor"}
  [1m[36mSection Load (0.2ms)[0m  [1m[34mSELECT "sections".* FROM "sections" WHERE "sections"."id" = ? LIMIT ?[0m  [["id", nil], ["LIMIT", 1]]
  â†³ app/controllers/sections_controller.rb:69:in `set_section'
Completed 404 Not Found in 2ms (ActiveRecord: 0.2ms | Allocations: 1105)


  
ActiveRecord::RecordNotFound (Couldn't find Section with 'id'=professor):
  
app/controllers/sections_controller.rb:69:in `set_section'
Started GET "/" for 127.0.0.1 at 2020-09-27 13:53:55 -0600
Processing by SectionsController#index as HTML
  Rendering sections/index.html.erb within layouts/application
  [1m[36mSection Load (0.2ms)[0m  [1m[34mSELECT "sections".* FROM "sections"[0m
  â†³ app/views/sections/index.html.erb:17
  Rendered sections/index.html.erb within layouts/application (Duration: 2.2ms | Allocations: 636)
[Webpacker] Everything's up-to-date. Nothing to do
Completed 200 OK in 11ms (Views: 10.1ms | ActiveRecord: 0.2ms | Allocations: 4824)


Started GET "/students/1/edit" for 127.0.0.1 at 2020-09-27 13:54:00 -0600
Processing by StudentsController#edit as HTML
  Parameters: {"id"=>"1"}
  [1m[36mStudent Load (0.2ms)[0m  [1m[34mSELECT "students".* FROM "students" WHERE "students"."id" = ? LIMIT ?[0m  [["id", 1], ["LIMIT", 1]]
  â†³ app/controllers/students_controller.rb:69:in `set_student'
  Rendering students/edit.html.erb within layouts/application
  [1m[36mSection Load (0.3ms)[0m  [1m[34mSELECT "sections".* FROM "sections"[0m
  â†³ app/views/students/_form.html.erb:26
  Rendered students/_form.html.erb (Duration: 5.1ms | Allocations: 1589)
  Rendered students/edit.html.erb within layouts/application (Duration: 6.7ms | Allocations: 1701)
[Webpacker] Everything's up-to-date. Nothing to do
Completed 200 OK in 18ms (Views: 15.5ms | ActiveRecord: 0.4ms | Allocations: 6408)


Started GET "/students" for 127.0.0.1 at 2020-09-27 13:54:02 -0600
Processing by StudentsController#index as HTML
  Rendering students/index.html.erb within layouts/application
  [1m[36mStudent Load (0.2ms)[0m  [1m[34mSELECT "students".* FROM "students"[0m
  â†³ app/views/students/index.html.erb:15
  Rendered students/index.html.erb within layouts/application (Duration: 2.1ms | Allocations: 763)
[Webpacker] Everything's up-to-date. Nothing to do
Completed 200 OK in 15ms (Views: 13.5ms | ActiveRecord: 0.2ms | Allocations: 4924)


Started GET "/students/1" for 127.0.0.1 at 2020-09-27 13:54:05 -0600
Processing by StudentsController#show as HTML
  Parameters: {"id"=>"1"}
  [1m[36mStudent Load (0.1ms)[0m  [1m[34mSELECT "students".* FROM "students" WHERE "students"."id" = ? LIMIT ?[0m  [["id", 1], ["LIMIT", 1]]
  â†³ app/controllers/students_controller.rb:69:in `set_student'
  Rendering students/show.html.erb within layouts/application
  [1m[36mSection Load (0.1ms)[0m  [1m[34mSELECT "sections".* FROM "sections" INNER JOIN "sections_students" ON "sections"."id" = "sections_students"."section_id" WHERE "sections_students"."student_id" = ?[0m  [["student_id", 1]]
  â†³ app/views/students/show.html.erb:17
  Rendered students/show.html.erb within layouts/application (Duration: 1.7ms | Allocations: 984)
[Webpacker] Everything's up-to-date. Nothing to do
Completed 200 OK in 15ms (Views: 13.8ms | ActiveRecord: 0.3ms | Allocations: 5672)


Started GET "/students" for 127.0.0.1 at 2020-09-27 13:54:06 -0600
Processing by StudentsController#index as HTML
  Rendering students/index.html.erb within layouts/application
  [1m[36mStudent Load (0.1ms)[0m  [1m[34mSELECT "students".* FROM "students"[0m
  â†³ app/views/students/index.html.erb:15
  Rendered students/index.html.erb within layouts/application (Duration: 1.3ms | Allocations: 760)
[Webpacker] Everything's up-to-date. Nothing to do
Completed 200 OK in 12ms (Views: 11.6ms | ActiveRecord: 0.1ms | Allocations: 4921)


Started GET "/sections/new" for 127.0.0.1 at 2020-09-27 13:55:27 -0600
Processing by SectionsController#new as HTML
  Rendering sections/new.html.erb within layouts/application
  [1m[36mCourse Load (0.1ms)[0m  [1m[34mSELECT "courses".* FROM "courses"[0m
  â†³ app/views/sections/_form.html.erb:16
  [1m[36mProfessor Load (0.4ms)[0m  [1m[34mSELECT "professors".* FROM "professors"[0m
  â†³ app/views/sections/_form.html.erb:21
  [1m[36mSemester Load (0.2ms)[0m  [1m[34mSELECT "semesters".* FROM "semesters"[0m
  â†³ app/views/sections/_form.html.erb:31
  [1m[36mStudent Load (0.1ms)[0m  [1m[34mSELECT "students".* FROM "students"[0m
  â†³ app/views/sections/_form.html.erb:36
  Rendered sections/_form.html.erb (Duration: 12.3ms | Allocations: 4331)
  Rendered sections/new.html.erb within layouts/application (Duration: 13.3ms | Allocations: 4413)
[Webpacker] Everything's up-to-date. Nothing to do
Completed 200 OK in 23ms (Views: 21.3ms | ActiveRecord: 0.9ms | Allocations: 8598)


Started GET "/course" for 127.0.0.1 at 2020-09-27 13:57:00 -0600
  
ActionController::RoutingError (No route matches [GET] "/course"):
  
actionpack (6.0.3.3) lib/action_dispatch/middleware/debug_exceptions.rb:36:in `call'
web-console (4.0.4) lib/web_console/middleware.rb:132:in `call_app'
web-console (4.0.4) lib/web_console/middleware.rb:28:in `block in call'
web-console (4.0.4) lib/web_console/middleware.rb:17:in `catch'
web-console (4.0.4) lib/web_console/middleware.rb:17:in `call'
actionpack (6.0.3.3) lib/action_dispatch/middleware/show_exceptions.rb:33:in `call'
railties (6.0.3.3) lib/rails/rack/logger.rb:37:in `call_app'
railties (6.0.3.3) lib/rails/rack/logger.rb:26:in `block in call'
activesupport (6.0.3.3) lib/active_support/tagged_logging.rb:80:in `block in tagged'
activesupport (6.0.3.3) lib/active_support/tagged_logging.rb:28:in `tagged'
activesupport (6.0.3.3) lib/active_support/tagged_logging.rb:80:in `tagged'
railties (6.0.3.3) lib/rails/rack/logger.rb:26:in `call'
sprockets-rails (3.2.2) lib/sprockets/rails/quiet_assets.rb:13:in `call'
actionpack (6.0.3.3) lib/action_dispatch/middleware/remote_ip.rb:81:in `call'
actionpack (6.0.3.3) lib/action_dispatch/middleware/request_id.rb:27:in `call'
rack (2.2.3) lib/rack/method_override.rb:24:in `call'
rack (2.2.3) lib/rack/runtime.rb:22:in `call'
activesupport (6.0.3.3) lib/active_support/cache/strategy/local_cache_middleware.rb:29:in `call'
actionpack (6.0.3.3) lib/action_dispatch/middleware/executor.rb:14:in `call'
actionpack (6.0.3.3) lib/action_dispatch/middleware/static.rb:126:in `call'
rack (2.2.3) lib/rack/sendfile.rb:110:in `call'
actionpack (6.0.3.3) lib/action_dispatch/middleware/host_authorization.rb:82:in `call'
webpacker (4.3.0) lib/webpacker/dev_server_proxy.rb:23:in `perform_request'
rack-proxy (0.6.5) lib/rack/proxy.rb:57:in `call'
railties (6.0.3.3) lib/rails/engine.rb:527:in `call'
puma (4.3.6) lib/puma/configuration.rb:228:in `call'
puma (4.3.6) lib/puma/server.rb:713:in `handle_request'
puma (4.3.6) lib/puma/server.rb:472:in `process_client'
puma (4.3.6) lib/puma/server.rb:328:in `block in run'
puma (4.3.6) lib/puma/thread_pool.rb:134:in `block in spawn_thread'
Started GET "/courses" for 127.0.0.1 at 2020-09-27 13:57:05 -0600
Processing by CoursesController#index as HTML
  Rendering courses/index.html.erb within layouts/application
  [1m[36mCourse Load (0.4ms)[0m  [1m[34mSELECT "courses".* FROM "courses"[0m
  â†³ app/views/courses/index.html.erb:16
  Rendered courses/index.html.erb within layouts/application (Duration: 4.6ms | Allocations: 901)
[Webpacker] Everything's up-to-date. Nothing to do
Completed 200 OK in 22ms (Views: 19.3ms | ActiveRecord: 0.4ms | Allocations: 5661)


Started GET "/courses" for 127.0.0.1 at 2020-09-27 13:57:12 -0600
Processing by CoursesController#index as HTML
  Rendering courses/index.html.erb within layouts/application
  [1m[36mCourse Load (0.4ms)[0m  [1m[34mSELECT "courses".* FROM "courses"[0m
  â†³ app/views/courses/index.html.erb:16
  Rendered courses/index.html.erb within layouts/application (Duration: 2.5ms | Allocations: 635)
[Webpacker] Everything's up-to-date. Nothing to do
Completed 200 OK in 15ms (Views: 14.0ms | ActiveRecord: 0.4ms | Allocations: 4793)


Started GET "/courses/new" for 127.0.0.1 at 2020-09-27 13:57:15 -0600
Processing by CoursesController#new as HTML
  Rendering courses/new.html.erb within layouts/application
  [1m[36mDepartment Load (0.4ms)[0m  [1m[34mSELECT "departments".* FROM "departments"[0m
  â†³ app/views/courses/_form.html.erb:16
  Rendered courses/_form.html.erb (Duration: 18.6ms | Allocations: 2987)
  Rendered courses/new.html.erb within layouts/application (Duration: 21.0ms | Allocations: 3308)
[Webpacker] Everything's up-to-date. Nothing to do
Completed 200 OK in 44ms (Views: 31.3ms | ActiveRecord: 1.7ms | Allocations: 10607)


Started GET "/department" for 127.0.0.1 at 2020-09-27 13:57:28 -0600
  
ActionController::RoutingError (No route matches [GET] "/department"):
  
actionpack (6.0.3.3) lib/action_dispatch/middleware/debug_exceptions.rb:36:in `call'
web-console (4.0.4) lib/web_console/middleware.rb:132:in `call_app'
web-console (4.0.4) lib/web_console/middleware.rb:28:in `block in call'
web-console (4.0.4) lib/web_console/middleware.rb:17:in `catch'
web-console (4.0.4) lib/web_console/middleware.rb:17:in `call'
actionpack (6.0.3.3) lib/action_dispatch/middleware/show_exceptions.rb:33:in `call'
railties (6.0.3.3) lib/rails/rack/logger.rb:37:in `call_app'
railties (6.0.3.3) lib/rails/rack/logger.rb:26:in `block in call'
activesupport (6.0.3.3) lib/active_support/tagged_logging.rb:80:in `block in tagged'
activesupport (6.0.3.3) lib/active_support/tagged_logging.rb:28:in `tagged'
activesupport (6.0.3.3) lib/active_support/tagged_logging.rb:80:in `tagged'
railties (6.0.3.3) lib/rails/rack/logger.rb:26:in `call'
sprockets-rails (3.2.2) lib/sprockets/rails/quiet_assets.rb:13:in `call'
actionpack (6.0.3.3) lib/action_dispatch/middleware/remote_ip.rb:81:in `call'
actionpack (6.0.3.3) lib/action_dispatch/middleware/request_id.rb:27:in `call'
rack (2.2.3) lib/rack/method_override.rb:24:in `call'
rack (2.2.3) lib/rack/runtime.rb:22:in `call'
activesupport (6.0.3.3) lib/active_support/cache/strategy/local_cache_middleware.rb:29:in `call'
actionpack (6.0.3.3) lib/action_dispatch/middleware/executor.rb:14:in `call'
actionpack (6.0.3.3) lib/action_dispatch/middleware/static.rb:126:in `call'
rack (2.2.3) lib/rack/sendfile.rb:110:in `call'
actionpack (6.0.3.3) lib/action_dispatch/middleware/host_authorization.rb:82:in `call'
webpacker (4.3.0) lib/webpacker/dev_server_proxy.rb:23:in `perform_request'
rack-proxy (0.6.5) lib/rack/proxy.rb:57:in `call'
railties (6.0.3.3) lib/rails/engine.rb:527:in `call'
puma (4.3.6) lib/puma/configuration.rb:228:in `call'
puma (4.3.6) lib/puma/server.rb:713:in `handle_request'
puma (4.3.6) lib/puma/server.rb:472:in `process_client'
puma (4.3.6) lib/puma/server.rb:328:in `block in run'
puma (4.3.6) lib/puma/thread_pool.rb:134:in `block in spawn_thread'
Started GET "/departments" for 127.0.0.1 at 2020-09-27 13:57:32 -0600
Processing by DepartmentsController#index as HTML
  Rendering departments/index.html.erb within layouts/application
  [1m[36mDepartment Load (0.2ms)[0m  [1m[34mSELECT "departments".* FROM "departments"[0m
  â†³ app/views/departments/index.html.erb:14
  Rendered departments/index.html.erb within layouts/application (Duration: 2.9ms | Allocations: 870)
[Webpacker] Everything's up-to-date. Nothing to do
Completed 200 OK in 19ms (Views: 15.8ms | ActiveRecord: 0.2ms | Allocations: 5635)


Started GET "/departments/new" for 127.0.0.1 at 2020-09-27 13:57:34 -0600
Processing by DepartmentsController#new as HTML
  Rendering departments/new.html.erb within layouts/application
  Rendered departments/_form.html.erb (Duration: 6.0ms | Allocations: 870)
  Rendered departments/new.html.erb within layouts/application (Duration: 9.2ms | Allocations: 1192)
[Webpacker] Everything's up-to-date. Nothing to do
Completed 200 OK in 34ms (Views: 22.6ms | ActiveRecord: 0.6ms | Allocations: 7419)


  [1m[35m (0.9ms)[0m  [1m[34mSELECT sqlite_version(*)[0m
  [1m[36mActiveRecord::InternalMetadata Load (0.8ms)[0m  [1m[34mSELECT "ar_internal_metadata".* FROM "ar_internal_metadata" WHERE "ar_internal_metadata"."key" = ? LIMIT ?[0m  [["key", "environment"], ["LIMIT", 1]]
  [1m[35m (0.1ms)[0m  [1m[34mSELECT sqlite_version(*)[0m
  [1m[35m (0.4ms)[0m  [1m[34mSELECT "schema_migrations"."version" FROM "schema_migrations" ORDER BY "schema_migrations"."version" ASC[0m
  [1m[35m (0.4ms)[0m  [1m[34mSELECT sqlite_version(*)[0m
  [1m[36mActiveRecord::InternalMetadata Load (0.1ms)[0m  [1m[34mSELECT "ar_internal_metadata".* FROM "ar_internal_metadata" WHERE "ar_internal_metadata"."key" = ? LIMIT ?[0m  [["key", "environment"], ["LIMIT", 1]]
  [1m[35m (0.1ms)[0m  [1m[34mSELECT sqlite_version(*)[0m
  [1m[35m (0.1ms)[0m  [1m[34mSELECT "schema_migrations"."version" FROM "schema_migrations" ORDER BY "schema_migrations"."version" ASC[0m
  [1m[35m (1.5ms)[0m  [1m[34mSELECT sqlite_version(*)[0m
  [1m[35m (0.9ms)[0m  [1m[34mSELECT "schema_migrations"."version" FROM "schema_migrations" ORDER BY "schema_migrations"."version" ASC[0m
Migrating to CreateSections (20200928015555)
  [1m[35m (0.2ms)[0m  [1m[36mbegin transaction[0m
  [1m[35m (0.3ms)[0m  [1m[35mCREATE TABLE "sections" ("id" integer PRIMARY KEY AUTOINCREMENT NOT NULL, "course_id" integer NOT NULL, "professor_id" integer NOT NULL, "year" integer, "semester_id" integer NOT NULL, "created_at" datetime(6) NOT NULL, "updated_at" datetime(6) NOT NULL, CONSTRAINT "fk_rails_20b1e5de46"
FOREIGN KEY ("course_id")
  REFERENCES "courses" ("id")
, CONSTRAINT "fk_rails_e34faa07d4"
FOREIGN KEY ("professor_id")
  REFERENCES "professors" ("id")
, CONSTRAINT "fk_rails_1356ba550a"
FOREIGN KEY ("semester_id")
  REFERENCES "semesters" ("id")
)[0m
  [1m[35m (0.0ms)[0m  [1m[31mrollback transaction[0m
  [1m[35m (0.8ms)[0m  [1m[34mSELECT sqlite_version(*)[0m
  [1m[35m (0.4ms)[0m  [1m[34mSELECT "schema_migrations"."version" FROM "schema_migrations" ORDER BY "schema_migrations"."version" ASC[0m
Migrating to CreateSections (20200928015555)
  [1m[35m (0.1ms)[0m  [1m[36mbegin transaction[0m
  [1m[35m (0.3ms)[0m  [1m[35mCREATE TABLE "sections" ("id" integer PRIMARY KEY AUTOINCREMENT NOT NULL, "course_id" integer NOT NULL, "professor_id" integer NOT NULL, "year" integer, "semester_id" integer NOT NULL, "created_at" datetime(6) NOT NULL, "updated_at" datetime(6) NOT NULL, CONSTRAINT "fk_rails_20b1e5de46"
FOREIGN KEY ("course_id")
  REFERENCES "courses" ("id")
, CONSTRAINT "fk_rails_e34faa07d4"
FOREIGN KEY ("professor_id")
  REFERENCES "professors" ("id")
, CONSTRAINT "fk_rails_1356ba550a"
FOREIGN KEY ("semester_id")
  REFERENCES "semesters" ("id")
)[0m
  [1m[35m (0.0ms)[0m  [1m[31mrollback transaction[0m
Started GET "/students/new" for 127.0.0.1 at 2020-09-27 20:26:11 -0600
  [1m[35m (0.8ms)[0m  [1m[34mSELECT sqlite_version(*)[0m
  [1m[35m (0.5ms)[0m  [1m[34mSELECT "schema_migrations"."version" FROM "schema_migrations" ORDER BY "schema_migrations"."version" ASC[0m
  
ActiveRecord::PendingMigrationError (

Migrations are pending. To resolve this issue, run:

        rails db:migrate RAILS_ENV=development

):
  
activerecord (6.0.3.3) lib/active_record/migration.rb:586:in `check_pending!'
activerecord (6.0.3.3) lib/active_record/migration.rb:564:in `call'
actionpack (6.0.3.3) lib/action_dispatch/middleware/callbacks.rb:27:in `block in call'
activesupport (6.0.3.3) lib/active_support/callbacks.rb:101:in `run_callbacks'
actionpack (6.0.3.3) lib/action_dispatch/middleware/callbacks.rb:26:in `call'
actionpack (6.0.3.3) lib/action_dispatch/middleware/executor.rb:14:in `call'
actionpack (6.0.3.3) lib/action_dispatch/middleware/actionable_exceptions.rb:17:in `call'
actionpack (6.0.3.3) lib/action_dispatch/middleware/debug_exceptions.rb:32:in `call'
web-console (4.0.4) lib/web_console/middleware.rb:132:in `call_app'
web-console (4.0.4) lib/web_console/middleware.rb:28:in `block in call'
web-console (4.0.4) lib/web_console/middleware.rb:17:in `catch'
web-console (4.0.4) lib/web_console/middleware.rb:17:in `call'
actionpack (6.0.3.3) lib/action_dispatch/middleware/show_exceptions.rb:33:in `call'
railties (6.0.3.3) lib/rails/rack/logger.rb:37:in `call_app'
railties (6.0.3.3) lib/rails/rack/logger.rb:26:in `block in call'
activesupport (6.0.3.3) lib/active_support/tagged_logging.rb:80:in `block in tagged'
activesupport (6.0.3.3) lib/active_support/tagged_logging.rb:28:in `tagged'
activesupport (6.0.3.3) lib/active_support/tagged_logging.rb:80:in `tagged'
railties (6.0.3.3) lib/rails/rack/logger.rb:26:in `call'
sprockets-rails (3.2.2) lib/sprockets/rails/quiet_assets.rb:13:in `call'
actionpack (6.0.3.3) lib/action_dispatch/middleware/remote_ip.rb:81:in `call'
actionpack (6.0.3.3) lib/action_dispatch/middleware/request_id.rb:27:in `call'
rack (2.2.3) lib/rack/method_override.rb:24:in `call'
rack (2.2.3) lib/rack/runtime.rb:22:in `call'
activesupport (6.0.3.3) lib/active_support/cache/strategy/local_cache_middleware.rb:29:in `call'
actionpack (6.0.3.3) lib/action_dispatch/middleware/executor.rb:14:in `call'
actionpack (6.0.3.3) lib/action_dispatch/middleware/static.rb:126:in `call'
rack (2.2.3) lib/rack/sendfile.rb:110:in `call'
actionpack (6.0.3.3) lib/action_dispatch/middleware/host_authorization.rb:82:in `call'
webpacker (4.3.0) lib/webpacker/dev_server_proxy.rb:23:in `perform_request'
rack-proxy (0.6.5) lib/rack/proxy.rb:57:in `call'
railties (6.0.3.3) lib/rails/engine.rb:527:in `call'
puma (4.3.6) lib/puma/configuration.rb:228:in `call'
puma (4.3.6) lib/puma/server.rb:713:in `handle_request'
puma (4.3.6) lib/puma/server.rb:472:in `process_client'
puma (4.3.6) lib/puma/server.rb:328:in `block in run'
puma (4.3.6) lib/puma/thread_pool.rb:134:in `block in spawn_thread'
Started POST "/rails/actions" for 127.0.0.1 at 2020-09-27 20:26:13 -0600
  [1m[35m (0.2ms)[0m  [1m[34mSELECT "schema_migrations"."version" FROM "schema_migrations" ORDER BY "schema_migrations"."version" ASC[0m
Migrating to CreateSections (20200928015555)
  [1m[35m (0.1ms)[0m  [1m[36mbegin transaction[0m
  [1m[35m (0.5ms)[0m  [1m[35mCREATE TABLE "sections" ("id" integer PRIMARY KEY AUTOINCREMENT NOT NULL, "course_id" integer NOT NULL, "professor_id" integer NOT NULL, "year" integer, "semester_id" integer NOT NULL, "created_at" datetime(6) NOT NULL, "updated_at" datetime(6) NOT NULL, CONSTRAINT "fk_rails_20b1e5de46"
FOREIGN KEY ("course_id")
  REFERENCES "courses" ("id")
, CONSTRAINT "fk_rails_e34faa07d4"
FOREIGN KEY ("professor_id")
  REFERENCES "professors" ("id")
, CONSTRAINT "fk_rails_1356ba550a"
FOREIGN KEY ("semester_id")
  REFERENCES "semesters" ("id")
)[0m
  [1m[35m (0.0ms)[0m  [1m[31mrollback transaction[0m
  
StandardError (An error has occurred, this and all later migrations canceled:

SQLite3::SQLException: table "sections" already exists):
  
sqlite3 (1.4.2) lib/sqlite3/database.rb:147:in `initialize'
sqlite3 (1.4.2) lib/sqlite3/database.rb:147:in `new'
sqlite3 (1.4.2) lib/sqlite3/database.rb:147:in `prepare'
sqlite3 (1.4.2) lib/sqlite3/database.rb:193:in `execute'
activerecord (6.0.3.3) lib/active_record/connection_adapters/sqlite3/database_statements.rb:25:in `block (2 levels) in execute'
activesupport (6.0.3.3) lib/active_support/dependencies/interlock.rb:48:in `block in permit_concurrent_loads'
activesupport (6.0.3.3) lib/active_support/concurrency/share_lock.rb:187:in `yield_shares'
activesupport (6.0.3.3) lib/active_support/dependencies/interlock.rb:47:in `permit_concurrent_loads'
activerecord (6.0.3.3) lib/active_record/connection_adapters/sqlite3/database_statements.rb:24:in `block in execute'
activerecord (6.0.3.3) lib/active_record/connection_adapters/abstract_adapter.rb:722:in `block (2 levels) in log'
activesupport (6.0.3.3) lib/active_support/concurrency/load_interlock_aware_monitor.rb:26:in `block (2 levels) in synchronize'
activesupport (6.0.3.3) lib/active_support/concurrency/load_interlock_aware_monitor.rb:25:in `handle_interrupt'
activesupport (6.0.3.3) lib/active_support/concurrency/load_interlock_aware_monitor.rb:25:in `block in synchronize'
activesupport (6.0.3.3) lib/active_support/concurrency/load_interlock_aware_monitor.rb:21:in `handle_interrupt'
activesupport (6.0.3.3) lib/active_support/concurrency/load_interlock_aware_monitor.rb:21:in `synchronize'
activerecord (6.0.3.3) lib/active_record/connection_adapters/abstract_adapter.rb:721:in `block in log'
activesupport (6.0.3.3) lib/active_support/notifications/instrumenter.rb:24:in `instrument'
activerecord (6.0.3.3) lib/active_record/connection_adapters/abstract_adapter.rb:712:in `log'
activerecord (6.0.3.3) lib/active_record/connection_adapters/sqlite3/database_statements.rb:23:in `execute'
activerecord (6.0.3.3) lib/active_record/connection_adapters/abstract/schema_statements.rb:315:in `create_table'
activerecord (6.0.3.3) lib/active_record/migration.rb:890:in `block in method_missing'
activerecord (6.0.3.3) lib/active_record/migration.rb:858:in `block in say_with_time'
/Users/Jeremy/.rvm/rubies/ruby-2.7.0/lib/ruby/2.7.0/benchmark.rb:293:in `measure'
activerecord (6.0.3.3) lib/active_record/migration.rb:858:in `say_with_time'
activerecord (6.0.3.3) lib/active_record/migration.rb:879:in `method_missing'
db/migrate/20200928015555_create_sections.rb:3:in `change'
activerecord (6.0.3.3) lib/active_record/migration.rb:828:in `exec_migration'
activerecord (6.0.3.3) lib/active_record/migration.rb:812:in `block (2 levels) in migrate'
/Users/Jeremy/.rvm/rubies/ruby-2.7.0/lib/ruby/2.7.0/benchmark.rb:293:in `measure'
activerecord (6.0.3.3) lib/active_record/migration.rb:811:in `block in migrate'
activerecord (6.0.3.3) lib/active_record/connection_adapters/abstract/connection_pool.rb:471:in `with_connection'
activerecord (6.0.3.3) lib/active_record/migration.rb:810:in `migrate'
activerecord (6.0.3.3) lib/active_record/migration.rb:1002:in `migrate'
activerecord (6.0.3.3) lib/active_record/migration.rb:1310:in `block in execute_migration_in_transaction'
activerecord (6.0.3.3) lib/active_record/migration.rb:1361:in `block in ddl_transaction'
activerecord (6.0.3.3) lib/active_record/connection_adapters/abstract/database_statements.rb:280:in `block in transaction'
activerecord (6.0.3.3) lib/active_record/connection_adapters/abstract/transaction.rb:280:in `block in within_new_transaction'
activesupport (6.0.3.3) lib/active_support/concurrency/load_interlock_aware_monitor.rb:26:in `block (2 levels) in synchronize'
activesupport (6.0.3.3) lib/active_support/concurrency/load_interlock_aware_monitor.rb:25:in `handle_interrupt'
activesupport (6.0.3.3) lib/active_support/concurrency/load_interlock_aware_monitor.rb:25:in `block in synchronize'
activesupport (6.0.3.3) lib/active_support/concurrency/load_interlock_aware_monitor.rb:21:in `handle_interrupt'
activesupport (6.0.3.3) lib/active_support/concurrency/load_interlock_aware_monitor.rb:21:in `synchronize'
activerecord (6.0.3.3) lib/active_record/connection_adapters/abstract/transaction.rb:278:in `within_new_transaction'
activerecord (6.0.3.3) lib/active_record/connection_adapters/abstract/database_statements.rb:280:in `transaction'
activerecord (6.0.3.3) lib/active_record/transactions.rb:212:in `transaction'
activerecord (6.0.3.3) lib/active_record/migration.rb:1361:in `ddl_transaction'
activerecord (6.0.3.3) lib/active_record/migration.rb:1309:in `execute_migration_in_transaction'
activerecord (6.0.3.3) lib/active_record/migration.rb:1281:in `block in migrate_without_lock'
activerecord (6.0.3.3) lib/active_record/migration.rb:1280:in `each'
activerecord (6.0.3.3) lib/active_record/migration.rb:1280:in `migrate_without_lock'
activerecord (6.0.3.3) lib/active_record/migration.rb:1231:in `migrate'
activerecord (6.0.3.3) lib/active_record/migration.rb:1061:in `up'
activerecord (6.0.3.3) lib/active_record/migration.rb:1036:in `migrate'
activerecord (6.0.3.3) lib/active_record/tasks/database_tasks.rb:238:in `migrate'
activerecord (6.0.3.3) lib/active_record/migration.rb:135:in `block in <class:PendingMigrationError>'
activesupport (6.0.3.3) lib/active_support/actionable_error.rb:28:in `dispatch'
actionpack (6.0.3.3) lib/action_dispatch/middleware/actionable_exceptions.rb:19:in `call'
actionpack (6.0.3.3) lib/action_dispatch/middleware/debug_exceptions.rb:32:in `call'
web-console (4.0.4) lib/web_console/middleware.rb:132:in `call_app'
web-console (4.0.4) lib/web_console/middleware.rb:28:in `block in call'
web-console (4.0.4) lib/web_console/middleware.rb:17:in `catch'
web-console (4.0.4) lib/web_console/middleware.rb:17:in `call'
actionpack (6.0.3.3) lib/action_dispatch/middleware/show_exceptions.rb:33:in `call'
railties (6.0.3.3) lib/rails/rack/logger.rb:37:in `call_app'
railties (6.0.3.3) lib/rails/rack/logger.rb:26:in `block in call'
activesupport (6.0.3.3) lib/active_support/tagged_logging.rb:80:in `block in tagged'
activesupport (6.0.3.3) lib/active_support/tagged_logging.rb:28:in `tagged'
activesupport (6.0.3.3) lib/active_support/tagged_logging.rb:80:in `tagged'
railties (6.0.3.3) lib/rails/rack/logger.rb:26:in `call'
sprockets-rails (3.2.2) lib/sprockets/rails/quiet_assets.rb:13:in `call'
actionpack (6.0.3.3) lib/action_dispatch/middleware/remote_ip.rb:81:in `call'
actionpack (6.0.3.3) lib/action_dispatch/middleware/request_id.rb:27:in `call'
rack (2.2.3) lib/rack/method_override.rb:24:in `call'
rack (2.2.3) lib/rack/runtime.rb:22:in `call'
activesupport (6.0.3.3) lib/active_support/cache/strategy/local_cache_middleware.rb:29:in `call'
actionpack (6.0.3.3) lib/action_dispatch/middleware/executor.rb:14:in `call'
actionpack (6.0.3.3) lib/action_dispatch/middleware/static.rb:126:in `call'
rack (2.2.3) lib/rack/sendfile.rb:110:in `call'
actionpack (6.0.3.3) lib/action_dispatch/middleware/host_authorization.rb:82:in `call'
webpacker (4.3.0) lib/webpacker/dev_server_proxy.rb:23:in `perform_request'
rack-proxy (0.6.5) lib/rack/proxy.rb:57:in `call'
railties (6.0.3.3) lib/rails/engine.rb:527:in `call'
puma (4.3.6) lib/puma/configuration.rb:228:in `call'
puma (4.3.6) lib/puma/server.rb:713:in `handle_request'
puma (4.3.6) lib/puma/server.rb:472:in `process_client'
puma (4.3.6) lib/puma/server.rb:328:in `block in run'
puma (4.3.6) lib/puma/thread_pool.rb:134:in `block in spawn_thread'
Started GET "/students/new" for 127.0.0.1 at 2020-09-27 20:26:31 -0600
  [1m[35m (0.1ms)[0m  [1m[34mSELECT "schema_migrations"."version" FROM "schema_migrations" ORDER BY "schema_migrations"."version" ASC[0m
  
ActiveRecord::PendingMigrationError (

Migrations are pending. To resolve this issue, run:

        rails db:migrate RAILS_ENV=development

):
  
activerecord (6.0.3.3) lib/active_record/migration.rb:586:in `check_pending!'
activerecord (6.0.3.3) lib/active_record/migration.rb:564:in `call'
actionpack (6.0.3.3) lib/action_dispatch/middleware/callbacks.rb:27:in `block in call'
activesupport (6.0.3.3) lib/active_support/callbacks.rb:101:in `run_callbacks'
actionpack (6.0.3.3) lib/action_dispatch/middleware/callbacks.rb:26:in `call'
actionpack (6.0.3.3) lib/action_dispatch/middleware/executor.rb:14:in `call'
actionpack (6.0.3.3) lib/action_dispatch/middleware/actionable_exceptions.rb:17:in `call'
actionpack (6.0.3.3) lib/action_dispatch/middleware/debug_exceptions.rb:32:in `call'
web-console (4.0.4) lib/web_console/middleware.rb:132:in `call_app'
web-console (4.0.4) lib/web_console/middleware.rb:28:in `block in call'
web-console (4.0.4) lib/web_console/middleware.rb:17:in `catch'
web-console (4.0.4) lib/web_console/middleware.rb:17:in `call'
actionpack (6.0.3.3) lib/action_dispatch/middleware/show_exceptions.rb:33:in `call'
railties (6.0.3.3) lib/rails/rack/logger.rb:37:in `call_app'
railties (6.0.3.3) lib/rails/rack/logger.rb:26:in `block in call'
activesupport (6.0.3.3) lib/active_support/tagged_logging.rb:80:in `block in tagged'
activesupport (6.0.3.3) lib/active_support/tagged_logging.rb:28:in `tagged'
activesupport (6.0.3.3) lib/active_support/tagged_logging.rb:80:in `tagged'
railties (6.0.3.3) lib/rails/rack/logger.rb:26:in `call'
sprockets-rails (3.2.2) lib/sprockets/rails/quiet_assets.rb:13:in `call'
actionpack (6.0.3.3) lib/action_dispatch/middleware/remote_ip.rb:81:in `call'
actionpack (6.0.3.3) lib/action_dispatch/middleware/request_id.rb:27:in `call'
rack (2.2.3) lib/rack/method_override.rb:24:in `call'
rack (2.2.3) lib/rack/runtime.rb:22:in `call'
activesupport (6.0.3.3) lib/active_support/cache/strategy/local_cache_middleware.rb:29:in `call'
actionpack (6.0.3.3) lib/action_dispatch/middleware/executor.rb:14:in `call'
actionpack (6.0.3.3) lib/action_dispatch/middleware/static.rb:126:in `call'
rack (2.2.3) lib/rack/sendfile.rb:110:in `call'
actionpack (6.0.3.3) lib/action_dispatch/middleware/host_authorization.rb:82:in `call'
webpacker (4.3.0) lib/webpacker/dev_server_proxy.rb:23:in `perform_request'
rack-proxy (0.6.5) lib/rack/proxy.rb:57:in `call'
railties (6.0.3.3) lib/rails/engine.rb:527:in `call'
puma (4.3.6) lib/puma/configuration.rb:228:in `call'
puma (4.3.6) lib/puma/server.rb:713:in `handle_request'
puma (4.3.6) lib/puma/server.rb:472:in `process_client'
puma (4.3.6) lib/puma/server.rb:328:in `block in run'
puma (4.3.6) lib/puma/thread_pool.rb:134:in `block in spawn_thread'
Started POST "/rails/actions" for 127.0.0.1 at 2020-09-27 20:26:32 -0600
  [1m[35m (0.1ms)[0m  [1m[34mSELECT "schema_migrations"."version" FROM "schema_migrations" ORDER BY "schema_migrations"."version" ASC[0m
Migrating to CreateSections (20200928015555)
  [1m[35m (0.1ms)[0m  [1m[36mbegin transaction[0m
  [1m[35m (0.6ms)[0m  [1m[35mCREATE TABLE "sections" ("id" integer PRIMARY KEY AUTOINCREMENT NOT NULL, "course_id" integer NOT NULL, "professor_id" integer NOT NULL, "year" integer, "semester_id" integer NOT NULL, "created_at" datetime(6) NOT NULL, "updated_at" datetime(6) NOT NULL, CONSTRAINT "fk_rails_20b1e5de46"
FOREIGN KEY ("course_id")
  REFERENCES "courses" ("id")
, CONSTRAINT "fk_rails_e34faa07d4"
FOREIGN KEY ("professor_id")
  REFERENCES "professors" ("id")
, CONSTRAINT "fk_rails_1356ba550a"
FOREIGN KEY ("semester_id")
  REFERENCES "semesters" ("id")
)[0m
  [1m[35m (0.1ms)[0m  [1m[31mrollback transaction[0m
  
StandardError (An error has occurred, this and all later migrations canceled:

SQLite3::SQLException: table "sections" already exists):
  
sqlite3 (1.4.2) lib/sqlite3/database.rb:147:in `initialize'
sqlite3 (1.4.2) lib/sqlite3/database.rb:147:in `new'
sqlite3 (1.4.2) lib/sqlite3/database.rb:147:in `prepare'
sqlite3 (1.4.2) lib/sqlite3/database.rb:193:in `execute'
activerecord (6.0.3.3) lib/active_record/connection_adapters/sqlite3/database_statements.rb:25:in `block (2 levels) in execute'
activesupport (6.0.3.3) lib/active_support/dependencies/interlock.rb:48:in `block in permit_concurrent_loads'
activesupport (6.0.3.3) lib/active_support/concurrency/share_lock.rb:187:in `yield_shares'
activesupport (6.0.3.3) lib/active_support/dependencies/interlock.rb:47:in `permit_concurrent_loads'
activerecord (6.0.3.3) lib/active_record/connection_adapters/sqlite3/database_statements.rb:24:in `block in execute'
activerecord (6.0.3.3) lib/active_record/connection_adapters/abstract_adapter.rb:722:in `block (2 levels) in log'
activesupport (6.0.3.3) lib/active_support/concurrency/load_interlock_aware_monitor.rb:26:in `block (2 levels) in synchronize'
activesupport (6.0.3.3) lib/active_support/concurrency/load_interlock_aware_monitor.rb:25:in `handle_interrupt'
activesupport (6.0.3.3) lib/active_support/concurrency/load_interlock_aware_monitor.rb:25:in `block in synchronize'
activesupport (6.0.3.3) lib/active_support/concurrency/load_interlock_aware_monitor.rb:21:in `handle_interrupt'
activesupport (6.0.3.3) lib/active_support/concurrency/load_interlock_aware_monitor.rb:21:in `synchronize'
activerecord (6.0.3.3) lib/active_record/connection_adapters/abstract_adapter.rb:721:in `block in log'
activesupport (6.0.3.3) lib/active_support/notifications/instrumenter.rb:24:in `instrument'
activerecord (6.0.3.3) lib/active_record/connection_adapters/abstract_adapter.rb:712:in `log'
activerecord (6.0.3.3) lib/active_record/connection_adapters/sqlite3/database_statements.rb:23:in `execute'
activerecord (6.0.3.3) lib/active_record/connection_adapters/abstract/schema_statements.rb:315:in `create_table'
activerecord (6.0.3.3) lib/active_record/migration.rb:890:in `block in method_missing'
activerecord (6.0.3.3) lib/active_record/migration.rb:858:in `block in say_with_time'
/Users/Jeremy/.rvm/rubies/ruby-2.7.0/lib/ruby/2.7.0/benchmark.rb:293:in `measure'
activerecord (6.0.3.3) lib/active_record/migration.rb:858:in `say_with_time'
activerecord (6.0.3.3) lib/active_record/migration.rb:879:in `method_missing'
db/migrate/20200928015555_create_sections.rb:3:in `change'
activerecord (6.0.3.3) lib/active_record/migration.rb:828:in `exec_migration'
activerecord (6.0.3.3) lib/active_record/migration.rb:812:in `block (2 levels) in migrate'
/Users/Jeremy/.rvm/rubies/ruby-2.7.0/lib/ruby/2.7.0/benchmark.rb:293:in `measure'
activerecord (6.0.3.3) lib/active_record/migration.rb:811:in `block in migrate'
activerecord (6.0.3.3) lib/active_record/connection_adapters/abstract/connection_pool.rb:471:in `with_connection'
activerecord (6.0.3.3) lib/active_record/migration.rb:810:in `migrate'
activerecord (6.0.3.3) lib/active_record/migration.rb:1002:in `migrate'
activerecord (6.0.3.3) lib/active_record/migration.rb:1310:in `block in execute_migration_in_transaction'
activerecord (6.0.3.3) lib/active_record/migration.rb:1361:in `block in ddl_transaction'
activerecord (6.0.3.3) lib/active_record/connection_adapters/abstract/database_statements.rb:280:in `block in transaction'
activerecord (6.0.3.3) lib/active_record/connection_adapters/abstract/transaction.rb:280:in `block in within_new_transaction'
activesupport (6.0.3.3) lib/active_support/concurrency/load_interlock_aware_monitor.rb:26:in `block (2 levels) in synchronize'
activesupport (6.0.3.3) lib/active_support/concurrency/load_interlock_aware_monitor.rb:25:in `handle_interrupt'
activesupport (6.0.3.3) lib/active_support/concurrency/load_interlock_aware_monitor.rb:25:in `block in synchronize'
activesupport (6.0.3.3) lib/active_support/concurrency/load_interlock_aware_monitor.rb:21:in `handle_interrupt'
activesupport (6.0.3.3) lib/active_support/concurrency/load_interlock_aware_monitor.rb:21:in `synchronize'
activerecord (6.0.3.3) lib/active_record/connection_adapters/abstract/transaction.rb:278:in `within_new_transaction'
activerecord (6.0.3.3) lib/active_record/connection_adapters/abstract/database_statements.rb:280:in `transaction'
activerecord (6.0.3.3) lib/active_record/transactions.rb:212:in `transaction'
activerecord (6.0.3.3) lib/active_record/migration.rb:1361:in `ddl_transaction'
activerecord (6.0.3.3) lib/active_record/migration.rb:1309:in `execute_migration_in_transaction'
activerecord (6.0.3.3) lib/active_record/migration.rb:1281:in `block in migrate_without_lock'
activerecord (6.0.3.3) lib/active_record/migration.rb:1280:in `each'
activerecord (6.0.3.3) lib/active_record/migration.rb:1280:in `migrate_without_lock'
activerecord (6.0.3.3) lib/active_record/migration.rb:1231:in `migrate'
activerecord (6.0.3.3) lib/active_record/migration.rb:1061:in `up'
activerecord (6.0.3.3) lib/active_record/migration.rb:1036:in `migrate'
activerecord (6.0.3.3) lib/active_record/tasks/database_tasks.rb:238:in `migrate'
activerecord (6.0.3.3) lib/active_record/migration.rb:135:in `block in <class:PendingMigrationError>'
activesupport (6.0.3.3) lib/active_support/actionable_error.rb:28:in `dispatch'
actionpack (6.0.3.3) lib/action_dispatch/middleware/actionable_exceptions.rb:19:in `call'
actionpack (6.0.3.3) lib/action_dispatch/middleware/debug_exceptions.rb:32:in `call'
web-console (4.0.4) lib/web_console/middleware.rb:132:in `call_app'
web-console (4.0.4) lib/web_console/middleware.rb:28:in `block in call'
web-console (4.0.4) lib/web_console/middleware.rb:17:in `catch'
web-console (4.0.4) lib/web_console/middleware.rb:17:in `call'
actionpack (6.0.3.3) lib/action_dispatch/middleware/show_exceptions.rb:33:in `call'
railties (6.0.3.3) lib/rails/rack/logger.rb:37:in `call_app'
railties (6.0.3.3) lib/rails/rack/logger.rb:26:in `block in call'
activesupport (6.0.3.3) lib/active_support/tagged_logging.rb:80:in `block in tagged'
activesupport (6.0.3.3) lib/active_support/tagged_logging.rb:28:in `tagged'
activesupport (6.0.3.3) lib/active_support/tagged_logging.rb:80:in `tagged'
railties (6.0.3.3) lib/rails/rack/logger.rb:26:in `call'
sprockets-rails (3.2.2) lib/sprockets/rails/quiet_assets.rb:13:in `call'
actionpack (6.0.3.3) lib/action_dispatch/middleware/remote_ip.rb:81:in `call'
actionpack (6.0.3.3) lib/action_dispatch/middleware/request_id.rb:27:in `call'
rack (2.2.3) lib/rack/method_override.rb:24:in `call'
rack (2.2.3) lib/rack/runtime.rb:22:in `call'
activesupport (6.0.3.3) lib/active_support/cache/strategy/local_cache_middleware.rb:29:in `call'
actionpack (6.0.3.3) lib/action_dispatch/middleware/executor.rb:14:in `call'
actionpack (6.0.3.3) lib/action_dispatch/middleware/static.rb:126:in `call'
rack (2.2.3) lib/rack/sendfile.rb:110:in `call'
actionpack (6.0.3.3) lib/action_dispatch/middleware/host_authorization.rb:82:in `call'
webpacker (4.3.0) lib/webpacker/dev_server_proxy.rb:23:in `perform_request'
rack-proxy (0.6.5) lib/rack/proxy.rb:57:in `call'
railties (6.0.3.3) lib/rails/engine.rb:527:in `call'
puma (4.3.6) lib/puma/configuration.rb:228:in `call'
puma (4.3.6) lib/puma/server.rb:713:in `handle_request'
puma (4.3.6) lib/puma/server.rb:472:in `process_client'
puma (4.3.6) lib/puma/server.rb:328:in `block in run'
puma (4.3.6) lib/puma/thread_pool.rb:134:in `block in spawn_thread'
  [1m[35m (0.9ms)[0m  [1m[34mSELECT sqlite_version(*)[0m
  [1m[35m (0.5ms)[0m  [1m[34mSELECT "schema_migrations"."version" FROM "schema_migrations" ORDER BY "schema_migrations"."version" ASC[0m
Migrating to CreateSections (20200928015555)
  [1m[35m (0.1ms)[0m  [1m[36mbegin transaction[0m
  [1m[35m (0.6ms)[0m  [1m[35mCREATE TABLE "sections" ("id" integer PRIMARY KEY AUTOINCREMENT NOT NULL, "course_id" integer NOT NULL, "professor_id" integer NOT NULL, "year" integer, "semester_id" integer NOT NULL, "created_at" datetime(6) NOT NULL, "updated_at" datetime(6) NOT NULL, CONSTRAINT "fk_rails_20b1e5de46"
FOREIGN KEY ("course_id")
  REFERENCES "courses" ("id")
, CONSTRAINT "fk_rails_e34faa07d4"
FOREIGN KEY ("professor_id")
  REFERENCES "professors" ("id")
, CONSTRAINT "fk_rails_1356ba550a"
FOREIGN KEY ("semester_id")
  REFERENCES "semesters" ("id")
)[0m
  [1m[35m (0.1ms)[0m  [1m[31mrollback transaction[0m
Started GET "/students/new" for 127.0.0.1 at 2020-09-27 20:27:29 -0600
  [1m[35m (0.4ms)[0m  [1m[34mSELECT sqlite_version(*)[0m
  [1m[35m (0.3ms)[0m  [1m[34mSELECT "schema_migrations"."version" FROM "schema_migrations" ORDER BY "schema_migrations"."version" ASC[0m
  
ActiveRecord::PendingMigrationError (

Migrations are pending. To resolve this issue, run:

        rails db:migrate RAILS_ENV=development

):
  
activerecord (6.0.3.3) lib/active_record/migration.rb:586:in `check_pending!'
activerecord (6.0.3.3) lib/active_record/migration.rb:564:in `call'
actionpack (6.0.3.3) lib/action_dispatch/middleware/callbacks.rb:27:in `block in call'
activesupport (6.0.3.3) lib/active_support/callbacks.rb:101:in `run_callbacks'
actionpack (6.0.3.3) lib/action_dispatch/middleware/callbacks.rb:26:in `call'
actionpack (6.0.3.3) lib/action_dispatch/middleware/executor.rb:14:in `call'
actionpack (6.0.3.3) lib/action_dispatch/middleware/actionable_exceptions.rb:17:in `call'
actionpack (6.0.3.3) lib/action_dispatch/middleware/debug_exceptions.rb:32:in `call'
web-console (4.0.4) lib/web_console/middleware.rb:132:in `call_app'
web-console (4.0.4) lib/web_console/middleware.rb:28:in `block in call'
web-console (4.0.4) lib/web_console/middleware.rb:17:in `catch'
web-console (4.0.4) lib/web_console/middleware.rb:17:in `call'
actionpack (6.0.3.3) lib/action_dispatch/middleware/show_exceptions.rb:33:in `call'
railties (6.0.3.3) lib/rails/rack/logger.rb:37:in `call_app'
railties (6.0.3.3) lib/rails/rack/logger.rb:26:in `block in call'
activesupport (6.0.3.3) lib/active_support/tagged_logging.rb:80:in `block in tagged'
activesupport (6.0.3.3) lib/active_support/tagged_logging.rb:28:in `tagged'
activesupport (6.0.3.3) lib/active_support/tagged_logging.rb:80:in `tagged'
railties (6.0.3.3) lib/rails/rack/logger.rb:26:in `call'
sprockets-rails (3.2.2) lib/sprockets/rails/quiet_assets.rb:13:in `call'
actionpack (6.0.3.3) lib/action_dispatch/middleware/remote_ip.rb:81:in `call'
actionpack (6.0.3.3) lib/action_dispatch/middleware/request_id.rb:27:in `call'
rack (2.2.3) lib/rack/method_override.rb:24:in `call'
rack (2.2.3) lib/rack/runtime.rb:22:in `call'
activesupport (6.0.3.3) lib/active_support/cache/strategy/local_cache_middleware.rb:29:in `call'
actionpack (6.0.3.3) lib/action_dispatch/middleware/executor.rb:14:in `call'
actionpack (6.0.3.3) lib/action_dispatch/middleware/static.rb:126:in `call'
rack (2.2.3) lib/rack/sendfile.rb:110:in `call'
actionpack (6.0.3.3) lib/action_dispatch/middleware/host_authorization.rb:82:in `call'
webpacker (4.3.0) lib/webpacker/dev_server_proxy.rb:23:in `perform_request'
rack-proxy (0.6.5) lib/rack/proxy.rb:57:in `call'
railties (6.0.3.3) lib/rails/engine.rb:527:in `call'
puma (4.3.6) lib/puma/configuration.rb:228:in `call'
puma (4.3.6) lib/puma/server.rb:713:in `handle_request'
puma (4.3.6) lib/puma/server.rb:472:in `process_client'
puma (4.3.6) lib/puma/server.rb:328:in `block in run'
puma (4.3.6) lib/puma/thread_pool.rb:134:in `block in spawn_thread'
Started POST "/rails/actions" for 127.0.0.1 at 2020-09-27 20:27:33 -0600
  [1m[35m (0.1ms)[0m  [1m[34mSELECT "schema_migrations"."version" FROM "schema_migrations" ORDER BY "schema_migrations"."version" ASC[0m
Migrating to CreateSections (20200928015555)
  [1m[35m (0.3ms)[0m  [1m[36mbegin transaction[0m
  [1m[35m (0.7ms)[0m  [1m[35mCREATE TABLE "sections" ("id" integer PRIMARY KEY AUTOINCREMENT NOT NULL, "course_id" integer NOT NULL, "professor_id" integer NOT NULL, "year" integer, "semester_id" integer NOT NULL, "created_at" datetime(6) NOT NULL, "updated_at" datetime(6) NOT NULL, CONSTRAINT "fk_rails_20b1e5de46"
FOREIGN KEY ("course_id")
  REFERENCES "courses" ("id")
, CONSTRAINT "fk_rails_e34faa07d4"
FOREIGN KEY ("professor_id")
  REFERENCES "professors" ("id")
, CONSTRAINT "fk_rails_1356ba550a"
FOREIGN KEY ("semester_id")
  REFERENCES "semesters" ("id")
)[0m
  [1m[35m (0.1ms)[0m  [1m[31mrollback transaction[0m
  
StandardError (An error has occurred, this and all later migrations canceled:

SQLite3::SQLException: table "sections" already exists):
  
sqlite3 (1.4.2) lib/sqlite3/database.rb:147:in `initialize'
sqlite3 (1.4.2) lib/sqlite3/database.rb:147:in `new'
sqlite3 (1.4.2) lib/sqlite3/database.rb:147:in `prepare'
sqlite3 (1.4.2) lib/sqlite3/database.rb:193:in `execute'
activerecord (6.0.3.3) lib/active_record/connection_adapters/sqlite3/database_statements.rb:25:in `block (2 levels) in execute'
activesupport (6.0.3.3) lib/active_support/dependencies/interlock.rb:48:in `block in permit_concurrent_loads'
activesupport (6.0.3.3) lib/active_support/concurrency/share_lock.rb:187:in `yield_shares'
activesupport (6.0.3.3) lib/active_support/dependencies/interlock.rb:47:in `permit_concurrent_loads'
activerecord (6.0.3.3) lib/active_record/connection_adapters/sqlite3/database_statements.rb:24:in `block in execute'
activerecord (6.0.3.3) lib/active_record/connection_adapters/abstract_adapter.rb:722:in `block (2 levels) in log'
activesupport (6.0.3.3) lib/active_support/concurrency/load_interlock_aware_monitor.rb:26:in `block (2 levels) in synchronize'
activesupport (6.0.3.3) lib/active_support/concurrency/load_interlock_aware_monitor.rb:25:in `handle_interrupt'
activesupport (6.0.3.3) lib/active_support/concurrency/load_interlock_aware_monitor.rb:25:in `block in synchronize'
activesupport (6.0.3.3) lib/active_support/concurrency/load_interlock_aware_monitor.rb:21:in `handle_interrupt'
activesupport (6.0.3.3) lib/active_support/concurrency/load_interlock_aware_monitor.rb:21:in `synchronize'
activerecord (6.0.3.3) lib/active_record/connection_adapters/abstract_adapter.rb:721:in `block in log'
activesupport (6.0.3.3) lib/active_support/notifications/instrumenter.rb:24:in `instrument'
activerecord (6.0.3.3) lib/active_record/connection_adapters/abstract_adapter.rb:712:in `log'
activerecord (6.0.3.3) lib/active_record/connection_adapters/sqlite3/database_statements.rb:23:in `execute'
activerecord (6.0.3.3) lib/active_record/connection_adapters/abstract/schema_statements.rb:315:in `create_table'
activerecord (6.0.3.3) lib/active_record/migration.rb:890:in `block in method_missing'
activerecord (6.0.3.3) lib/active_record/migration.rb:858:in `block in say_with_time'
/Users/Jeremy/.rvm/rubies/ruby-2.7.0/lib/ruby/2.7.0/benchmark.rb:293:in `measure'
activerecord (6.0.3.3) lib/active_record/migration.rb:858:in `say_with_time'
activerecord (6.0.3.3) lib/active_record/migration.rb:879:in `method_missing'
db/migrate/20200928015555_create_sections.rb:3:in `change'
activerecord (6.0.3.3) lib/active_record/migration.rb:828:in `exec_migration'
activerecord (6.0.3.3) lib/active_record/migration.rb:812:in `block (2 levels) in migrate'
/Users/Jeremy/.rvm/rubies/ruby-2.7.0/lib/ruby/2.7.0/benchmark.rb:293:in `measure'
activerecord (6.0.3.3) lib/active_record/migration.rb:811:in `block in migrate'
activerecord (6.0.3.3) lib/active_record/connection_adapters/abstract/connection_pool.rb:471:in `with_connection'
activerecord (6.0.3.3) lib/active_record/migration.rb:810:in `migrate'
activerecord (6.0.3.3) lib/active_record/migration.rb:1002:in `migrate'
activerecord (6.0.3.3) lib/active_record/migration.rb:1310:in `block in execute_migration_in_transaction'
activerecord (6.0.3.3) lib/active_record/migration.rb:1361:in `block in ddl_transaction'
activerecord (6.0.3.3) lib/active_record/connection_adapters/abstract/database_statements.rb:280:in `block in transaction'
activerecord (6.0.3.3) lib/active_record/connection_adapters/abstract/transaction.rb:280:in `block in within_new_transaction'
activesupport (6.0.3.3) lib/active_support/concurrency/load_interlock_aware_monitor.rb:26:in `block (2 levels) in synchronize'
activesupport (6.0.3.3) lib/active_support/concurrency/load_interlock_aware_monitor.rb:25:in `handle_interrupt'
activesupport (6.0.3.3) lib/active_support/concurrency/load_interlock_aware_monitor.rb:25:in `block in synchronize'
activesupport (6.0.3.3) lib/active_support/concurrency/load_interlock_aware_monitor.rb:21:in `handle_interrupt'
activesupport (6.0.3.3) lib/active_support/concurrency/load_interlock_aware_monitor.rb:21:in `synchronize'
activerecord (6.0.3.3) lib/active_record/connection_adapters/abstract/transaction.rb:278:in `within_new_transaction'
activerecord (6.0.3.3) lib/active_record/connection_adapters/abstract/database_statements.rb:280:in `transaction'
activerecord (6.0.3.3) lib/active_record/transactions.rb:212:in `transaction'
activerecord (6.0.3.3) lib/active_record/migration.rb:1361:in `ddl_transaction'
activerecord (6.0.3.3) lib/active_record/migration.rb:1309:in `execute_migration_in_transaction'
activerecord (6.0.3.3) lib/active_record/migration.rb:1281:in `block in migrate_without_lock'
activerecord (6.0.3.3) lib/active_record/migration.rb:1280:in `each'
activerecord (6.0.3.3) lib/active_record/migration.rb:1280:in `migrate_without_lock'
activerecord (6.0.3.3) lib/active_record/migration.rb:1231:in `migrate'
activerecord (6.0.3.3) lib/active_record/migration.rb:1061:in `up'
activerecord (6.0.3.3) lib/active_record/migration.rb:1036:in `migrate'
activerecord (6.0.3.3) lib/active_record/tasks/database_tasks.rb:238:in `migrate'
activerecord (6.0.3.3) lib/active_record/migration.rb:135:in `block in <class:PendingMigrationError>'
activesupport (6.0.3.3) lib/active_support/actionable_error.rb:28:in `dispatch'
actionpack (6.0.3.3) lib/action_dispatch/middleware/actionable_exceptions.rb:19:in `call'
actionpack (6.0.3.3) lib/action_dispatch/middleware/debug_exceptions.rb:32:in `call'
web-console (4.0.4) lib/web_console/middleware.rb:132:in `call_app'
web-console (4.0.4) lib/web_console/middleware.rb:28:in `block in call'
web-console (4.0.4) lib/web_console/middleware.rb:17:in `catch'
web-console (4.0.4) lib/web_console/middleware.rb:17:in `call'
actionpack (6.0.3.3) lib/action_dispatch/middleware/show_exceptions.rb:33:in `call'
railties (6.0.3.3) lib/rails/rack/logger.rb:37:in `call_app'
railties (6.0.3.3) lib/rails/rack/logger.rb:26:in `block in call'
activesupport (6.0.3.3) lib/active_support/tagged_logging.rb:80:in `block in tagged'
activesupport (6.0.3.3) lib/active_support/tagged_logging.rb:28:in `tagged'
activesupport (6.0.3.3) lib/active_support/tagged_logging.rb:80:in `tagged'
railties (6.0.3.3) lib/rails/rack/logger.rb:26:in `call'
sprockets-rails (3.2.2) lib/sprockets/rails/quiet_assets.rb:13:in `call'
actionpack (6.0.3.3) lib/action_dispatch/middleware/remote_ip.rb:81:in `call'
actionpack (6.0.3.3) lib/action_dispatch/middleware/request_id.rb:27:in `call'
rack (2.2.3) lib/rack/method_override.rb:24:in `call'
rack (2.2.3) lib/rack/runtime.rb:22:in `call'
activesupport (6.0.3.3) lib/active_support/cache/strategy/local_cache_middleware.rb:29:in `call'
actionpack (6.0.3.3) lib/action_dispatch/middleware/executor.rb:14:in `call'
actionpack (6.0.3.3) lib/action_dispatch/middleware/static.rb:126:in `call'
rack (2.2.3) lib/rack/sendfile.rb:110:in `call'
actionpack (6.0.3.3) lib/action_dispatch/middleware/host_authorization.rb:82:in `call'
webpacker (4.3.0) lib/webpacker/dev_server_proxy.rb:23:in `perform_request'
rack-proxy (0.6.5) lib/rack/proxy.rb:57:in `call'
railties (6.0.3.3) lib/rails/engine.rb:527:in `call'
puma (4.3.6) lib/puma/configuration.rb:228:in `call'
puma (4.3.6) lib/puma/server.rb:713:in `handle_request'
puma (4.3.6) lib/puma/server.rb:472:in `process_client'
puma (4.3.6) lib/puma/server.rb:328:in `block in run'
puma (4.3.6) lib/puma/thread_pool.rb:134:in `block in spawn_thread'
  [1m[35m (1.8ms)[0m  [1m[34mSELECT sqlite_version(*)[0m
  [1m[35m (1.1ms)[0m  [1m[35mCREATE TABLE "schema_migrations" ("version" varchar NOT NULL PRIMARY KEY)[0m
  [1m[35m (1.0ms)[0m  [1m[35mCREATE TABLE "ar_internal_metadata" ("key" varchar NOT NULL PRIMARY KEY, "value" varchar, "created_at" datetime(6) NOT NULL, "updated_at" datetime(6) NOT NULL)[0m
  [1m[35m (0.1ms)[0m  [1m[34mSELECT "schema_migrations"."version" FROM "schema_migrations" ORDER BY "schema_migrations"."version" ASC[0m
Migrating to CreateSections (20200928015555)
  [1m[35m (0.1ms)[0m  [1m[36mbegin transaction[0m
  [1m[35m (0.4ms)[0m  [1m[35mCREATE TABLE "sections" ("id" integer PRIMARY KEY AUTOINCREMENT NOT NULL, "course_id" integer NOT NULL, "professor_id" integer NOT NULL, "year" integer, "semester_id" integer NOT NULL, "created_at" datetime(6) NOT NULL, "updated_at" datetime(6) NOT NULL, CONSTRAINT "fk_rails_20b1e5de46"
FOREIGN KEY ("course_id")
  REFERENCES "courses" ("id")
, CONSTRAINT "fk_rails_e34faa07d4"
FOREIGN KEY ("professor_id")
  REFERENCES "professors" ("id")
, CONSTRAINT "fk_rails_1356ba550a"
FOREIGN KEY ("semester_id")
  REFERENCES "semesters" ("id")
)[0m
  [1m[35m (0.1ms)[0m  [1m[35mCREATE  INDEX "index_sections_on_course_id" ON "sections" ("course_id")[0m
  [1m[35m (0.1ms)[0m  [1m[35mCREATE  INDEX "index_sections_on_professor_id" ON "sections" ("professor_id")[0m
  [1m[35m (0.1ms)[0m  [1m[35mCREATE  INDEX "index_sections_on_semester_id" ON "sections" ("semester_id")[0m
  [1m[36mprimary::SchemaMigration Create (0.1ms)[0m  [1m[32mINSERT INTO "schema_migrations" ("version") VALUES (?)[0m  [["version", "20200928015555"]]
  [1m[35m (0.7ms)[0m  [1m[36mcommit transaction[0m
Migrating to CreateProfessors (20200928020425)
  [1m[35m (0.1ms)[0m  [1m[36mbegin transaction[0m
  [1m[35m (0.4ms)[0m  [1m[35mCREATE TABLE "professors" ("id" integer PRIMARY KEY AUTOINCREMENT NOT NULL, "name" varchar, "office" varchar, "created_at" datetime(6) NOT NULL, "updated_at" datetime(6) NOT NULL)[0m
  [1m[36mprimary::SchemaMigration Create (0.7ms)[0m  [1m[32mINSERT INTO "schema_migrations" ("version") VALUES (?)[0m  [["version", "20200928020425"]]
  [1m[35m (1.0ms)[0m  [1m[36mcommit transaction[0m
Migrating to CreateCourses (20200928020527)
  [1m[35m (0.1ms)[0m  [1m[36mbegin transaction[0m
  [1m[35m (0.4ms)[0m  [1m[35mCREATE TABLE "courses" ("id" integer PRIMARY KEY AUTOINCREMENT NOT NULL, "department_id" integer NOT NULL, "number" integer, "hours" integer, "created_at" datetime(6) NOT NULL, "updated_at" datetime(6) NOT NULL, CONSTRAINT "fk_rails_4e7d7b190d"
FOREIGN KEY ("department_id")
  REFERENCES "departments" ("id")
)[0m
  [1m[35m (0.1ms)[0m  [1m[35mCREATE  INDEX "index_courses_on_department_id" ON "courses" ("department_id")[0m
  [1m[36mprimary::SchemaMigration Create (0.1ms)[0m  [1m[32mINSERT INTO "schema_migrations" ("version") VALUES (?)[0m  [["version", "20200928020527"]]
  [1m[35m (0.7ms)[0m  [1m[36mcommit transaction[0m
Migrating to CreateSemesters (20200928020634)
  [1m[35m (0.1ms)[0m  [1m[36mbegin transaction[0m
  [1m[35m (0.9ms)[0m  [1m[35mCREATE TABLE "semesters" ("id" integer PRIMARY KEY AUTOINCREMENT NOT NULL, "semester" varchar, "created_at" datetime(6) NOT NULL, "updated_at" datetime(6) NOT NULL)[0m
  [1m[36mprimary::SchemaMigration Create (1.0ms)[0m  [1m[32mINSERT INTO "schema_migrations" ("version") VALUES (?)[0m  [["version", "20200928020634"]]
  [1m[35m (0.8ms)[0m  [1m[36mcommit transaction[0m
Migrating to CreateDepartments (20200928020747)
  [1m[35m (0.1ms)[0m  [1m[36mbegin transaction[0m
  [1m[35m (0.7ms)[0m  [1m[35mCREATE TABLE "departments" ("id" integer PRIMARY KEY AUTOINCREMENT NOT NULL, "name" varchar, "created_at" datetime(6) NOT NULL, "updated_at" datetime(6) NOT NULL)[0m
  [1m[36mprimary::SchemaMigration Create (0.2ms)[0m  [1m[32mINSERT INTO "schema_migrations" ("version") VALUES (?)[0m  [["version", "20200928020747"]]
  [1m[35m (0.8ms)[0m  [1m[36mcommit transaction[0m
Migrating to CreateStudents (20200928020918)
  [1m[35m (0.1ms)[0m  [1m[36mbegin transaction[0m
  [1m[35m (0.6ms)[0m  [1m[35mCREATE TABLE "students" ("id" integer PRIMARY KEY AUTOINCREMENT NOT NULL, "name" varchar, "identifier" integer, "created_at" datetime(6) NOT NULL, "updated_at" datetime(6) NOT NULL)[0m
  [1m[36mprimary::SchemaMigration Create (0.2ms)[0m  [1m[32mINSERT INTO "schema_migrations" ("version") VALUES (?)[0m  [["version", "20200928020918"]]
  [1m[35m (0.9ms)[0m  [1m[36mcommit transaction[0m
Migrating to CreateSectionsStudents (20200928021038)
  [1m[35m (0.1ms)[0m  [1m[36mbegin transaction[0m
  [1m[35m (1.0ms)[0m  [1m[35mCREATE TABLE "sections_students" ("id" integer PRIMARY KEY AUTOINCREMENT NOT NULL, "student_id" integer NOT NULL, "section_id" integer NOT NULL, "created_at" datetime(6) NOT NULL, "updated_at" datetime(6) NOT NULL, CONSTRAINT "fk_rails_5572d5c438"
FOREIGN KEY ("student_id")
  REFERENCES "students" ("id")
, CONSTRAINT "fk_rails_c5cbf7b206"
FOREIGN KEY ("section_id")
  REFERENCES "sections" ("id")
)[0m
  [1m[35m (0.2ms)[0m  [1m[35mCREATE  INDEX "index_sections_students_on_student_id" ON "sections_students" ("student_id")[0m
  [1m[35m (0.2ms)[0m  [1m[35mCREATE  INDEX "index_sections_students_on_section_id" ON "sections_students" ("section_id")[0m
  [1m[36mprimary::SchemaMigration Create (0.2ms)[0m  [1m[32mINSERT INTO "schema_migrations" ("version") VALUES (?)[0m  [["version", "20200928021038"]]
  [1m[35m (1.1ms)[0m  [1m[36mcommit transaction[0m
  [1m[36mActiveRecord::InternalMetadata Load (0.2ms)[0m  [1m[34mSELECT "ar_internal_metadata".* FROM "ar_internal_metadata" WHERE "ar_internal_metadata"."key" = ? LIMIT ?[0m  [["key", "environment"], ["LIMIT", 1]]
  [1m[35m (0.1ms)[0m  [1m[36mbegin transaction[0m
  [1m[36mActiveRecord::InternalMetadata Create (0.5ms)[0m  [1m[32mINSERT INTO "ar_internal_metadata" ("key", "value", "created_at", "updated_at") VALUES (?, ?, ?, ?)[0m  [["key", "environment"], ["value", "development"], ["created_at", "2020-09-28 02:29:00.930941"], ["updated_at", "2020-09-28 02:29:00.930941"]]
  [1m[35m (0.7ms)[0m  [1m[36mcommit transaction[0m
  [1m[35m (0.0ms)[0m  [1m[34mSELECT sqlite_version(*)[0m
  [1m[35m (0.1ms)[0m  [1m[34mSELECT "schema_migrations"."version" FROM "schema_migrations" ORDER BY "schema_migrations"."version" ASC[0m
Started GET "/students/new" for 127.0.0.1 at 2020-09-27 20:29:12 -0600
  [1m[35m (0.1ms)[0m  [1m[34mSELECT sqlite_version(*)[0m
  [1m[35m (0.3ms)[0m  [1m[34mSELECT "schema_migrations"."version" FROM "schema_migrations" ORDER BY "schema_migrations"."version" ASC[0m
Processing by StudentsController#new as HTML
  Rendering students/new.html.erb within layouts/application
  [1m[36mSection Load (0.3ms)[0m  [1m[34mSELECT "sections".* FROM "sections"[0m
  â†³ app/views/students/_form.html.erb:26
  Rendered students/_form.html.erb (Duration: 16.2ms | Allocations: 4304)
  Rendered students/new.html.erb within layouts/application (Duration: 18.3ms | Allocations: 4641)
[Webpacker] Everything's up-to-date. Nothing to do
Completed 200 OK in 191ms (Views: 150.0ms | ActiveRecord: 1.7ms | Allocations: 40119)


Started GET "/" for 127.0.0.1 at 2020-09-27 20:29:27 -0600
Processing by SectionsController#index as HTML
  Rendering sections/index.html.erb within layouts/application
  [1m[36mSection Load (0.2ms)[0m  [1m[34mSELECT "sections".* FROM "sections"[0m
  â†³ app/views/sections/index.html.erb:17
  Rendered sections/index.html.erb within layouts/application (Duration: 8.7ms | Allocations: 936)
[Webpacker] Everything's up-to-date. Nothing to do
Completed 200 OK in 35ms (Views: 33.0ms | ActiveRecord: 0.2ms | Allocations: 5729)


Started GET "/sections/new" for 127.0.0.1 at 2020-09-27 20:29:30 -0600
Processing by SectionsController#new as HTML
  Rendering sections/new.html.erb within layouts/application
  [1m[36mCourse Load (0.3ms)[0m  [1m[34mSELECT "courses".* FROM "courses"[0m
  â†³ app/views/sections/_form.html.erb:16
  [1m[36mProfessor Load (0.4ms)[0m  [1m[34mSELECT "professors".* FROM "professors"[0m
  â†³ app/views/sections/_form.html.erb:21
  [1m[36mSemester Load (0.2ms)[0m  [1m[34mSELECT "semesters".* FROM "semesters"[0m
  â†³ app/views/sections/_form.html.erb:31
  [1m[36mStudent Load (0.1ms)[0m  [1m[34mSELECT "students".* FROM "students"[0m
  â†³ app/views/sections/_form.html.erb:36
  Rendered sections/_form.html.erb (Duration: 22.8ms | Allocations: 7611)
  Rendered sections/new.html.erb within layouts/application (Duration: 24.2ms | Allocations: 7936)
[Webpacker] Everything's up-to-date. Nothing to do
Completed 200 OK in 43ms (Views: 29.0ms | ActiveRecord: 3.1ms | Allocations: 15766)


Started GET "/courses/new" for 127.0.0.1 at 2020-09-27 20:29:43 -0600
Processing by CoursesController#new as HTML
  Rendering courses/new.html.erb within layouts/application
  [1m[36mDepartment Load (0.5ms)[0m  [1m[34mSELECT "departments".* FROM "departments"[0m
  â†³ app/views/courses/_form.html.erb:16
  Rendered courses/_form.html.erb (Duration: 10.5ms | Allocations: 2989)
  Rendered courses/new.html.erb within layouts/application (Duration: 12.0ms | Allocations: 3311)
[Webpacker] Everything's up-to-date. Nothing to do
Completed 200 OK in 32ms (Views: 18.8ms | ActiveRecord: 1.3ms | Allocations: 11011)


Started GET "/department/new" for 127.0.0.1 at 2020-09-27 20:29:56 -0600
  
ActionController::RoutingError (No route matches [GET] "/department/new"):
  
actionpack (6.0.3.3) lib/action_dispatch/middleware/debug_exceptions.rb:36:in `call'
web-console (4.0.4) lib/web_console/middleware.rb:132:in `call_app'
web-console (4.0.4) lib/web_console/middleware.rb:28:in `block in call'
web-console (4.0.4) lib/web_console/middleware.rb:17:in `catch'
web-console (4.0.4) lib/web_console/middleware.rb:17:in `call'
actionpack (6.0.3.3) lib/action_dispatch/middleware/show_exceptions.rb:33:in `call'
railties (6.0.3.3) lib/rails/rack/logger.rb:37:in `call_app'
railties (6.0.3.3) lib/rails/rack/logger.rb:26:in `block in call'
activesupport (6.0.3.3) lib/active_support/tagged_logging.rb:80:in `block in tagged'
activesupport (6.0.3.3) lib/active_support/tagged_logging.rb:28:in `tagged'
activesupport (6.0.3.3) lib/active_support/tagged_logging.rb:80:in `tagged'
railties (6.0.3.3) lib/rails/rack/logger.rb:26:in `call'
sprockets-rails (3.2.2) lib/sprockets/rails/quiet_assets.rb:13:in `call'
actionpack (6.0.3.3) lib/action_dispatch/middleware/remote_ip.rb:81:in `call'
actionpack (6.0.3.3) lib/action_dispatch/middleware/request_id.rb:27:in `call'
rack (2.2.3) lib/rack/method_override.rb:24:in `call'
rack (2.2.3) lib/rack/runtime.rb:22:in `call'
activesupport (6.0.3.3) lib/active_support/cache/strategy/local_cache_middleware.rb:29:in `call'
actionpack (6.0.3.3) lib/action_dispatch/middleware/executor.rb:14:in `call'
actionpack (6.0.3.3) lib/action_dispatch/middleware/static.rb:126:in `call'
rack (2.2.3) lib/rack/sendfile.rb:110:in `call'
actionpack (6.0.3.3) lib/action_dispatch/middleware/host_authorization.rb:82:in `call'
webpacker (4.3.0) lib/webpacker/dev_server_proxy.rb:23:in `perform_request'
rack-proxy (0.6.5) lib/rack/proxy.rb:57:in `call'
railties (6.0.3.3) lib/rails/engine.rb:527:in `call'
puma (4.3.6) lib/puma/configuration.rb:228:in `call'
puma (4.3.6) lib/puma/server.rb:713:in `handle_request'
puma (4.3.6) lib/puma/server.rb:472:in `process_client'
puma (4.3.6) lib/puma/server.rb:328:in `block in run'
puma (4.3.6) lib/puma/thread_pool.rb:134:in `block in spawn_thread'
Started GET "/departments/new" for 127.0.0.1 at 2020-09-27 20:30:02 -0600
Processing by DepartmentsController#new as HTML
  Rendering departments/new.html.erb within layouts/application
  Rendered departments/_form.html.erb (Duration: 4.5ms | Allocations: 871)
  Rendered departments/new.html.erb within layouts/application (Duration: 7.9ms | Allocations: 1194)
[Webpacker] Everything's up-to-date. Nothing to do
Completed 200 OK in 27ms (Views: 20.2ms | ActiveRecord: 0.4ms | Allocations: 7915)


  [1m[35m (0.8ms)[0m  [1m[34mSELECT sqlite_version(*)[0m
  [1m[35m (0.2ms)[0m  [1m[34mSELECT "schema_migrations"."version" FROM "schema_migrations" ORDER BY "schema_migrations"."version" ASC[0m
  [1m[35m (0.1ms)[0m  [1m[34mSELECT sqlite_version(*)[0m
  [1m[36mDepartment Load (0.1ms)[0m  [1m[34mSELECT "departments".* FROM "departments"[0m
  [1m[36mSemester Load (0.1ms)[0m  [1m[34mSELECT "semesters".* FROM "semesters"[0m
  [1m[36mProfessor Load (0.1ms)[0m  [1m[34mSELECT "professors".* FROM "professors"[0m
  [1m[36mStudent Load (0.1ms)[0m  [1m[34mSELECT "students".* FROM "students"[0m
  [1m[35m (0.1ms)[0m  [1m[36mbegin transaction[0m
  [1m[36mSemester Create (0.9ms)[0m  [1m[32mINSERT INTO "semesters" ("semester", "created_at", "updated_at") VALUES (?, ?, ?)[0m  [["semester", "Spring"], ["created_at", "2020-09-28 02:30:30.203963"], ["updated_at", "2020-09-28 02:30:30.203963"]]
  [1m[35m (1.0ms)[0m  [1m[36mcommit transaction[0m
  [1m[35m (0.1ms)[0m  [1m[36mbegin transaction[0m
  [1m[36mSemester Create (0.5ms)[0m  [1m[32mINSERT INTO "semesters" ("semester", "created_at", "updated_at") VALUES (?, ?, ?)[0m  [["semester", "Summer"], ["created_at", "2020-09-28 02:30:30.211674"], ["updated_at", "2020-09-28 02:30:30.211674"]]
  [1m[35m (0.8ms)[0m  [1m[36mcommit transaction[0m
  [1m[35m (0.1ms)[0m  [1m[36mbegin transaction[0m
  [1m[36mSemester Create (0.5ms)[0m  [1m[32mINSERT INTO "semesters" ("semester", "created_at", "updated_at") VALUES (?, ?, ?)[0m  [["semester", "Fall"], ["created_at", "2020-09-28 02:30:30.218048"], ["updated_at", "2020-09-28 02:30:30.218048"]]
  [1m[35m (0.9ms)[0m  [1m[36mcommit transaction[0m
  [1m[35m (0.0ms)[0m  [1m[36mbegin transaction[0m
  [1m[36mDepartment Create (0.3ms)[0m  [1m[32mINSERT INTO "departments" ("name", "created_at", "updated_at") VALUES (?, ?, ?)[0m  [["name", "CS"], ["created_at", "2020-09-28 02:30:30.227255"], ["updated_at", "2020-09-28 02:30:30.227255"]]
  [1m[35m (0.8ms)[0m  [1m[36mcommit transaction[0m
  [1m[35m (0.0ms)[0m  [1m[36mbegin transaction[0m
  [1m[36mDepartment Create (0.3ms)[0m  [1m[32mINSERT INTO "departments" ("name", "created_at", "updated_at") VALUES (?, ?, ?)[0m  [["name", "Math"], ["created_at", "2020-09-28 02:30:30.231296"], ["updated_at", "2020-09-28 02:30:30.231296"]]
  [1m[35m (0.7ms)[0m  [1m[36mcommit transaction[0m
  [1m[35m (0.0ms)[0m  [1m[36mbegin transaction[0m
  [1m[36mDepartment Create (0.3ms)[0m  [1m[32mINSERT INTO "departments" ("name", "created_at", "updated_at") VALUES (?, ?, ?)[0m  [["name", "Physics"], ["created_at", "2020-09-28 02:30:30.235157"], ["updated_at", "2020-09-28 02:30:30.235157"]]
  [1m[35m (0.6ms)[0m  [1m[36mcommit transaction[0m
  [1m[35m (0.0ms)[0m  [1m[36mbegin transaction[0m
  [1m[36mProfessor Create (0.4ms)[0m  [1m[32mINSERT INTO "professors" ("name", "office", "created_at", "updated_at") VALUES (?, ?, ?, ?)[0m  [["name", "John Smith"], ["office", "SCIENCE"], ["created_at", "2020-09-28 02:30:30.242548"], ["updated_at", "2020-09-28 02:30:30.242548"]]
  [1m[35m (0.7ms)[0m  [1m[36mcommit transaction[0m
  [1m[35m (0.0ms)[0m  [1m[36mbegin transaction[0m
  [1m[36mProfessor Create (0.3ms)[0m  [1m[32mINSERT INTO "professors" ("name", "office", "created_at", "updated_at") VALUES (?, ?, ?, ?)[0m  [["name", "Jane Doe"], ["office", "CENTRAL"], ["created_at", "2020-09-28 02:30:30.246584"], ["updated_at", "2020-09-28 02:30:30.246584"]]
  [1m[35m (0.7ms)[0m  [1m[36mcommit transaction[0m
  [1m[35m (0.1ms)[0m  [1m[36mbegin transaction[0m
  [1m[36mStudent Create (0.4ms)[0m  [1m[32mINSERT INTO "students" ("name", "identifier", "created_at", "updated_at") VALUES (?, ?, ?, ?)[0m  [["name", "Timmy Tom"], ["identifier", 900110234], ["created_at", "2020-09-28 02:30:30.257399"], ["updated_at", "2020-09-28 02:30:30.257399"]]
  [1m[35m (0.9ms)[0m  [1m[36mcommit transaction[0m
  [1m[35m (0.1ms)[0m  [1m[36mbegin transaction[0m
  [1m[36mStudent Create (0.5ms)[0m  [1m[32mINSERT INTO "students" ("name", "identifier", "created_at", "updated_at") VALUES (?, ?, ?, ?)[0m  [["name", "Sally Sill"], ["identifier", 900999333], ["created_at", "2020-09-28 02:30:30.263458"], ["updated_at", "2020-09-28 02:30:30.263458"]]
  [1m[35m (0.8ms)[0m  [1m[36mcommit transaction[0m
  [1m[35m (0.1ms)[0m  [1m[36mbegin transaction[0m
  [1m[36mDepartment Load (0.1ms)[0m  [1m[34mSELECT "departments".* FROM "departments" WHERE "departments"."id" = ? LIMIT ?[0m  [["id", 1], ["LIMIT", 1]]
  [1m[36mCourse Create (0.8ms)[0m  [1m[32mINSERT INTO "courses" ("department_id", "number", "hours", "created_at", "updated_at") VALUES (?, ?, ?, ?, ?)[0m  [["department_id", 1], ["number", 1010], ["hours", 4], ["created_at", "2020-09-28 02:30:30.287095"], ["updated_at", "2020-09-28 02:30:30.287095"]]
  [1m[35m (0.8ms)[0m  [1m[36mcommit transaction[0m
  [1m[35m (0.0ms)[0m  [1m[36mbegin transaction[0m
  [1m[36mDepartment Load (0.1ms)[0m  [1m[34mSELECT "departments".* FROM "departments" WHERE "departments"."id" = ? LIMIT ?[0m  [["id", 2], ["LIMIT", 1]]
  [1m[36mCourse Create (0.3ms)[0m  [1m[32mINSERT INTO "courses" ("department_id", "number", "hours", "created_at", "updated_at") VALUES (?, ?, ?, ?, ?)[0m  [["department_id", 2], ["number", 2010], ["hours", 3], ["created_at", "2020-09-28 02:30:30.293171"], ["updated_at", "2020-09-28 02:30:30.293171"]]
  [1m[35m (0.8ms)[0m  [1m[36mcommit transaction[0m
  [1m[35m (0.0ms)[0m  [1m[36mbegin transaction[0m
  [1m[36mCourse Load (0.2ms)[0m  [1m[34mSELECT "courses".* FROM "courses" WHERE "courses"."id" = ? LIMIT ?[0m  [["id", 1], ["LIMIT", 1]]
  [1m[36mProfessor Load (0.2ms)[0m  [1m[34mSELECT "professors".* FROM "professors" WHERE "professors"."id" = ? LIMIT ?[0m  [["id", 1], ["LIMIT", 1]]
  [1m[36mSemester Load (0.2ms)[0m  [1m[34mSELECT "semesters".* FROM "semesters" WHERE "semesters"."id" = ? LIMIT ?[0m  [["id", 1], ["LIMIT", 1]]
  [1m[36mSection Create (2.7ms)[0m  [1m[32mINSERT INTO "sections" ("course_id", "professor_id", "year", "semester_id", "created_at", "updated_at") VALUES (?, ?, ?, ?, ?, ?)[0m  [["course_id", 1], ["professor_id", 1], ["year", 2020], ["semester_id", 1], ["created_at", "2020-09-28 02:30:30.319471"], ["updated_at", "2020-09-28 02:30:30.319471"]]
  [1m[35m (0.7ms)[0m  [1m[36mcommit transaction[0m
Started GET "/departments/new" for 127.0.0.1 at 2020-09-27 20:30:37 -0600
Processing by DepartmentsController#new as HTML
  Rendering departments/new.html.erb within layouts/application
  Rendered departments/_form.html.erb (Duration: 1.4ms | Allocations: 503)
  Rendered departments/new.html.erb within layouts/application (Duration: 1.9ms | Allocations: 585)
[Webpacker] Everything's up-to-date. Nothing to do
Completed 200 OK in 11ms (Views: 10.1ms | ActiveRecord: 0.0ms | Allocations: 4737)


Started GET "/" for 127.0.0.1 at 2020-09-27 20:30:43 -0600
Processing by SectionsController#index as HTML
  Rendering sections/index.html.erb within layouts/application
  [1m[36mSection Load (0.2ms)[0m  [1m[34mSELECT "sections".* FROM "sections"[0m
  â†³ app/views/sections/index.html.erb:17
  [1m[36mCourse Load (0.4ms)[0m  [1m[34mSELECT "courses".* FROM "courses" WHERE "courses"."id" = ? LIMIT ?[0m  [["id", 1], ["LIMIT", 1]]
  â†³ app/views/sections/index.html.erb:19
  [1m[36mProfessor Load (0.2ms)[0m  [1m[34mSELECT "professors".* FROM "professors" WHERE "professors"."id" = ? LIMIT ?[0m  [["id", 1], ["LIMIT", 1]]
  â†³ app/views/sections/index.html.erb:20
  [1m[36mSemester Load (0.2ms)[0m  [1m[34mSELECT "semesters".* FROM "semesters" WHERE "semesters"."id" = ? LIMIT ?[0m  [["id", 1], ["LIMIT", 1]]
  â†³ app/views/sections/index.html.erb:22
  Rendered sections/index.html.erb within layouts/application (Duration: 50.6ms | Allocations: 13661)
[Webpacker] Everything's up-to-date. Nothing to do
Completed 200 OK in 58ms (Views: 54.8ms | ActiveRecord: 2.3ms | Allocations: 17705)


Started GET "/dogs" for 127.0.0.1 at 2020-10-06 15:12:04 -0600
  [1m[35m (1.3ms)[0m  [1m[34mSELECT sqlite_version(*)[0m
  [1m[35m (1.5ms)[0m  [1m[34mSELECT "schema_migrations"."version" FROM "schema_migrations" ORDER BY "schema_migrations"."version" ASC[0m
  
ActionController::RoutingError (No route matches [GET] "/dogs"):
  
actionpack (6.0.3.3) lib/action_dispatch/middleware/debug_exceptions.rb:36:in `call'
web-console (4.0.4) lib/web_console/middleware.rb:132:in `call_app'
web-console (4.0.4) lib/web_console/middleware.rb:28:in `block in call'
web-console (4.0.4) lib/web_console/middleware.rb:17:in `catch'
web-console (4.0.4) lib/web_console/middleware.rb:17:in `call'
actionpack (6.0.3.3) lib/action_dispatch/middleware/show_exceptions.rb:33:in `call'
railties (6.0.3.3) lib/rails/rack/logger.rb:37:in `call_app'
railties (6.0.3.3) lib/rails/rack/logger.rb:26:in `block in call'
activesupport (6.0.3.3) lib/active_support/tagged_logging.rb:80:in `block in tagged'
activesupport (6.0.3.3) lib/active_support/tagged_logging.rb:28:in `tagged'
activesupport (6.0.3.3) lib/active_support/tagged_logging.rb:80:in `tagged'
railties (6.0.3.3) lib/rails/rack/logger.rb:26:in `call'
sprockets-rails (3.2.2) lib/sprockets/rails/quiet_assets.rb:13:in `call'
actionpack (6.0.3.3) lib/action_dispatch/middleware/remote_ip.rb:81:in `call'
actionpack (6.0.3.3) lib/action_dispatch/middleware/request_id.rb:27:in `call'
rack (2.2.3) lib/rack/method_override.rb:24:in `call'
rack (2.2.3) lib/rack/runtime.rb:22:in `call'
activesupport (6.0.3.3) lib/active_support/cache/strategy/local_cache_middleware.rb:29:in `call'
actionpack (6.0.3.3) lib/action_dispatch/middleware/executor.rb:14:in `call'
actionpack (6.0.3.3) lib/action_dispatch/middleware/static.rb:126:in `call'
rack (2.2.3) lib/rack/sendfile.rb:110:in `call'
actionpack (6.0.3.3) lib/action_dispatch/middleware/host_authorization.rb:82:in `call'
webpacker (4.3.0) lib/webpacker/dev_server_proxy.rb:23:in `perform_request'
rack-proxy (0.6.5) lib/rack/proxy.rb:57:in `call'
railties (6.0.3.3) lib/rails/engine.rb:527:in `call'
puma (4.3.6) lib/puma/configuration.rb:228:in `call'
puma (4.3.6) lib/puma/server.rb:713:in `handle_request'
puma (4.3.6) lib/puma/server.rb:472:in `process_client'
puma (4.3.6) lib/puma/server.rb:328:in `block in run'
puma (4.3.6) lib/puma/thread_pool.rb:134:in `block in spawn_thread'
Started GET "/" for 127.0.0.1 at 2020-10-06 15:12:22 -0600
Processing by SectionsController#index as HTML
  Rendering sections/index.html.erb within layouts/application
  [1m[36mSection Load (1.8ms)[0m  [1m[34mSELECT "sections".* FROM "sections"[0m
  â†³ app/views/sections/index.html.erb:17
  Rendered sections/index.html.erb within layouts/application (Duration: 21.6ms | Allocations: 7839)
Completed 500 Internal Server Error in 38ms (ActiveRecord: 2.6ms | Allocations: 12221)


  
ActionView::Template::Error (The provided regular expression is using multiline anchors (^ or $), which may present a security risk. Did you mean to use \A and \z, or forgot to add the :multiline => true option?):
    16:   <tbody>
    17:     <% @sections.each do |section| %>
    18:       <tr>
    19:         <td><%= section.course.number %></td>
    20:         <td><%= section.professor.name %></td>
    21:         <td><%= section.year %></td>
    22:         <td><%= section.semester.semester%></td>
  
app/models/course.rb:4:in `<class:Course>'
app/models/course.rb:1:in `<main>'
app/views/sections/index.html.erb:19
app/views/sections/index.html.erb:17
Started GET "/" for 127.0.0.1 at 2020-10-06 15:16:45 -0600
  [1m[35m (0.1ms)[0m  [1m[34mSELECT sqlite_version(*)[0m
Processing by SectionsController#index as HTML
  Rendering sections/index.html.erb within layouts/application
  [1m[36mSection Load (0.7ms)[0m  [1m[34mSELECT "sections".* FROM "sections"[0m
  â†³ app/views/sections/index.html.erb:17
  Rendered sections/index.html.erb within layouts/application (Duration: 17.1ms | Allocations: 6459)
Completed 500 Internal Server Error in 26ms (ActiveRecord: 1.3ms | Allocations: 9255)


  
ActionView::Template::Error (Either :with or :without must be supplied (but not both)):
    16:   <tbody>
    17:     <% @sections.each do |section| %>
    18:       <tr>
    19:         <td><%= section.course.number %></td>
    20:         <td><%= section.professor.name %></td>
    21:         <td><%= section.year %></td>
    22:         <td><%= section.semester.semester%></td>
  
app/models/course.rb:4:in `<class:Course>'
app/models/course.rb:1:in `<main>'
app/views/sections/index.html.erb:19
app/views/sections/index.html.erb:17
Started GET "/" for 127.0.0.1 at 2020-10-06 15:17:09 -0600
Processing by SectionsController#index as HTML
  Rendering sections/index.html.erb within layouts/application
  [1m[36mSection Load (0.2ms)[0m  [1m[34mSELECT "sections".* FROM "sections"[0m
  â†³ app/views/sections/index.html.erb:17
  Rendered sections/index.html.erb within layouts/application (Duration: 2.9ms | Allocations: 2226)
Completed 500 Internal Server Error in 4ms (ActiveRecord: 0.2ms | Allocations: 2568)


  
ActionView::Template::Error (Either :with or :without must be supplied (but not both)):
    16:   <tbody>
    17:     <% @sections.each do |section| %>
    18:       <tr>
    19:         <td><%= section.course.number %></td>
    20:         <td><%= section.professor.name %></td>
    21:         <td><%= section.year %></td>
    22:         <td><%= section.semester.semester%></td>
  
app/models/course.rb:4:in `<class:Course>'
app/models/course.rb:1:in `<main>'
app/views/sections/index.html.erb:19
app/views/sections/index.html.erb:17
Started GET "/" for 127.0.0.1 at 2020-10-06 15:18:55 -0600
  [1m[35m (0.1ms)[0m  [1m[34mSELECT sqlite_version(*)[0m
Processing by SectionsController#index as HTML
  Rendering sections/index.html.erb within layouts/application
  [1m[36mSection Load (0.9ms)[0m  [1m[34mSELECT "sections".* FROM "sections"[0m
  â†³ app/views/sections/index.html.erb:17
  [1m[36mCourse Load (0.6ms)[0m  [1m[34mSELECT "courses".* FROM "courses" WHERE "courses"."id" = ? LIMIT ?[0m  [["id", 1], ["LIMIT", 1]]
  â†³ app/views/sections/index.html.erb:19
  [1m[36mProfessor Load (0.5ms)[0m  [1m[34mSELECT "professors".* FROM "professors" WHERE "professors"."id" = ? LIMIT ?[0m  [["id", 1], ["LIMIT", 1]]
  â†³ app/views/sections/index.html.erb:20
  [1m[36mSemester Load (0.5ms)[0m  [1m[34mSELECT "semesters".* FROM "semesters" WHERE "semesters"."id" = ? LIMIT ?[0m  [["id", 1], ["LIMIT", 1]]
  â†³ app/views/sections/index.html.erb:22
  Rendered sections/index.html.erb within layouts/application (Duration: 47.1ms | Allocations: 20128)
[Webpacker] Everything's up-to-date. Nothing to do
Completed 200 OK in 92ms (Views: 81.3ms | ActiveRecord: 5.1ms | Allocations: 30438)


Started GET "/" for 127.0.0.1 at 2020-10-06 15:19:01 -0600
Processing by SectionsController#index as HTML
  Rendering sections/index.html.erb within layouts/application
  [1m[36mSection Load (0.1ms)[0m  [1m[34mSELECT "sections".* FROM "sections"[0m
  â†³ app/views/sections/index.html.erb:17
  [1m[36mCourse Load (0.1ms)[0m  [1m[34mSELECT "courses".* FROM "courses" WHERE "courses"."id" = ? LIMIT ?[0m  [["id", 1], ["LIMIT", 1]]
  â†³ app/views/sections/index.html.erb:19
  [1m[36mProfessor Load (0.1ms)[0m  [1m[34mSELECT "professors".* FROM "professors" WHERE "professors"."id" = ? LIMIT ?[0m  [["id", 1], ["LIMIT", 1]]
  â†³ app/views/sections/index.html.erb:20
  [1m[36mSemester Load (0.1ms)[0m  [1m[34mSELECT "semesters".* FROM "semesters" WHERE "semesters"."id" = ? LIMIT ?[0m  [["id", 1], ["LIMIT", 1]]
  â†³ app/views/sections/index.html.erb:22
  Rendered sections/index.html.erb within layouts/application (Duration: 5.5ms | Allocations: 2949)
[Webpacker] Everything's up-to-date. Nothing to do
Completed 200 OK in 17ms (Views: 16.0ms | ActiveRecord: 0.5ms | Allocations: 7095)


Started GET "/courses" for 127.0.0.1 at 2020-10-06 15:19:02 -0600
Processing by CoursesController#index as HTML
  Rendering courses/index.html.erb within layouts/application
  [1m[36mCourse Load (0.2ms)[0m  [1m[34mSELECT "courses".* FROM "courses"[0m
  â†³ app/views/courses/index.html.erb:16
  [1m[36mDepartment Load (0.5ms)[0m  [1m[34mSELECT "departments".* FROM "departments" WHERE "departments"."id" = ? LIMIT ?[0m  [["id", 1], ["LIMIT", 1]]
  â†³ app/views/courses/index.html.erb:18
  [1m[36mDepartment Load (0.5ms)[0m  [1m[34mSELECT "departments".* FROM "departments" WHERE "departments"."id" = ? LIMIT ?[0m  [["id", 2], ["LIMIT", 1]]
  â†³ app/views/courses/index.html.erb:18
  Rendered courses/index.html.erb within layouts/application (Duration: 15.9ms | Allocations: 6246)
[Webpacker] Everything's up-to-date. Nothing to do
Completed 200 OK in 25ms (Views: 22.1ms | ActiveRecord: 1.7ms | Allocations: 10911)


Started GET "/courses/new" for 127.0.0.1 at 2020-10-06 15:19:04 -0600
Processing by CoursesController#new as HTML
  Rendering courses/new.html.erb within layouts/application
  [1m[36mDepartment Load (0.4ms)[0m  [1m[34mSELECT "departments".* FROM "departments"[0m
  â†³ app/views/courses/_form.html.erb:16
  Rendered courses/_form.html.erb (Duration: 17.5ms | Allocations: 3588)
  Rendered courses/new.html.erb within layouts/application (Duration: 24.4ms | Allocations: 3917)
[Webpacker] Everything's up-to-date. Nothing to do
Completed 200 OK in 34ms (Views: 31.3ms | ActiveRecord: 0.4ms | Allocations: 8194)


Started POST "/courses" for 127.0.0.1 at 2020-10-06 15:19:18 -0600
Processing by CoursesController#create as HTML
  Parameters: {"authenticity_token"=>"Gsw8hJkHIgfWzIFnJUPijHP5bD8MuN8+8d1QRdNvOqWbtWhnIuoY0VbMUNN2PZWK/7n/FO+zh5tz/M+laRI8jw==", "course"=>{"department_id"=>"2", "number"=>"", "hours"=>"4"}, "commit"=>"Create Course"}
  [1m[35m (0.1ms)[0m  [1m[36mbegin transaction[0m
  â†³ app/controllers/courses_controller.rb:30:in `block in create'
  [1m[36mDepartment Load (0.1ms)[0m  [1m[34mSELECT "departments".* FROM "departments" WHERE "departments"."id" = ? LIMIT ?[0m  [["id", 2], ["LIMIT", 1]]
  â†³ app/controllers/courses_controller.rb:30:in `block in create'
  [1m[35m (0.0ms)[0m  [1m[31mrollback transaction[0m
  â†³ app/controllers/courses_controller.rb:30:in `block in create'
Completed 500 Internal Server Error in 10ms (ActiveRecord: 0.3ms | Allocations: 6585)


  
NoMethodError (undefined method `course' for #<Course:0x00007fb981d41448>):
  
app/controllers/courses_controller.rb:30:in `block in create'
app/controllers/courses_controller.rb:29:in `create'
Started GET "/courses/new" for 127.0.0.1 at 2020-10-06 15:19:34 -0600
Processing by CoursesController#new as HTML
  Rendering courses/new.html.erb within layouts/application
  [1m[36mDepartment Load (2.6ms)[0m  [1m[34mSELECT "departments".* FROM "departments"[0m
  â†³ app/views/courses/_form.html.erb:16
  Rendered courses/_form.html.erb (Duration: 7.9ms | Allocations: 1651)
  Rendered courses/new.html.erb within layouts/application (Duration: 8.3ms | Allocations: 1733)
[Webpacker] Everything's up-to-date. Nothing to do
Completed 200 OK in 22ms (Views: 18.2ms | ActiveRecord: 2.6ms | Allocations: 5889)


Started POST "/courses" for 127.0.0.1 at 2020-10-06 15:20:14 -0600
Processing by CoursesController#create as HTML
  Parameters: {"authenticity_token"=>"kqg7uOm0096DupgLGA4upymVnVB6XMgw8IjIifFLl5oT0W9bUlnpCAO6Sb9LcFmhpdUOe5lXkJVyqVdpSzaRsA==", "course"=>{"department_id"=>"1", "number"=>"3200", "hours"=>"4"}, "commit"=>"Create Course"}
  [1m[35m (0.1ms)[0m  [1m[36mbegin transaction[0m
  â†³ app/controllers/courses_controller.rb:30:in `block in create'
  [1m[36mDepartment Load (0.1ms)[0m  [1m[34mSELECT "departments".* FROM "departments" WHERE "departments"."id" = ? LIMIT ?[0m  [["id", 1], ["LIMIT", 1]]
  â†³ app/controllers/courses_controller.rb:30:in `block in create'
  [1m[35m (0.1ms)[0m  [1m[31mrollback transaction[0m
  â†³ app/controllers/courses_controller.rb:30:in `block in create'
Completed 500 Internal Server Error in 8ms (ActiveRecord: 0.2ms | Allocations: 6334)


  
NoMethodError (undefined method `course' for #<Course:0x00007fb981f14310>):
  
app/controllers/courses_controller.rb:30:in `block in create'
app/controllers/courses_controller.rb:29:in `create'
Started POST "/courses" for 127.0.0.1 at 2020-10-06 15:21:35 -0600
  [1m[35m (0.1ms)[0m  [1m[34mSELECT sqlite_version(*)[0m
Processing by CoursesController#create as HTML
  Parameters: {"authenticity_token"=>"Gsw8hJkHIgfWzIFnJUPijHP5bD8MuN8+8d1QRdNvOqWbtWhnIuoY0VbMUNN2PZWK/7n/FO+zh5tz/M+laRI8jw==", "course"=>{"department_id"=>"1", "number"=>"", "hours"=>"4"}, "commit"=>"Create Course"}
  [1m[35m (0.1ms)[0m  [1m[36mbegin transaction[0m
  â†³ app/controllers/courses_controller.rb:30:in `block in create'
  [1m[36mDepartment Load (0.7ms)[0m  [1m[34mSELECT "departments".* FROM "departments" WHERE "departments"."id" = ? LIMIT ?[0m  [["id", 1], ["LIMIT", 1]]
  â†³ app/controllers/courses_controller.rb:30:in `block in create'
  [1m[35m (0.1ms)[0m  [1m[31mrollback transaction[0m
  â†³ app/controllers/courses_controller.rb:30:in `block in create'
  Rendering courses/new.html.erb within layouts/application
  [1m[36mDepartment Load (0.2ms)[0m  [1m[34mSELECT "departments".* FROM "departments"[0m
  â†³ app/views/courses/_form.html.erb:16
  Rendered courses/_form.html.erb (Duration: 3.7ms | Allocations: 1842)
  Rendered courses/new.html.erb within layouts/application (Duration: 3.9ms | Allocations: 1925)
[Webpacker] Everything's up-to-date. Nothing to do
Completed 200 OK in 44ms (Views: 18.4ms | ActiveRecord: 2.0ms | Allocations: 17878)


Started GET "/courses" for 127.0.0.1 at 2020-10-06 15:21:47 -0600
Processing by CoursesController#index as HTML
  Rendering courses/index.html.erb within layouts/application
  [1m[36mCourse Load (1.1ms)[0m  [1m[34mSELECT "courses".* FROM "courses"[0m
  â†³ app/views/courses/index.html.erb:16
  [1m[36mDepartment Load (0.1ms)[0m  [1m[34mSELECT "departments".* FROM "departments" WHERE "departments"."id" = ? LIMIT ?[0m  [["id", 1], ["LIMIT", 1]]
  â†³ app/views/courses/index.html.erb:18
  [1m[36mDepartment Load (0.1ms)[0m  [1m[34mSELECT "departments".* FROM "departments" WHERE "departments"."id" = ? LIMIT ?[0m  [["id", 2], ["LIMIT", 1]]
  â†³ app/views/courses/index.html.erb:18
  Rendered courses/index.html.erb within layouts/application (Duration: 5.0ms | Allocations: 2374)
[Webpacker] Everything's up-to-date. Nothing to do
Completed 200 OK in 12ms (Views: 10.0ms | ActiveRecord: 1.4ms | Allocations: 6533)


Started GET "/courses" for 127.0.0.1 at 2020-10-06 15:22:15 -0600
Processing by CoursesController#index as HTML
  Rendering courses/index.html.erb within layouts/application
  [1m[36mCourse Load (0.1ms)[0m  [1m[34mSELECT "courses".* FROM "courses"[0m
  â†³ app/views/courses/index.html.erb:16
  [1m[36mDepartment Load (0.1ms)[0m  [1m[34mSELECT "departments".* FROM "departments" WHERE "departments"."id" = ? LIMIT ?[0m  [["id", 1], ["LIMIT", 1]]
  â†³ app/views/courses/index.html.erb:18
  [1m[36mDepartment Load (0.2ms)[0m  [1m[34mSELECT "departments".* FROM "departments" WHERE "departments"."id" = ? LIMIT ?[0m  [["id", 2], ["LIMIT", 1]]
  â†³ app/views/courses/index.html.erb:18
  Rendered courses/index.html.erb within layouts/application (Duration: 5.1ms | Allocations: 2340)
[Webpacker] Everything's up-to-date. Nothing to do
Completed 200 OK in 14ms (Views: 13.2ms | ActiveRecord: 0.4ms | Allocations: 6465)


Started GET "/" for 127.0.0.1 at 2020-10-06 15:22:17 -0600
Processing by SectionsController#index as HTML
  Rendering sections/index.html.erb within layouts/application
  [1m[36mSection Load (0.7ms)[0m  [1m[34mSELECT "sections".* FROM "sections"[0m
  â†³ app/views/sections/index.html.erb:17
  [1m[36mCourse Load (0.2ms)[0m  [1m[34mSELECT "courses".* FROM "courses" WHERE "courses"."id" = ? LIMIT ?[0m  [["id", 1], ["LIMIT", 1]]
  â†³ app/views/sections/index.html.erb:19
  [1m[36mProfessor Load (0.4ms)[0m  [1m[34mSELECT "professors".* FROM "professors" WHERE "professors"."id" = ? LIMIT ?[0m  [["id", 1], ["LIMIT", 1]]
  â†³ app/views/sections/index.html.erb:20
  [1m[36mSemester Load (0.4ms)[0m  [1m[34mSELECT "semesters".* FROM "semesters" WHERE "semesters"."id" = ? LIMIT ?[0m  [["id", 1], ["LIMIT", 1]]
  â†³ app/views/sections/index.html.erb:22
  Rendered sections/index.html.erb within layouts/application (Duration: 31.5ms | Allocations: 14732)
[Webpacker] Everything's up-to-date. Nothing to do
Completed 200 OK in 47ms (Views: 38.1ms | ActiveRecord: 3.9ms | Allocations: 21086)


Started GET "/dogs" for 127.0.0.1 at 2020-10-06 15:22:17 -0600
  
ActionController::RoutingError (No route matches [GET] "/dogs"):
  
actionpack (6.0.3.3) lib/action_dispatch/middleware/debug_exceptions.rb:36:in `call'
web-console (4.0.4) lib/web_console/middleware.rb:132:in `call_app'
web-console (4.0.4) lib/web_console/middleware.rb:28:in `block in call'
web-console (4.0.4) lib/web_console/middleware.rb:17:in `catch'
web-console (4.0.4) lib/web_console/middleware.rb:17:in `call'
actionpack (6.0.3.3) lib/action_dispatch/middleware/show_exceptions.rb:33:in `call'
railties (6.0.3.3) lib/rails/rack/logger.rb:37:in `call_app'
railties (6.0.3.3) lib/rails/rack/logger.rb:26:in `block in call'
activesupport (6.0.3.3) lib/active_support/tagged_logging.rb:80:in `block in tagged'
activesupport (6.0.3.3) lib/active_support/tagged_logging.rb:28:in `tagged'
activesupport (6.0.3.3) lib/active_support/tagged_logging.rb:80:in `tagged'
railties (6.0.3.3) lib/rails/rack/logger.rb:26:in `call'
sprockets-rails (3.2.2) lib/sprockets/rails/quiet_assets.rb:13:in `call'
actionpack (6.0.3.3) lib/action_dispatch/middleware/remote_ip.rb:81:in `call'
actionpack (6.0.3.3) lib/action_dispatch/middleware/request_id.rb:27:in `call'
rack (2.2.3) lib/rack/method_override.rb:24:in `call'
rack (2.2.3) lib/rack/runtime.rb:22:in `call'
activesupport (6.0.3.3) lib/active_support/cache/strategy/local_cache_middleware.rb:29:in `call'
actionpack (6.0.3.3) lib/action_dispatch/middleware/executor.rb:14:in `call'
actionpack (6.0.3.3) lib/action_dispatch/middleware/static.rb:126:in `call'
rack (2.2.3) lib/rack/sendfile.rb:110:in `call'
actionpack (6.0.3.3) lib/action_dispatch/middleware/host_authorization.rb:82:in `call'
webpacker (4.3.0) lib/webpacker/dev_server_proxy.rb:23:in `perform_request'
rack-proxy (0.6.5) lib/rack/proxy.rb:57:in `call'
railties (6.0.3.3) lib/rails/engine.rb:527:in `call'
puma (4.3.6) lib/puma/configuration.rb:228:in `call'
puma (4.3.6) lib/puma/server.rb:713:in `handle_request'
puma (4.3.6) lib/puma/server.rb:472:in `process_client'
puma (4.3.6) lib/puma/server.rb:328:in `block in run'
puma (4.3.6) lib/puma/thread_pool.rb:134:in `block in spawn_thread'
Started GET "/departments" for 127.0.0.1 at 2020-10-06 15:22:20 -0600
Processing by DepartmentsController#index as HTML
  Rendering departments/index.html.erb within layouts/application
  [1m[36mDepartment Load (0.2ms)[0m  [1m[34mSELECT "departments".* FROM "departments"[0m
  â†³ app/views/departments/index.html.erb:14
  Rendered departments/index.html.erb within layouts/application (Duration: 2.9ms | Allocations: 1289)
[Webpacker] Everything's up-to-date. Nothing to do
Completed 200 OK in 13ms (Views: 11.2ms | ActiveRecord: 0.2ms | Allocations: 6073)


Started GET "/departments/new" for 127.0.0.1 at 2020-10-06 15:22:24 -0600
Processing by DepartmentsController#new as HTML
  Rendering departments/new.html.erb within layouts/application
  Rendered departments/_form.html.erb (Duration: 4.4ms | Allocations: 838)
  Rendered departments/new.html.erb within layouts/application (Duration: 6.4ms | Allocations: 1161)
[Webpacker] Everything's up-to-date. Nothing to do
Completed 200 OK in 19ms (Views: 14.2ms | ActiveRecord: 0.0ms | Allocations: 5421)


Started GET "/departments" for 127.0.0.1 at 2020-10-06 15:22:27 -0600
Processing by DepartmentsController#index as HTML
  Rendering departments/index.html.erb within layouts/application
  [1m[36mDepartment Load (5.6ms)[0m  [1m[34mSELECT "departments".* FROM "departments"[0m
  â†³ app/views/departments/index.html.erb:14
  Rendered departments/index.html.erb within layouts/application (Duration: 13.3ms | Allocations: 1006)
[Webpacker] Everything's up-to-date. Nothing to do
Completed 200 OK in 34ms (Views: 25.6ms | ActiveRecord: 5.6ms | Allocations: 5134)


Started GET "/departments/new" for 127.0.0.1 at 2020-10-06 15:22:33 -0600
Processing by DepartmentsController#new as HTML
  Rendering departments/new.html.erb within layouts/application
  Rendered departments/_form.html.erb (Duration: 5.8ms | Allocations: 503)
  Rendered departments/new.html.erb within layouts/application (Duration: 6.3ms | Allocations: 585)
[Webpacker] Everything's up-to-date. Nothing to do
Completed 200 OK in 29ms (Views: 28.5ms | ActiveRecord: 0.0ms | Allocations: 4723)


Started GET "/departments/new" for 127.0.0.1 at 2020-10-06 15:23:03 -0600
  [1m[35m (0.1ms)[0m  [1m[34mSELECT sqlite_version(*)[0m
Processing by DepartmentsController#new as HTML
  Rendering departments/new.html.erb within layouts/application
  Rendered departments/_form.html.erb (Duration: 1.4ms | Allocations: 564)
  Rendered departments/new.html.erb within layouts/application (Duration: 1.6ms | Allocations: 647)
[Webpacker] Everything's up-to-date. Nothing to do
Completed 200 OK in 24ms (Views: 15.7ms | ActiveRecord: 0.7ms | Allocations: 8157)


Started POST "/departments" for 127.0.0.1 at 2020-10-06 15:23:05 -0600
Processing by DepartmentsController#create as HTML
  Parameters: {"authenticity_token"=>"g5rSmg56irhlqwzJdC6PGnjGQie7vv7CIrxbiQHr/2j7hkP0enLmSD+otB031o8JCvBPDwMJoGWe77JYcdssRw==", "department"=>{"name"=>""}, "commit"=>"Create Department"}
Completed 500 Internal Server Error in 8ms (ActiveRecord: 0.0ms | Allocations: 3624)


  
NoMethodError (undefined method `department' for #<Department id: nil, name: "", created_at: nil, updated_at: nil>):
  
app/controllers/departments_controller.rb:30:in `block in create'
app/controllers/departments_controller.rb:29:in `create'
Started GET "/departments/new" for 127.0.0.1 at 2020-10-06 15:23:09 -0600
Processing by DepartmentsController#new as HTML
  Rendering departments/new.html.erb within layouts/application
  Rendered departments/_form.html.erb (Duration: 0.9ms | Allocations: 503)
  Rendered departments/new.html.erb within layouts/application (Duration: 1.1ms | Allocations: 585)
[Webpacker] Everything's up-to-date. Nothing to do
Completed 200 OK in 9ms (Views: 8.7ms | ActiveRecord: 0.0ms | Allocations: 4741)


Started POST "/departments" for 127.0.0.1 at 2020-10-06 15:23:20 -0600
  [1m[35m (0.1ms)[0m  [1m[34mSELECT sqlite_version(*)[0m
Processing by DepartmentsController#create as HTML
  Parameters: {"authenticity_token"=>"pMqmz7vHyEPxHBZw0kxxGZA8ymJmUh2dZew5yV+r+0MD11q9JSMcKQanceziOw/MiCc1sDca2vOu+w3uqUc1hg==", "department"=>{"name"=>""}, "commit"=>"Create Department"}
  Rendering departments/new.html.erb within layouts/application
  Rendered departments/_form.html.erb (Duration: 2.6ms | Allocations: 655)
  Rendered departments/new.html.erb within layouts/application (Duration: 3.0ms | Allocations: 738)
[Webpacker] Everything's up-to-date. Nothing to do
Completed 200 OK in 31ms (Views: 13.8ms | ActiveRecord: 1.1ms | Allocations: 9287)


Started GET "/departments" for 127.0.0.1 at 2020-10-06 15:24:16 -0600
  [1m[35m (0.1ms)[0m  [1m[34mSELECT sqlite_version(*)[0m
Processing by DepartmentsController#index as HTML
  Rendering departments/index.html.erb within layouts/application
  [1m[36mDepartment Load (0.7ms)[0m  [1m[34mSELECT "departments".* FROM "departments"[0m
  â†³ app/views/departments/index.html.erb:14
  Rendered departments/index.html.erb within layouts/application (Duration: 6.5ms | Allocations: 3436)
[Webpacker] Everything's up-to-date. Nothing to do
Completed 200 OK in 24ms (Views: 19.2ms | ActiveRecord: 1.2ms | Allocations: 8566)


Started GET "/" for 127.0.0.1 at 2020-10-06 15:24:17 -0600
Processing by SectionsController#index as HTML
  Rendering sections/index.html.erb within layouts/application
  [1m[36mSection Load (0.5ms)[0m  [1m[34mSELECT "sections".* FROM "sections"[0m
  â†³ app/views/sections/index.html.erb:17
  [1m[36mCourse Load (0.5ms)[0m  [1m[34mSELECT "courses".* FROM "courses" WHERE "courses"."id" = ? LIMIT ?[0m  [["id", 1], ["LIMIT", 1]]
  â†³ app/views/sections/index.html.erb:19
  [1m[36mProfessor Load (0.4ms)[0m  [1m[34mSELECT "professors".* FROM "professors" WHERE "professors"."id" = ? LIMIT ?[0m  [["id", 1], ["LIMIT", 1]]
  â†³ app/views/sections/index.html.erb:20
  [1m[36mSemester Load (0.4ms)[0m  [1m[34mSELECT "semesters".* FROM "semesters" WHERE "semesters"."id" = ? LIMIT ?[0m  [["id", 1], ["LIMIT", 1]]
  â†³ app/views/sections/index.html.erb:22
  Rendered sections/index.html.erb within layouts/application (Duration: 46.2ms | Allocations: 19065)
[Webpacker] Everything's up-to-date. Nothing to do
Completed 200 OK in 57ms (Views: 48.1ms | ActiveRecord: 4.2ms | Allocations: 25439)


Started GET "/professors" for 127.0.0.1 at 2020-10-06 15:24:19 -0600
Processing by ProfessorsController#index as HTML
  Rendering professors/index.html.erb within layouts/application
  [1m[36mProfessor Load (0.2ms)[0m  [1m[34mSELECT "professors".* FROM "professors"[0m
  â†³ app/views/professors/index.html.erb:15
  Rendered professors/index.html.erb within layouts/application (Duration: 2.9ms | Allocations: 1211)
[Webpacker] Everything's up-to-date. Nothing to do
Completed 200 OK in 14ms (Views: 12.2ms | ActiveRecord: 0.2ms | Allocations: 5998)


Started GET "/professors/new" for 127.0.0.1 at 2020-10-06 15:24:20 -0600
Processing by ProfessorsController#new as HTML
  Rendering professors/new.html.erb within layouts/application
  Rendered professors/_form.html.erb (Duration: 10.1ms | Allocations: 1069)
  Rendered professors/new.html.erb within layouts/application (Duration: 13.4ms | Allocations: 1392)
[Webpacker] Everything's up-to-date. Nothing to do
Completed 200 OK in 27ms (Views: 25.1ms | ActiveRecord: 0.0ms | Allocations: 5665)


Started POST "/professors" for 127.0.0.1 at 2020-10-06 15:24:21 -0600
Processing by ProfessorsController#create as HTML
  Parameters: {"authenticity_token"=>"1Qxl9cQDD4eLotgUFTu2AsgIYTB9LenEkSGTYcq9DOvwhpgYoHCWd0FUVaRZ8WNy0QfL2EhJQ05UoG4ioE/gew==", "professor"=>{"name"=>"", "office"=>""}, "commit"=>"Create Professor"}
  Rendering professors/new.html.erb within layouts/application
  Rendered professors/_form.html.erb (Duration: 1.4ms | Allocations: 970)
  Rendered professors/new.html.erb within layouts/application (Duration: 1.7ms | Allocations: 1052)
[Webpacker] Everything's up-to-date. Nothing to do
Completed 200 OK in 9ms (Views: 7.2ms | ActiveRecord: 0.0ms | Allocations: 6464)


Started GET "/professors" for 127.0.0.1 at 2020-10-06 15:27:48 -0600
  [1m[35m (0.1ms)[0m  [1m[34mSELECT sqlite_version(*)[0m
Processing by ProfessorsController#index as HTML
  Rendering professors/index.html.erb within layouts/application
  [1m[36mProfessor Load (0.8ms)[0m  [1m[34mSELECT "professors".* FROM "professors"[0m
  â†³ app/views/professors/index.html.erb:15
  Rendered professors/index.html.erb within layouts/application (Duration: 8.4ms | Allocations: 3875)
[Webpacker] Everything's up-to-date. Nothing to do
Completed 200 OK in 27ms (Views: 21.9ms | ActiveRecord: 1.7ms | Allocations: 9063)


Started GET "/" for 127.0.0.1 at 2020-10-06 15:27:49 -0600
Processing by SectionsController#index as HTML
  Rendering sections/index.html.erb within layouts/application
  [1m[36mSection Load (0.6ms)[0m  [1m[34mSELECT "sections".* FROM "sections"[0m
  â†³ app/views/sections/index.html.erb:17
  [1m[36mCourse Load (0.4ms)[0m  [1m[34mSELECT "courses".* FROM "courses" WHERE "courses"."id" = ? LIMIT ?[0m  [["id", 1], ["LIMIT", 1]]
  â†³ app/views/sections/index.html.erb:19
  [1m[36mProfessor Load (0.2ms)[0m  [1m[34mSELECT "professors".* FROM "professors" WHERE "professors"."id" = ? LIMIT ?[0m  [["id", 1], ["LIMIT", 1]]
  â†³ app/views/sections/index.html.erb:20
  [1m[36mSemester Load (0.6ms)[0m  [1m[34mSELECT "semesters".* FROM "semesters" WHERE "semesters"."id" = ? LIMIT ?[0m  [["id", 1], ["LIMIT", 1]]
  â†³ app/views/sections/index.html.erb:22
  Rendered sections/index.html.erb within layouts/application (Duration: 41.8ms | Allocations: 15721)
[Webpacker] Everything's up-to-date. Nothing to do
Completed 200 OK in 58ms (Views: 43.9ms | ActiveRecord: 4.5ms | Allocations: 22379)


Started GET "/sections" for 127.0.0.1 at 2020-10-06 15:27:50 -0600
Processing by SectionsController#index as HTML
  Rendering sections/index.html.erb within layouts/application
  [1m[36mSection Load (0.1ms)[0m  [1m[34mSELECT "sections".* FROM "sections"[0m
  â†³ app/views/sections/index.html.erb:17
  [1m[36mCourse Load (0.1ms)[0m  [1m[34mSELECT "courses".* FROM "courses" WHERE "courses"."id" = ? LIMIT ?[0m  [["id", 1], ["LIMIT", 1]]
  â†³ app/views/sections/index.html.erb:19
  [1m[36mProfessor Load (0.1ms)[0m  [1m[34mSELECT "professors".* FROM "professors" WHERE "professors"."id" = ? LIMIT ?[0m  [["id", 1], ["LIMIT", 1]]
  â†³ app/views/sections/index.html.erb:20
  [1m[36mSemester Load (0.1ms)[0m  [1m[34mSELECT "semesters".* FROM "semesters" WHERE "semesters"."id" = ? LIMIT ?[0m  [["id", 1], ["LIMIT", 1]]
  â†³ app/views/sections/index.html.erb:22
  Rendered sections/index.html.erb within layouts/application (Duration: 4.6ms | Allocations: 2937)
[Webpacker] Everything's up-to-date. Nothing to do
Completed 200 OK in 11ms (Views: 10.3ms | ActiveRecord: 0.4ms | Allocations: 7076)


Started GET "/students/new" for 127.0.0.1 at 2020-10-06 15:27:50 -0600
Processing by StudentsController#new as HTML
  Rendering students/new.html.erb within layouts/application
  [1m[36mSection Load (0.2ms)[0m  [1m[34mSELECT "sections".* FROM "sections"[0m
  â†³ app/views/students/_form.html.erb:26
  Rendered students/_form.html.erb (Duration: 21.8ms | Allocations: 6891)
  Rendered students/new.html.erb within layouts/application (Duration: 25.5ms | Allocations: 7218)
[Webpacker] Everything's up-to-date. Nothing to do
Completed 200 OK in 50ms (Views: 37.2ms | ActiveRecord: 1.1ms | Allocations: 16302)


Started GET "/student" for 127.0.0.1 at 2020-10-06 15:27:51 -0600
  
ActionController::RoutingError (No route matches [GET] "/student"):
  
actionpack (6.0.3.3) lib/action_dispatch/middleware/debug_exceptions.rb:36:in `call'
web-console (4.0.4) lib/web_console/middleware.rb:132:in `call_app'
web-console (4.0.4) lib/web_console/middleware.rb:28:in `block in call'
web-console (4.0.4) lib/web_console/middleware.rb:17:in `catch'
web-console (4.0.4) lib/web_console/middleware.rb:17:in `call'
actionpack (6.0.3.3) lib/action_dispatch/middleware/show_exceptions.rb:33:in `call'
railties (6.0.3.3) lib/rails/rack/logger.rb:37:in `call_app'
railties (6.0.3.3) lib/rails/rack/logger.rb:26:in `block in call'
activesupport (6.0.3.3) lib/active_support/tagged_logging.rb:80:in `block in tagged'
activesupport (6.0.3.3) lib/active_support/tagged_logging.rb:28:in `tagged'
activesupport (6.0.3.3) lib/active_support/tagged_logging.rb:80:in `tagged'
railties (6.0.3.3) lib/rails/rack/logger.rb:26:in `call'
sprockets-rails (3.2.2) lib/sprockets/rails/quiet_assets.rb:13:in `call'
actionpack (6.0.3.3) lib/action_dispatch/middleware/remote_ip.rb:81:in `call'
actionpack (6.0.3.3) lib/action_dispatch/middleware/request_id.rb:27:in `call'
rack (2.2.3) lib/rack/method_override.rb:24:in `call'
rack (2.2.3) lib/rack/runtime.rb:22:in `call'
activesupport (6.0.3.3) lib/active_support/cache/strategy/local_cache_middleware.rb:29:in `call'
actionpack (6.0.3.3) lib/action_dispatch/middleware/executor.rb:14:in `call'
actionpack (6.0.3.3) lib/action_dispatch/middleware/static.rb:126:in `call'
rack (2.2.3) lib/rack/sendfile.rb:110:in `call'
actionpack (6.0.3.3) lib/action_dispatch/middleware/host_authorization.rb:82:in `call'
webpacker (4.3.0) lib/webpacker/dev_server_proxy.rb:23:in `perform_request'
rack-proxy (0.6.5) lib/rack/proxy.rb:57:in `call'
railties (6.0.3.3) lib/rails/engine.rb:527:in `call'
puma (4.3.6) lib/puma/configuration.rb:228:in `call'
puma (4.3.6) lib/puma/server.rb:713:in `handle_request'
puma (4.3.6) lib/puma/server.rb:472:in `process_client'
puma (4.3.6) lib/puma/server.rb:328:in `block in run'
puma (4.3.6) lib/puma/thread_pool.rb:134:in `block in spawn_thread'
Started GET "/students" for 127.0.0.1 at 2020-10-06 15:27:51 -0600
Processing by StudentsController#index as HTML
  Rendering students/index.html.erb within layouts/application
  [1m[36mStudent Load (0.5ms)[0m  [1m[34mSELECT "students".* FROM "students"[0m
  â†³ app/views/students/index.html.erb:15
  Rendered students/index.html.erb within layouts/application (Duration: 3.8ms | Allocations: 1161)
[Webpacker] Everything's up-to-date. Nothing to do
Completed 200 OK in 14ms (Views: 12.1ms | ActiveRecord: 0.5ms | Allocations: 5477)


Started GET "/students/new" for 127.0.0.1 at 2020-10-06 15:27:53 -0600
Processing by StudentsController#new as HTML
  Rendering students/new.html.erb within layouts/application
  [1m[36mSection Load (0.3ms)[0m  [1m[34mSELECT "sections".* FROM "sections"[0m
  â†³ app/views/students/_form.html.erb:26
  Rendered students/_form.html.erb (Duration: 10.3ms | Allocations: 1930)
  Rendered students/new.html.erb within layouts/application (Duration: 11.0ms | Allocations: 2012)
[Webpacker] Everything's up-to-date. Nothing to do
Completed 200 OK in 21ms (Views: 19.5ms | ActiveRecord: 0.3ms | Allocations: 6166)


Started POST "/students" for 127.0.0.1 at 2020-10-06 15:27:53 -0600
Processing by StudentsController#create as HTML
  Parameters: {"authenticity_token"=>"XInnmzigTJxLgrAQB0T6W+NYBruCqtCBRxkiAaC8cIiZoYIYTiBx5U2Jp8cOP1sW6w8h9Fne8O4sbr3zEiqPVQ==", "student"=>{"name"=>"", "identifier"=>"", "section_ids"=>[""]}, "commit"=>"Create Student"}
  [1m[36mSection Load (0.3ms)[0m  [1m[34mSELECT "sections".* FROM "sections" WHERE 1=0[0m
  â†³ app/controllers/students_controller.rb:29:in `create'
  Rendering students/new.html.erb within layouts/application
  Rendered students/_form.html.erb (Duration: 2.5ms | Allocations: 2534)
  Rendered students/new.html.erb within layouts/application (Duration: 2.8ms | Allocations: 2597)
Completed 500 Internal Server Error in 10ms (ActiveRecord: 0.3ms | Allocations: 5638)


  
ActionView::Template::Error (undefined method `map' for nil:NilClass):
    23: 
    24:   <div class="field">
    25:     <%= form.label :section_id %><br>
    26:     <%= form.collection_check_boxes(:section_ids, @sections, :id, :id) %>
    27:   </div>
    28: 
    29:   <div class="actions">
  
app/views/students/_form.html.erb:26
app/views/students/_form.html.erb:1
app/views/students/new.html.erb:3
app/controllers/students_controller.rb:36:in `block (2 levels) in create'
app/controllers/students_controller.rb:31:in `create'
Started GET "/students/new" for 127.0.0.1 at 2020-10-06 15:28:05 -0600
Processing by StudentsController#new as HTML
  Rendering students/new.html.erb within layouts/application
  [1m[36mSection Load (0.8ms)[0m  [1m[34mSELECT "sections".* FROM "sections"[0m
  â†³ app/views/students/_form.html.erb:26
  Rendered students/_form.html.erb (Duration: 4.9ms | Allocations: 1930)
  Rendered students/new.html.erb within layouts/application (Duration: 5.3ms | Allocations: 2012)
[Webpacker] Everything's up-to-date. Nothing to do
Completed 200 OK in 19ms (Views: 17.9ms | ActiveRecord: 0.8ms | Allocations: 6179)


Started POST "/students" for 127.0.0.1 at 2020-10-06 15:28:13 -0600
Processing by StudentsController#create as HTML
  Parameters: {"authenticity_token"=>"UJsAXaIj5IuoG4/6IneKig77IJZOghZzEejQbfn3QlqVs2Xe1KPZ8q4QmC0rDCvHBqwH2ZX2Nhx6n0+fS2G9hw==", "student"=>{"name"=>"", "identifier"=>"", "section_ids"=>[""]}, "commit"=>"Create Student"}
  [1m[36mSection Load (0.2ms)[0m  [1m[34mSELECT "sections".* FROM "sections" WHERE 1=0[0m
  â†³ app/controllers/students_controller.rb:29:in `create'
  Rendering students/new.html.erb within layouts/application
  Rendered students/_form.html.erb (Duration: 2.3ms | Allocations: 2530)
  Rendered students/new.html.erb within layouts/application (Duration: 2.5ms | Allocations: 2593)
Completed 500 Internal Server Error in 7ms (ActiveRecord: 0.2ms | Allocations: 5419)


  
ActionView::Template::Error (undefined method `map' for nil:NilClass):
    23: 
    24:   <div class="field">
    25:     <%= form.label :section_id %><br>
    26:     <%= form.collection_check_boxes(:section_ids, @sections, :id, :id) %>
    27:   </div>
    28: 
    29:   <div class="actions">
  
app/views/students/_form.html.erb:26
app/views/students/_form.html.erb:1
app/views/students/new.html.erb:3
app/controllers/students_controller.rb:36:in `block (2 levels) in create'
app/controllers/students_controller.rb:31:in `create'
Started GET "/" for 127.0.0.1 at 2020-10-06 15:51:53 -0600
  [1m[35m (0.1ms)[0m  [1m[34mSELECT sqlite_version(*)[0m
Processing by SectionsController#index as HTML
  Rendering sections/index.html.erb within layouts/application
  [1m[36mSection Load (0.7ms)[0m  [1m[34mSELECT "sections".* FROM "sections"[0m
  â†³ app/views/sections/index.html.erb:17
  [1m[36mCourse Load (0.4ms)[0m  [1m[34mSELECT "courses".* FROM "courses" WHERE "courses"."id" = ? LIMIT ?[0m  [["id", 1], ["LIMIT", 1]]
  â†³ app/views/sections/index.html.erb:19
  [1m[36mProfessor Load (0.6ms)[0m  [1m[34mSELECT "professors".* FROM "professors" WHERE "professors"."id" = ? LIMIT ?[0m  [["id", 1], ["LIMIT", 1]]
  â†³ app/views/sections/index.html.erb:20
  [1m[36mSemester Load (0.6ms)[0m  [1m[34mSELECT "semesters".* FROM "semesters" WHERE "semesters"."id" = ? LIMIT ?[0m  [["id", 1], ["LIMIT", 1]]
  â†³ app/views/sections/index.html.erb:22
  Rendered sections/index.html.erb within layouts/application (Duration: 45.5ms | Allocations: 18081)
[Webpacker] Everything's up-to-date. Nothing to do
Completed 200 OK in 74ms (Views: 61.0ms | ActiveRecord: 2.4ms | Allocations: 24867)


Started GET "/" for 127.0.0.1 at 2020-10-06 15:51:57 -0600
Processing by SectionsController#index as HTML
  Rendering sections/index.html.erb within layouts/application
  [1m[36mSection Load (0.1ms)[0m  [1m[34mSELECT "sections".* FROM "sections"[0m
  â†³ app/views/sections/index.html.erb:17
  [1m[36mCourse Load (0.2ms)[0m  [1m[34mSELECT "courses".* FROM "courses" WHERE "courses"."id" = ? LIMIT ?[0m  [["id", 1], ["LIMIT", 1]]
  â†³ app/views/sections/index.html.erb:19
  [1m[36mProfessor Load (0.1ms)[0m  [1m[34mSELECT "professors".* FROM "professors" WHERE "professors"."id" = ? LIMIT ?[0m  [["id", 1], ["LIMIT", 1]]
  â†³ app/views/sections/index.html.erb:20
  [1m[36mSemester Load (0.1ms)[0m  [1m[34mSELECT "semesters".* FROM "semesters" WHERE "semesters"."id" = ? LIMIT ?[0m  [["id", 1], ["LIMIT", 1]]
  â†³ app/views/sections/index.html.erb:22
  Rendered sections/index.html.erb within layouts/application (Duration: 4.5ms | Allocations: 2937)
[Webpacker] Everything's up-to-date. Nothing to do
Completed 200 OK in 16ms (Views: 15.0ms | ActiveRecord: 0.5ms | Allocations: 7084)


Started GET "/students/new" for 127.0.0.1 at 2020-10-06 15:52:16 -0600
Processing by StudentsController#new as HTML
Completed 500 Internal Server Error in 7ms (ActiveRecord: 0.0ms | Allocations: 2289)


  
ArgumentError (Unknown key: :presence. Valid keys are: :on, :if, :unless, :prepend. Perhaps you meant to call `validates` instead of `validate`?):
  
app/models/student.rb:5:in `<class:Student>'
app/models/student.rb:1:in `<main>'
app/controllers/students_controller.rb:17:in `new'
Started GET "/student" for 127.0.0.1 at 2020-10-06 15:52:17 -0600
  
ActionController::RoutingError (No route matches [GET] "/student"):
  
actionpack (6.0.3.3) lib/action_dispatch/middleware/debug_exceptions.rb:36:in `call'
web-console (4.0.4) lib/web_console/middleware.rb:132:in `call_app'
web-console (4.0.4) lib/web_console/middleware.rb:28:in `block in call'
web-console (4.0.4) lib/web_console/middleware.rb:17:in `catch'
web-console (4.0.4) lib/web_console/middleware.rb:17:in `call'
actionpack (6.0.3.3) lib/action_dispatch/middleware/show_exceptions.rb:33:in `call'
railties (6.0.3.3) lib/rails/rack/logger.rb:37:in `call_app'
railties (6.0.3.3) lib/rails/rack/logger.rb:26:in `block in call'
activesupport (6.0.3.3) lib/active_support/tagged_logging.rb:80:in `block in tagged'
activesupport (6.0.3.3) lib/active_support/tagged_logging.rb:28:in `tagged'
activesupport (6.0.3.3) lib/active_support/tagged_logging.rb:80:in `tagged'
railties (6.0.3.3) lib/rails/rack/logger.rb:26:in `call'
sprockets-rails (3.2.2) lib/sprockets/rails/quiet_assets.rb:13:in `call'
actionpack (6.0.3.3) lib/action_dispatch/middleware/remote_ip.rb:81:in `call'
actionpack (6.0.3.3) lib/action_dispatch/middleware/request_id.rb:27:in `call'
rack (2.2.3) lib/rack/method_override.rb:24:in `call'
rack (2.2.3) lib/rack/runtime.rb:22:in `call'
activesupport (6.0.3.3) lib/active_support/cache/strategy/local_cache_middleware.rb:29:in `call'
actionpack (6.0.3.3) lib/action_dispatch/middleware/executor.rb:14:in `call'
actionpack (6.0.3.3) lib/action_dispatch/middleware/static.rb:126:in `call'
rack (2.2.3) lib/rack/sendfile.rb:110:in `call'
actionpack (6.0.3.3) lib/action_dispatch/middleware/host_authorization.rb:82:in `call'
webpacker (4.3.0) lib/webpacker/dev_server_proxy.rb:23:in `perform_request'
rack-proxy (0.6.5) lib/rack/proxy.rb:57:in `call'
railties (6.0.3.3) lib/rails/engine.rb:527:in `call'
puma (4.3.6) lib/puma/configuration.rb:228:in `call'
puma (4.3.6) lib/puma/server.rb:713:in `handle_request'
puma (4.3.6) lib/puma/server.rb:472:in `process_client'
puma (4.3.6) lib/puma/server.rb:328:in `block in run'
puma (4.3.6) lib/puma/thread_pool.rb:134:in `block in spawn_thread'
Started GET "/students" for 127.0.0.1 at 2020-10-06 15:52:17 -0600
Processing by StudentsController#index as HTML
Completed 500 Internal Server Error in 3ms (ActiveRecord: 0.0ms | Allocations: 1752)


  
ArgumentError (Unknown key: :presence. Valid keys are: :on, :if, :unless, :prepend. Perhaps you meant to call `validates` instead of `validate`?):
  
app/models/student.rb:5:in `<class:Student>'
app/models/student.rb:1:in `<main>'
app/controllers/students_controller.rb:7:in `index'
Started GET "/students" for 127.0.0.1 at 2020-10-06 15:52:27 -0600
  [1m[35m (0.1ms)[0m  [1m[34mSELECT sqlite_version(*)[0m
Processing by StudentsController#index as HTML
  Rendering students/index.html.erb within layouts/application
  [1m[36mStudent Load (0.5ms)[0m  [1m[34mSELECT "students".* FROM "students"[0m
  â†³ app/views/students/index.html.erb:15
  Rendered students/index.html.erb within layouts/application (Duration: 9.9ms | Allocations: 3873)
[Webpacker] Everything's up-to-date. Nothing to do
Completed 200 OK in 29ms (Views: 22.3ms | ActiveRecord: 1.1ms | Allocations: 10044)


Started GET "/students/new" for 127.0.0.1 at 2020-10-06 15:52:32 -0600
Processing by StudentsController#new as HTML
  Rendering students/new.html.erb within layouts/application
  [1m[36mSection Load (0.4ms)[0m  [1m[34mSELECT "sections".* FROM "sections"[0m
  â†³ app/views/students/_form.html.erb:26
  Rendered students/_form.html.erb (Duration: 16.6ms | Allocations: 8396)
  Rendered students/new.html.erb within layouts/application (Duration: 17.0ms | Allocations: 8478)
[Webpacker] Everything's up-to-date. Nothing to do
Completed 200 OK in 41ms (Views: 22.2ms | ActiveRecord: 1.2ms | Allocations: 14891)


Started POST "/students" for 127.0.0.1 at 2020-10-06 15:52:41 -0600
  [1m[35m (0.1ms)[0m  [1m[34mSELECT sqlite_version(*)[0m
Processing by StudentsController#create as HTML
  Parameters: {"authenticity_token"=>"3COFFI9lxv4SA8j/NWIZvsJktOXQFYUWJ95mjjHkZXAZC+CX+eX7hxQI3yg8GbjzyjOTqgthpXlMqfl8g3KarQ==", "student"=>{"name"=>"", "identifier"=>"", "section_ids"=>[""]}, "commit"=>"Create Student"}
Completed 500 Internal Server Error in 9ms (ActiveRecord: 0.0ms | Allocations: 2490)


  
ArgumentError (You need to supply at least one validation):
  
app/models/student.rb:5:in `<class:Student>'
app/models/student.rb:1:in `<main>'
app/controllers/students_controller.rb:29:in `create'
Started GET "/" for 127.0.0.1 at 2020-10-06 15:59:59 -0600
  [1m[35m (0.2ms)[0m  [1m[34mSELECT sqlite_version(*)[0m
Processing by SectionsController#index as HTML
  Rendering sections/index.html.erb within layouts/application
  [1m[36mSection Load (0.5ms)[0m  [1m[34mSELECT "sections".* FROM "sections"[0m
  â†³ app/views/sections/index.html.erb:17
  [1m[36mCourse Load (0.5ms)[0m  [1m[34mSELECT "courses".* FROM "courses" WHERE "courses"."id" = ? LIMIT ?[0m  [["id", 1], ["LIMIT", 1]]
  â†³ app/views/sections/index.html.erb:19
  [1m[36mProfessor Load (0.4ms)[0m  [1m[34mSELECT "professors".* FROM "professors" WHERE "professors"."id" = ? LIMIT ?[0m  [["id", 1], ["LIMIT", 1]]
  â†³ app/views/sections/index.html.erb:20
  [1m[36mSemester Load (0.5ms)[0m  [1m[34mSELECT "semesters".* FROM "semesters" WHERE "semesters"."id" = ? LIMIT ?[0m  [["id", 1], ["LIMIT", 1]]
  â†³ app/views/sections/index.html.erb:22
  Rendered sections/index.html.erb within layouts/application (Duration: 61.4ms | Allocations: 19307)
[Webpacker] Everything's up-to-date. Nothing to do
Completed 200 OK in 88ms (Views: 74.8ms | ActiveRecord: 4.7ms | Allocations: 26004)


Started GET "/students" for 127.0.0.1 at 2020-10-06 16:00:06 -0600
Processing by StudentsController#index as HTML
  Rendering students/index.html.erb within layouts/application
  [1m[36mStudent Load (0.8ms)[0m  [1m[34mSELECT "students".* FROM "students"[0m
  â†³ app/views/students/index.html.erb:15
  Rendered students/index.html.erb within layouts/application (Duration: 9.9ms | Allocations: 3619)
[Webpacker] Everything's up-to-date. Nothing to do
Completed 200 OK in 26ms (Views: 15.8ms | ActiveRecord: 2.5ms | Allocations: 9702)


Started GET "/courses" for 127.0.0.1 at 2020-10-06 16:00:12 -0600
Processing by CoursesController#index as HTML
  Rendering courses/index.html.erb within layouts/application
  [1m[36mCourse Load (0.2ms)[0m  [1m[34mSELECT "courses".* FROM "courses"[0m
  â†³ app/views/courses/index.html.erb:16
  [1m[36mDepartment Load (0.5ms)[0m  [1m[34mSELECT "departments".* FROM "departments" WHERE "departments"."id" = ? LIMIT ?[0m  [["id", 1], ["LIMIT", 1]]
  â†³ app/views/courses/index.html.erb:18
  [1m[36mDepartment Load (0.1ms)[0m  [1m[34mSELECT "departments".* FROM "departments" WHERE "departments"."id" = ? LIMIT ?[0m  [["id", 2], ["LIMIT", 1]]
  â†³ app/views/courses/index.html.erb:18
  Rendered courses/index.html.erb within layouts/application (Duration: 14.8ms | Allocations: 5988)
[Webpacker] Everything's up-to-date. Nothing to do
Completed 200 OK in 24ms (Views: 22.0ms | ActiveRecord: 1.4ms | Allocations: 10244)


Started GET "/courses/new" for 127.0.0.1 at 2020-10-06 16:00:14 -0600
Processing by CoursesController#new as HTML
  Rendering courses/new.html.erb within layouts/application
  [1m[36mDepartment Load (0.3ms)[0m  [1m[34mSELECT "departments".* FROM "departments"[0m
  â†³ app/views/courses/_form.html.erb:16
  Rendered courses/_form.html.erb (Duration: 4.1ms | Allocations: 1671)
  Rendered courses/new.html.erb within layouts/application (Duration: 4.5ms | Allocations: 1753)
[Webpacker] Everything's up-to-date. Nothing to do
Completed 200 OK in 13ms (Views: 11.5ms | ActiveRecord: 0.3ms | Allocations: 5893)


Started GET "/departments" for 127.0.0.1 at 2020-10-06 16:10:02 -0600
Processing by DepartmentsController#index as HTML
  Rendering departments/index.html.erb within layouts/application
  [1m[36mDepartment Load (0.8ms)[0m  [1m[34mSELECT "departments".* FROM "departments"[0m
  â†³ app/views/departments/index.html.erb:14
  Rendered departments/index.html.erb within layouts/application (Duration: 9.1ms | Allocations: 3157)
[Webpacker] Everything's up-to-date. Nothing to do
Completed 200 OK in 27ms (Views: 22.4ms | ActiveRecord: 0.8ms | Allocations: 8272)


Started GET "/departments/new" for 127.0.0.1 at 2020-10-06 16:10:04 -0600
Processing by DepartmentsController#new as HTML
  Rendering departments/new.html.erb within layouts/application
  Rendered departments/_form.html.erb (Duration: 1.9ms | Allocations: 507)
  Rendered departments/new.html.erb within layouts/application (Duration: 2.3ms | Allocations: 589)
[Webpacker] Everything's up-to-date. Nothing to do
Completed 200 OK in 10ms (Views: 9.3ms | ActiveRecord: 0.0ms | Allocations: 4729)


Started GET "/semesters" for 127.0.0.1 at 2020-10-06 16:10:14 -0600
Processing by SemestersController#index as HTML
  Rendering semesters/index.html.erb within layouts/application
  [1m[36mSemester Load (0.5ms)[0m  [1m[34mSELECT "semesters".* FROM "semesters"[0m
  â†³ app/views/semesters/index.html.erb:14
  Rendered semesters/index.html.erb within layouts/application (Duration: 6.5ms | Allocations: 3187)
[Webpacker] Everything's up-to-date. Nothing to do
Completed 200 OK in 21ms (Views: 16.2ms | ActiveRecord: 0.5ms | Allocations: 8617)


Started GET "/semesters/new" for 127.0.0.1 at 2020-10-06 16:10:16 -0600
Processing by SemestersController#new as HTML
  Rendering semesters/new.html.erb within layouts/application
  Rendered semesters/_form.html.erb (Duration: 3.8ms | Allocations: 827)
  Rendered semesters/new.html.erb within layouts/application (Duration: 6.3ms | Allocations: 1149)
[Webpacker] Everything's up-to-date. Nothing to do
Completed 200 OK in 18ms (Views: 17.1ms | ActiveRecord: 0.0ms | Allocations: 5411)


Started GET "/semesters/students" for 127.0.0.1 at 2020-10-06 16:10:22 -0600
Processing by SemestersController#show as HTML
  Parameters: {"id"=>"students"}
  [1m[36mSemester Load (0.3ms)[0m  [1m[34mSELECT "semesters".* FROM "semesters" WHERE "semesters"."id" = ? LIMIT ?[0m  [["id", nil], ["LIMIT", 1]]
  â†³ app/controllers/semesters_controller.rb:67:in `set_semester'
Completed 404 Not Found in 3ms (ActiveRecord: 0.3ms | Allocations: 1205)


  
ActiveRecord::RecordNotFound (Couldn't find Semester with 'id'=students):
  
app/controllers/semesters_controller.rb:67:in `set_semester'
Started GET "/students" for 127.0.0.1 at 2020-10-06 16:10:28 -0600
Processing by StudentsController#index as HTML
Completed 500 Internal Server Error in 6ms (ActiveRecord: 0.0ms | Allocations: 2280)


  
ArgumentError (Unknown key: :presence. Valid keys are: :on, :if, :unless, :prepend. Perhaps you meant to call `validates` instead of `validate`?):
  
app/models/student.rb:5:in `<class:Student>'
app/models/student.rb:1:in `<main>'
app/controllers/students_controller.rb:7:in `index'
Started GET "/students" for 127.0.0.1 at 2020-10-06 16:10:49 -0600
  [1m[35m (0.1ms)[0m  [1m[34mSELECT sqlite_version(*)[0m
Processing by StudentsController#index as HTML
  Rendering students/index.html.erb within layouts/application
  [1m[36mStudent Load (0.4ms)[0m  [1m[34mSELECT "students".* FROM "students"[0m
  â†³ app/views/students/index.html.erb:15
  Rendered students/index.html.erb within layouts/application (Duration: 8.6ms | Allocations: 3873)
[Webpacker] Everything's up-to-date. Nothing to do
Completed 200 OK in 26ms (Views: 18.2ms | ActiveRecord: 1.1ms | Allocations: 10034)


Started GET "/students/new" for 127.0.0.1 at 2020-10-06 16:10:52 -0600
Processing by StudentsController#new as HTML
  Rendering students/new.html.erb within layouts/application
  [1m[36mSection Load (0.5ms)[0m  [1m[34mSELECT "sections".* FROM "sections"[0m
  â†³ app/views/students/_form.html.erb:26
  Rendered students/_form.html.erb (Duration: 13.9ms | Allocations: 8395)
  Rendered students/new.html.erb within layouts/application (Duration: 14.2ms | Allocations: 8477)
[Webpacker] Everything's up-to-date. Nothing to do
Completed 200 OK in 28ms (Views: 18.7ms | ActiveRecord: 1.6ms | Allocations: 14892)


Started POST "/students" for 127.0.0.1 at 2020-10-06 16:12:26 -0600
Processing by StudentsController#create as HTML
  Parameters: {"authenticity_token"=>"9Bx9XaMNvVlLtz8RVeUYUHtQVanKtkeuvUf+LmViST5MKllRlU+LHL4W49CArLJ73Q3jjv0wg5JXvZFSyJMn5g==", "student"=>{"name"=>"", "identifier"=>"", "section_ids"=>[""]}, "commit"=>"Create Student"}
  [1m[36mSection Load (0.3ms)[0m  [1m[34mSELECT "sections".* FROM "sections" WHERE 1=0[0m
  â†³ app/controllers/students_controller.rb:29:in `create'
  Rendering students/new.html.erb within layouts/application
  Rendered students/_form.html.erb (Duration: 4.7ms | Allocations: 2533)
  Rendered students/new.html.erb within layouts/application (Duration: 4.9ms | Allocations: 2596)
Completed 500 Internal Server Error in 11ms (ActiveRecord: 0.3ms | Allocations: 5544)


  
ActionView::Template::Error (undefined method `map' for nil:NilClass):
    23: 
    24:   <div class="field">
    25:     <%= form.label :section_id %><br>
    26:     <%= form.collection_check_boxes(:section_ids, @sections, :id, :id) %>
    27:   </div>
    28: 
    29:   <div class="actions">
  
app/views/students/_form.html.erb:26
app/views/students/_form.html.erb:1
app/views/students/new.html.erb:3
app/controllers/students_controller.rb:36:in `block (2 levels) in create'
app/controllers/students_controller.rb:31:in `create'
Started GET "/" for 127.0.0.1 at 2020-10-06 16:16:38 -0600
Processing by SectionsController#index as HTML
  Rendering sections/index.html.erb within layouts/application
  [1m[36mSection Load (0.5ms)[0m  [1m[34mSELECT "sections".* FROM "sections"[0m
  â†³ app/views/sections/index.html.erb:17
  [1m[36mCourse Load (0.5ms)[0m  [1m[34mSELECT "courses".* FROM "courses" WHERE "courses"."id" = ? LIMIT ?[0m  [["id", 1], ["LIMIT", 1]]
  â†³ app/views/sections/index.html.erb:19
  [1m[36mProfessor Load (0.4ms)[0m  [1m[34mSELECT "professors".* FROM "professors" WHERE "professors"."id" = ? LIMIT ?[0m  [["id", 1], ["LIMIT", 1]]
  â†³ app/views/sections/index.html.erb:20
  [1m[36mSemester Load (0.4ms)[0m  [1m[34mSELECT "semesters".* FROM "semesters" WHERE "semesters"."id" = ? LIMIT ?[0m  [["id", 1], ["LIMIT", 1]]
  â†³ app/views/sections/index.html.erb:22
  Rendered sections/index.html.erb within layouts/application (Duration: 40.6ms | Allocations: 15400)
[Webpacker] Everything's up-to-date. Nothing to do
Completed 200 OK in 57ms (Views: 52.8ms | ActiveRecord: 3.6ms | Allocations: 19672)


Started GET "/" for 127.0.0.1 at 2020-10-06 16:16:43 -0600
Processing by SectionsController#index as HTML
  Rendering sections/index.html.erb within layouts/application
  [1m[36mSection Load (0.1ms)[0m  [1m[34mSELECT "sections".* FROM "sections"[0m
  â†³ app/views/sections/index.html.erb:17
  [1m[36mCourse Load (0.7ms)[0m  [1m[34mSELECT "courses".* FROM "courses" WHERE "courses"."id" = ? LIMIT ?[0m  [["id", 1], ["LIMIT", 1]]
  â†³ app/views/sections/index.html.erb:19
  [1m[36mProfessor Load (0.3ms)[0m  [1m[34mSELECT "professors".* FROM "professors" WHERE "professors"."id" = ? LIMIT ?[0m  [["id", 1], ["LIMIT", 1]]
  â†³ app/views/sections/index.html.erb:20
  [1m[36mSemester Load (0.1ms)[0m  [1m[34mSELECT "semesters".* FROM "semesters" WHERE "semesters"."id" = ? LIMIT ?[0m  [["id", 1], ["LIMIT", 1]]
  â†³ app/views/sections/index.html.erb:22
  Rendered sections/index.html.erb within layouts/application (Duration: 16.3ms | Allocations: 2937)
[Webpacker] Everything's up-to-date. Nothing to do
Completed 200 OK in 25ms (Views: 23.0ms | ActiveRecord: 1.3ms | Allocations: 7103)


Started GET "/students/new" for 127.0.0.1 at 2020-10-06 16:16:44 -0600
Processing by StudentsController#new as HTML
  Rendering students/new.html.erb within layouts/application
  [1m[36mSection Load (0.1ms)[0m  [1m[34mSELECT "sections".* FROM "sections"[0m
  â†³ app/views/students/_form.html.erb:26
  Rendered students/_form.html.erb (Duration: 3.8ms | Allocations: 1930)
  Rendered students/new.html.erb within layouts/application (Duration: 4.2ms | Allocations: 2012)
[Webpacker] Everything's up-to-date. Nothing to do
Completed 200 OK in 18ms (Views: 16.5ms | ActiveRecord: 0.1ms | Allocations: 6157)


Started GET "/student" for 127.0.0.1 at 2020-10-06 16:16:45 -0600
  
ActionController::RoutingError (No route matches [GET] "/student"):
  
actionpack (6.0.3.3) lib/action_dispatch/middleware/debug_exceptions.rb:36:in `call'
web-console (4.0.4) lib/web_console/middleware.rb:132:in `call_app'
web-console (4.0.4) lib/web_console/middleware.rb:28:in `block in call'
web-console (4.0.4) lib/web_console/middleware.rb:17:in `catch'
web-console (4.0.4) lib/web_console/middleware.rb:17:in `call'
actionpack (6.0.3.3) lib/action_dispatch/middleware/show_exceptions.rb:33:in `call'
railties (6.0.3.3) lib/rails/rack/logger.rb:37:in `call_app'
railties (6.0.3.3) lib/rails/rack/logger.rb:26:in `block in call'
activesupport (6.0.3.3) lib/active_support/tagged_logging.rb:80:in `block in tagged'
activesupport (6.0.3.3) lib/active_support/tagged_logging.rb:28:in `tagged'
activesupport (6.0.3.3) lib/active_support/tagged_logging.rb:80:in `tagged'
railties (6.0.3.3) lib/rails/rack/logger.rb:26:in `call'
sprockets-rails (3.2.2) lib/sprockets/rails/quiet_assets.rb:13:in `call'
actionpack (6.0.3.3) lib/action_dispatch/middleware/remote_ip.rb:81:in `call'
actionpack (6.0.3.3) lib/action_dispatch/middleware/request_id.rb:27:in `call'
rack (2.2.3) lib/rack/method_override.rb:24:in `call'
rack (2.2.3) lib/rack/runtime.rb:22:in `call'
activesupport (6.0.3.3) lib/active_support/cache/strategy/local_cache_middleware.rb:29:in `call'
actionpack (6.0.3.3) lib/action_dispatch/middleware/executor.rb:14:in `call'
actionpack (6.0.3.3) lib/action_dispatch/middleware/static.rb:126:in `call'
rack (2.2.3) lib/rack/sendfile.rb:110:in `call'
actionpack (6.0.3.3) lib/action_dispatch/middleware/host_authorization.rb:82:in `call'
webpacker (4.3.0) lib/webpacker/dev_server_proxy.rb:23:in `perform_request'
rack-proxy (0.6.5) lib/rack/proxy.rb:57:in `call'
railties (6.0.3.3) lib/rails/engine.rb:527:in `call'
puma (4.3.6) lib/puma/configuration.rb:228:in `call'
puma (4.3.6) lib/puma/server.rb:713:in `handle_request'
puma (4.3.6) lib/puma/server.rb:472:in `process_client'
puma (4.3.6) lib/puma/server.rb:328:in `block in run'
puma (4.3.6) lib/puma/thread_pool.rb:134:in `block in spawn_thread'
Started GET "/students" for 127.0.0.1 at 2020-10-06 16:16:45 -0600
Processing by StudentsController#index as HTML
  Rendering students/index.html.erb within layouts/application
  [1m[36mStudent Load (0.5ms)[0m  [1m[34mSELECT "students".* FROM "students"[0m
  â†³ app/views/students/index.html.erb:15
  Rendered students/index.html.erb within layouts/application (Duration: 2.0ms | Allocations: 889)
[Webpacker] Everything's up-to-date. Nothing to do
Completed 200 OK in 9ms (Views: 7.8ms | ActiveRecord: 0.5ms | Allocations: 5028)


Started GET "/students/new" for 127.0.0.1 at 2020-10-06 16:16:46 -0600
Processing by StudentsController#new as HTML
  Rendering students/new.html.erb within layouts/application
  [1m[36mSection Load (0.2ms)[0m  [1m[34mSELECT "sections".* FROM "sections"[0m
  â†³ app/views/students/_form.html.erb:26
  Rendered students/_form.html.erb (Duration: 10.1ms | Allocations: 1927)
  Rendered students/new.html.erb within layouts/application (Duration: 10.7ms | Allocations: 2009)
[Webpacker] Everything's up-to-date. Nothing to do
Completed 200 OK in 23ms (Views: 21.2ms | ActiveRecord: 0.2ms | Allocations: 6150)


Started POST "/students" for 127.0.0.1 at 2020-10-06 16:17:05 -0600
Processing by StudentsController#create as HTML
  Parameters: {"authenticity_token"=>"dHd+ifRWVgxwB7yuGzk2kJOXh9vNcLQ1s0ZtyI1RhHSxXxsKgtZrdXYMq3kSQpfdm8CglBYElFrYMfI6P8d7qQ==", "student"=>{"name"=>"Test", "identifier"=>"900123456", "section_ids"=>[""]}, "commit"=>"Create Student"}
  [1m[36mSection Load (0.2ms)[0m  [1m[34mSELECT "sections".* FROM "sections" WHERE 1=0[0m
  â†³ app/controllers/students_controller.rb:29:in `create'
  Rendering students/new.html.erb within layouts/application
  Rendered students/_form.html.erb (Duration: 2.1ms | Allocations: 2274)
  Rendered students/new.html.erb within layouts/application (Duration: 2.3ms | Allocations: 2337)
Completed 500 Internal Server Error in 9ms (ActiveRecord: 0.2ms | Allocations: 4613)


  
ActionView::Template::Error (undefined method `map' for nil:NilClass):
    23: 
    24:   <div class="field">
    25:     <%= form.label :section_id %><br>
    26:     <%= form.collection_check_boxes(:section_ids, @sections, :id, :id) %>
    27:   </div>
    28: 
    29:   <div class="actions">
  
app/views/students/_form.html.erb:26
app/views/students/_form.html.erb:1
app/views/students/new.html.erb:3
app/controllers/students_controller.rb:36:in `block (2 levels) in create'
app/controllers/students_controller.rb:31:in `create'
Started GET "/students/new" for 127.0.0.1 at 2020-10-06 16:20:34 -0600
Processing by StudentsController#new as HTML
  Rendering students/new.html.erb within layouts/application
  [1m[36mSection Load (0.1ms)[0m  [1m[34mSELECT "sections".* FROM "sections"[0m
  â†³ app/views/students/_form.html.erb:26
  Rendered students/_form.html.erb (Duration: 4.0ms | Allocations: 1930)
  Rendered students/new.html.erb within layouts/application (Duration: 4.3ms | Allocations: 2012)
[Webpacker] Everything's up-to-date. Nothing to do
Completed 200 OK in 25ms (Views: 21.1ms | ActiveRecord: 0.1ms | Allocations: 6179)


Started POST "/students" for 127.0.0.1 at 2020-10-06 16:20:37 -0600
Processing by StudentsController#create as HTML
  Parameters: {"authenticity_token"=>"K6GSvxXFfGj93GDESuRni53j7wN6YZtRYj+B5RvNHN/uifc8Y0VBEfvXdxNDn8bGlbTITKEVuz4JSB4XqVvjAg==", "student"=>{"name"=>"", "identifier"=>"", "section_ids"=>[""]}, "commit"=>"Create Student"}
  [1m[36mSection Load (0.2ms)[0m  [1m[34mSELECT "sections".* FROM "sections" WHERE 1=0[0m
  â†³ app/controllers/students_controller.rb:29:in `create'
  Rendering students/new.html.erb within layouts/application
  Rendered students/_form.html.erb (Duration: 2.2ms | Allocations: 2530)
  Rendered students/new.html.erb within layouts/application (Duration: 2.4ms | Allocations: 2593)
Completed 500 Internal Server Error in 10ms (ActiveRecord: 0.2ms | Allocations: 5424)


  
ActionView::Template::Error (undefined method `map' for nil:NilClass):
    23: 
    24:   <div class="field">
    25:     <%= form.label :section_id %><br>
    26:     <%= form.collection_check_boxes(:section_ids, @sections, :id, :id) %>
    27:   </div>
    28: 
    29:   <div class="actions">
  
app/views/students/_form.html.erb:26
app/views/students/_form.html.erb:1
app/views/students/new.html.erb:3
app/controllers/students_controller.rb:36:in `block (2 levels) in create'
app/controllers/students_controller.rb:31:in `create'
Started GET "/" for 127.0.0.1 at 2020-10-06 16:22:56 -0600
  [1m[35m (0.1ms)[0m  [1m[34mSELECT sqlite_version(*)[0m
Processing by SectionsController#index as HTML
  Rendering sections/index.html.erb within layouts/application
  [1m[36mSection Load (0.8ms)[0m  [1m[34mSELECT "sections".* FROM "sections"[0m
  â†³ app/views/sections/index.html.erb:17
  [1m[36mCourse Load (0.5ms)[0m  [1m[34mSELECT "courses".* FROM "courses" WHERE "courses"."id" = ? LIMIT ?[0m  [["id", 1], ["LIMIT", 1]]
  â†³ app/views/sections/index.html.erb:19
  [1m[36mProfessor Load (0.5ms)[0m  [1m[34mSELECT "professors".* FROM "professors" WHERE "professors"."id" = ? LIMIT ?[0m  [["id", 1], ["LIMIT", 1]]
  â†³ app/views/sections/index.html.erb:20
  [1m[36mSemester Load (0.5ms)[0m  [1m[34mSELECT "semesters".* FROM "semesters" WHERE "semesters"."id" = ? LIMIT ?[0m  [["id", 1], ["LIMIT", 1]]
  â†³ app/views/sections/index.html.erb:22
  Rendered sections/index.html.erb within layouts/application (Duration: 40.1ms | Allocations: 19288)
[Webpacker] Everything's up-to-date. Nothing to do
Completed 200 OK in 60ms (Views: 49.1ms | ActiveRecord: 4.6ms | Allocations: 26079)


Started GET "/" for 127.0.0.1 at 2020-10-06 16:23:01 -0600
Processing by SectionsController#index as HTML
  Rendering sections/index.html.erb within layouts/application
  [1m[36mSection Load (0.2ms)[0m  [1m[34mSELECT "sections".* FROM "sections"[0m
  â†³ app/views/sections/index.html.erb:17
  [1m[36mCourse Load (0.2ms)[0m  [1m[34mSELECT "courses".* FROM "courses" WHERE "courses"."id" = ? LIMIT ?[0m  [["id", 1], ["LIMIT", 1]]
  â†³ app/views/sections/index.html.erb:19
  [1m[36mProfessor Load (0.1ms)[0m  [1m[34mSELECT "professors".* FROM "professors" WHERE "professors"."id" = ? LIMIT ?[0m  [["id", 1], ["LIMIT", 1]]
  â†³ app/views/sections/index.html.erb:20
  [1m[36mSemester Load (0.1ms)[0m  [1m[34mSELECT "semesters".* FROM "semesters" WHERE "semesters"."id" = ? LIMIT ?[0m  [["id", 1], ["LIMIT", 1]]
  â†³ app/views/sections/index.html.erb:22
  Rendered sections/index.html.erb within layouts/application (Duration: 4.6ms | Allocations: 2937)
[Webpacker] Everything's up-to-date. Nothing to do
Completed 200 OK in 12ms (Views: 10.9ms | ActiveRecord: 0.5ms | Allocations: 7057)


Started GET "/students/new" for 127.0.0.1 at 2020-10-06 16:23:01 -0600
Processing by StudentsController#new as HTML
  Rendering students/new.html.erb within layouts/application
  [1m[36mSection Load (0.2ms)[0m  [1m[34mSELECT "sections".* FROM "sections"[0m
  â†³ app/views/students/_form.html.erb:26
  Rendered students/_form.html.erb (Duration: 7.3ms | Allocations: 4736)
  Rendered students/new.html.erb within layouts/application (Duration: 7.7ms | Allocations: 4819)
[Webpacker] Everything's up-to-date. Nothing to do
Completed 200 OK in 38ms (Views: 14.9ms | ActiveRecord: 1.8ms | Allocations: 13448)


Started GET "/student" for 127.0.0.1 at 2020-10-06 16:23:02 -0600
  
ActionController::RoutingError (No route matches [GET] "/student"):
  
actionpack (6.0.3.3) lib/action_dispatch/middleware/debug_exceptions.rb:36:in `call'
web-console (4.0.4) lib/web_console/middleware.rb:132:in `call_app'
web-console (4.0.4) lib/web_console/middleware.rb:28:in `block in call'
web-console (4.0.4) lib/web_console/middleware.rb:17:in `catch'
web-console (4.0.4) lib/web_console/middleware.rb:17:in `call'
actionpack (6.0.3.3) lib/action_dispatch/middleware/show_exceptions.rb:33:in `call'
railties (6.0.3.3) lib/rails/rack/logger.rb:37:in `call_app'
railties (6.0.3.3) lib/rails/rack/logger.rb:26:in `block in call'
activesupport (6.0.3.3) lib/active_support/tagged_logging.rb:80:in `block in tagged'
activesupport (6.0.3.3) lib/active_support/tagged_logging.rb:28:in `tagged'
activesupport (6.0.3.3) lib/active_support/tagged_logging.rb:80:in `tagged'
railties (6.0.3.3) lib/rails/rack/logger.rb:26:in `call'
sprockets-rails (3.2.2) lib/sprockets/rails/quiet_assets.rb:13:in `call'
actionpack (6.0.3.3) lib/action_dispatch/middleware/remote_ip.rb:81:in `call'
actionpack (6.0.3.3) lib/action_dispatch/middleware/request_id.rb:27:in `call'
rack (2.2.3) lib/rack/method_override.rb:24:in `call'
rack (2.2.3) lib/rack/runtime.rb:22:in `call'
activesupport (6.0.3.3) lib/active_support/cache/strategy/local_cache_middleware.rb:29:in `call'
actionpack (6.0.3.3) lib/action_dispatch/middleware/executor.rb:14:in `call'
actionpack (6.0.3.3) lib/action_dispatch/middleware/static.rb:126:in `call'
rack (2.2.3) lib/rack/sendfile.rb:110:in `call'
actionpack (6.0.3.3) lib/action_dispatch/middleware/host_authorization.rb:82:in `call'
webpacker (4.3.0) lib/webpacker/dev_server_proxy.rb:23:in `perform_request'
rack-proxy (0.6.5) lib/rack/proxy.rb:57:in `call'
railties (6.0.3.3) lib/rails/engine.rb:527:in `call'
puma (4.3.6) lib/puma/configuration.rb:228:in `call'
puma (4.3.6) lib/puma/server.rb:713:in `handle_request'
puma (4.3.6) lib/puma/server.rb:472:in `process_client'
puma (4.3.6) lib/puma/server.rb:328:in `block in run'
puma (4.3.6) lib/puma/thread_pool.rb:134:in `block in spawn_thread'
Started GET "/students" for 127.0.0.1 at 2020-10-06 16:23:02 -0600
Processing by StudentsController#index as HTML
  Rendering students/index.html.erb within layouts/application
  [1m[36mStudent Load (0.8ms)[0m  [1m[34mSELECT "students".* FROM "students"[0m
  â†³ app/views/students/index.html.erb:15
  Rendered students/index.html.erb within layouts/application (Duration: 2.2ms | Allocations: 915)
[Webpacker] Everything's up-to-date. Nothing to do
Completed 200 OK in 9ms (Views: 8.0ms | ActiveRecord: 0.8ms | Allocations: 5099)


Started GET "/students/new" for 127.0.0.1 at 2020-10-06 16:23:04 -0600
Processing by StudentsController#new as HTML
  Rendering students/new.html.erb within layouts/application
  [1m[36mSection Load (0.2ms)[0m  [1m[34mSELECT "sections".* FROM "sections"[0m
  â†³ app/views/students/_form.html.erb:26
  Rendered students/_form.html.erb (Duration: 12.3ms | Allocations: 1928)
  Rendered students/new.html.erb within layouts/application (Duration: 13.9ms | Allocations: 2010)
[Webpacker] Everything's up-to-date. Nothing to do
Completed 200 OK in 23ms (Views: 22.1ms | ActiveRecord: 0.2ms | Allocations: 6157)


Started POST "/students" for 127.0.0.1 at 2020-10-06 16:23:05 -0600
Processing by StudentsController#create as HTML
  Parameters: {"authenticity_token"=>"+YsA2GsRYY8d8Qz/uD4RRf7pyZB0xLtMzeGTCtc0uIk8o2VbHZFc9hv6GyixRbAI9r7u36+wmyOmlgz4ZaJHVA==", "student"=>{"name"=>"", "identifier"=>"", "section_ids"=>[""]}, "commit"=>"Create Student"}
  [1m[36mSection Load (0.2ms)[0m  [1m[34mSELECT "sections".* FROM "sections" WHERE 1=0[0m
  â†³ app/controllers/students_controller.rb:29:in `create'
  Rendering students/new.html.erb within layouts/application
  Rendered students/_form.html.erb (Duration: 2.6ms | Allocations: 2533)
  Rendered students/new.html.erb within layouts/application (Duration: 2.9ms | Allocations: 2596)
Completed 500 Internal Server Error in 7ms (ActiveRecord: 0.2ms | Allocations: 5599)


  
ActionView::Template::Error (undefined method `map' for nil:NilClass):
    23: 
    24:   <div class="field">
    25:     <%= form.label :section_id %><br>
    26:     <%= form.collection_check_boxes(:section_ids, @sections, :id, :id) %>
    27:   </div>
    28: 
    29:   <div class="actions">
  
app/views/students/_form.html.erb:26
app/views/students/_form.html.erb:1
app/views/students/new.html.erb:3
app/controllers/students_controller.rb:36:in `block (2 levels) in create'
app/controllers/students_controller.rb:31:in `create'
Started GET "/students/new" for 127.0.0.1 at 2020-10-06 16:23:55 -0600
  [1m[35m (0.1ms)[0m  [1m[34mSELECT sqlite_version(*)[0m
Processing by StudentsController#new as HTML
Completed 500 Internal Server Error in 6ms (ActiveRecord: 0.0ms | Allocations: 2379)


  
ArgumentError (You need to supply at least one validation):
  
app/models/student.rb:5:in `<class:Student>'
app/models/student.rb:1:in `<main>'
app/controllers/students_controller.rb:17:in `new'
Started GET "/students" for 127.0.0.1 at 2020-10-06 16:23:57 -0600
Processing by StudentsController#index as HTML
Completed 500 Internal Server Error in 3ms (ActiveRecord: 0.0ms | Allocations: 1748)


  
ArgumentError (You need to supply at least one validation):
  
app/models/student.rb:5:in `<class:Student>'
app/models/student.rb:1:in `<main>'
app/controllers/students_controller.rb:7:in `index'
Started GET "/students" for 127.0.0.1 at 2020-10-06 16:24:02 -0600
Processing by StudentsController#index as HTML
Completed 500 Internal Server Error in 3ms (ActiveRecord: 0.0ms | Allocations: 1748)


  
ArgumentError (You need to supply at least one validation):
  
app/models/student.rb:5:in `<class:Student>'
app/models/student.rb:1:in `<main>'
app/controllers/students_controller.rb:7:in `index'
Started GET "/student" for 127.0.0.1 at 2020-10-06 17:05:08 -0600
  [1m[35m (0.1ms)[0m  [1m[34mSELECT sqlite_version(*)[0m
  
ActionController::RoutingError (No route matches [GET] "/student"):
  
actionpack (6.0.3.3) lib/action_dispatch/middleware/debug_exceptions.rb:36:in `call'
web-console (4.0.4) lib/web_console/middleware.rb:132:in `call_app'
web-console (4.0.4) lib/web_console/middleware.rb:28:in `block in call'
web-console (4.0.4) lib/web_console/middleware.rb:17:in `catch'
web-console (4.0.4) lib/web_console/middleware.rb:17:in `call'
actionpack (6.0.3.3) lib/action_dispatch/middleware/show_exceptions.rb:33:in `call'
railties (6.0.3.3) lib/rails/rack/logger.rb:37:in `call_app'
railties (6.0.3.3) lib/rails/rack/logger.rb:26:in `block in call'
activesupport (6.0.3.3) lib/active_support/tagged_logging.rb:80:in `block in tagged'
activesupport (6.0.3.3) lib/active_support/tagged_logging.rb:28:in `tagged'
activesupport (6.0.3.3) lib/active_support/tagged_logging.rb:80:in `tagged'
railties (6.0.3.3) lib/rails/rack/logger.rb:26:in `call'
sprockets-rails (3.2.2) lib/sprockets/rails/quiet_assets.rb:13:in `call'
actionpack (6.0.3.3) lib/action_dispatch/middleware/remote_ip.rb:81:in `call'
actionpack (6.0.3.3) lib/action_dispatch/middleware/request_id.rb:27:in `call'
rack (2.2.3) lib/rack/method_override.rb:24:in `call'
rack (2.2.3) lib/rack/runtime.rb:22:in `call'
activesupport (6.0.3.3) lib/active_support/cache/strategy/local_cache_middleware.rb:29:in `call'
actionpack (6.0.3.3) lib/action_dispatch/middleware/executor.rb:14:in `call'
actionpack (6.0.3.3) lib/action_dispatch/middleware/static.rb:126:in `call'
rack (2.2.3) lib/rack/sendfile.rb:110:in `call'
actionpack (6.0.3.3) lib/action_dispatch/middleware/host_authorization.rb:82:in `call'
webpacker (4.3.0) lib/webpacker/dev_server_proxy.rb:23:in `perform_request'
rack-proxy (0.6.5) lib/rack/proxy.rb:57:in `call'
railties (6.0.3.3) lib/rails/engine.rb:527:in `call'
puma (4.3.6) lib/puma/configuration.rb:228:in `call'
puma (4.3.6) lib/puma/server.rb:713:in `handle_request'
puma (4.3.6) lib/puma/server.rb:472:in `process_client'
puma (4.3.6) lib/puma/server.rb:328:in `block in run'
puma (4.3.6) lib/puma/thread_pool.rb:134:in `block in spawn_thread'
Started GET "/students/new" for 127.0.0.1 at 2020-10-06 17:05:09 -0600
Processing by StudentsController#new as HTML
Completed 500 Internal Server Error in 5ms (ActiveRecord: 0.0ms | Allocations: 2403)


  
ArgumentError (You need to supply at least one validation):
  
app/models/student.rb:5:in `<class:Student>'
app/models/student.rb:1:in `<main>'
app/controllers/students_controller.rb:17:in `new'
Started GET "/" for 127.0.0.1 at 2020-10-06 17:05:09 -0600
  [1m[35m (0.1ms)[0m  [1m[34mSELECT sqlite_version(*)[0m
Processing by SectionsController#index as HTML
  Rendering sections/index.html.erb within layouts/application
  [1m[36mSection Load (0.6ms)[0m  [1m[34mSELECT "sections".* FROM "sections"[0m
  â†³ app/views/sections/index.html.erb:17
  [1m[36mCourse Load (0.4ms)[0m  [1m[34mSELECT "courses".* FROM "courses" WHERE "courses"."id" = ? LIMIT ?[0m  [["id", 1], ["LIMIT", 1]]
  â†³ app/views/sections/index.html.erb:19
  [1m[36mProfessor Load (0.4ms)[0m  [1m[34mSELECT "professors".* FROM "professors" WHERE "professors"."id" = ? LIMIT ?[0m  [["id", 1], ["LIMIT", 1]]
  â†³ app/views/sections/index.html.erb:20
  [1m[36mSemester Load (0.5ms)[0m  [1m[34mSELECT "semesters".* FROM "semesters" WHERE "semesters"."id" = ? LIMIT ?[0m  [["id", 1], ["LIMIT", 1]]
  â†³ app/views/sections/index.html.erb:22
  Rendered sections/index.html.erb within layouts/application (Duration: 43.0ms | Allocations: 20931)
Completed 500 Internal Server Error in 57ms (ActiveRecord: 5.1ms | Allocations: 26896)


  
ActionView::SyntaxErrorInTemplate (Encountered a syntax error while rendering template: check <!DOCTYPE html>
<%= form_tag(search_path, :method => "get") do %>
<div class="input-group">
  <%= search_field_tag :search, params[:search], placeholder: "Type", class: "form-control" %>
  <div class="input-group-btn">
    <%= button_tag "Search", :class => 'btn btn-info glyphicon-search', :name => nil%>
  </div>
</div>
<html>
  <head>
    <title>Assignment02</title>
    <%= csrf_meta_tags %>
    <%= csp_meta_tag %>

    <%= stylesheet_link_tag 'application', media: 'all', 'data-turbolinks-track': 'reload' %>
    <%= javascript_pack_tag 'application', 'data-turbolinks-track': 'reload' %>
  </head>

  <body>
    <%= yield %>
  </body>
</html>

):
1:    <!DOCTYPE html>
2:    <%= form_tag(search_path, :method => "get") do %>
3:    <div class="input-group">
4:      <%= search_field_tag :search, params[:search], placeholder: "Type", class: "form-control" %>
5:      <div class="input-group-btn">
6:        <%= button_tag "Search", :class => 'btn btn-info glyphicon-search', :name => nil%>
7:      </div>
8:    </div>
9:    <html>
10:      <head>
11:        <title>Assignment02</title>
12:        <%= csrf_meta_tags %>
13:        <%= csp_meta_tag %>
14:    
15:        <%= stylesheet_link_tag 'application', media: 'all', 'data-turbolinks-track': 'reload' %>
16:        <%= javascript_pack_tag 'application', 'data-turbolinks-track': 'reload' %>
17:      </head>
18:    
19:      <body>
20:        <%= yield %>
21:      </body>
22:    </html>
  
app/views/layouts/application.html.erb:25: syntax error, unexpected end-of-input, expecting `end'
app/views/layouts/application.html.erb:25: syntax error, unexpected end-of-input, expecting `end'
app/views/layouts/application.html.erb:25: syntax error, unexpected end-of-input, expecting `end'
app/views/layouts/application.html.erb:25: syntax error, unexpected end-of-input, expecting `end'
app/views/layouts/application.html.erb:25: syntax error, unexpected end-of-input, expecting `end'
app/views/layouts/application.html.erb:25: syntax error, unexpected end-of-input, expecting `end'
Started GET "/" for 127.0.0.1 at 2020-10-06 17:05:43 -0600
Processing by SectionsController#index as HTML
  Rendering sections/index.html.erb within layouts/application
  [1m[36mSection Load (0.1ms)[0m  [1m[34mSELECT "sections".* FROM "sections"[0m
  â†³ app/views/sections/index.html.erb:17
  [1m[36mCourse Load (0.1ms)[0m  [1m[34mSELECT "courses".* FROM "courses" WHERE "courses"."id" = ? LIMIT ?[0m  [["id", 1], ["LIMIT", 1]]
  â†³ app/views/sections/index.html.erb:19
  [1m[36mProfessor Load (0.1ms)[0m  [1m[34mSELECT "professors".* FROM "professors" WHERE "professors"."id" = ? LIMIT ?[0m  [["id", 1], ["LIMIT", 1]]
  â†³ app/views/sections/index.html.erb:20
  [1m[36mSemester Load (0.1ms)[0m  [1m[34mSELECT "semesters".* FROM "semesters" WHERE "semesters"."id" = ? LIMIT ?[0m  [["id", 1], ["LIMIT", 1]]
  â†³ app/views/sections/index.html.erb:22
  Rendered sections/index.html.erb within layouts/application (Duration: 4.7ms | Allocations: 3212)
Completed 500 Internal Server Error in 8ms (ActiveRecord: 0.4ms | Allocations: 5471)


  
ActionView::SyntaxErrorInTemplate (Encountered a syntax error while rendering template: check <!DOCTYPE html>
<%= form_tag(search_path, :method => "get") do %>
<html>
  <head>
    <div class="input-group">
      <%= search_field_tag :search, params[:search], placeholder: "Type", class: "form-control" %>
      <div class="input-group-btn">
        <%= button_tag "Search", :class => 'btn btn-info glyphicon-search', :name => nil%>
      </div>
    </div>
    <title>Assignment02</title>
    <%= csrf_meta_tags %>
    <%= csp_meta_tag %>

    <%= stylesheet_link_tag 'application', media: 'all', 'data-turbolinks-track': 'reload' %>
    <%= javascript_pack_tag 'application', 'data-turbolinks-track': 'reload' %>
  </head>

  <body>
    <%= yield %>
  </body>
</html>

):
1:    <!DOCTYPE html>
2:    <%= form_tag(search_path, :method => "get") do %>
3:    <html>
4:      <head>
5:        <div class="input-group">
6:          <%= search_field_tag :search, params[:search], placeholder: "Type", class: "form-control" %>
7:          <div class="input-group-btn">
8:            <%= button_tag "Search", :class => 'btn btn-info glyphicon-search', :name => nil%>
9:          </div>
10:        </div>
11:        <title>Assignment02</title>
12:        <%= csrf_meta_tags %>
13:        <%= csp_meta_tag %>
14:    
15:        <%= stylesheet_link_tag 'application', media: 'all', 'data-turbolinks-track': 'reload' %>
16:        <%= javascript_pack_tag 'application', 'data-turbolinks-track': 'reload' %>
17:      </head>
18:    
19:      <body>
20:        <%= yield %>
21:      </body>
22:    </html>
  
app/views/layouts/application.html.erb:25: syntax error, unexpected end-of-input, expecting `end'
app/views/layouts/application.html.erb:25: syntax error, unexpected end-of-input, expecting `end'
app/views/layouts/application.html.erb:25: syntax error, unexpected end-of-input, expecting `end'
app/views/layouts/application.html.erb:25: syntax error, unexpected end-of-input, expecting `end'
app/views/layouts/application.html.erb:25: syntax error, unexpected end-of-input, expecting `end'
app/views/layouts/application.html.erb:25: syntax error, unexpected end-of-input, expecting `end'
Started GET "/" for 127.0.0.1 at 2020-10-06 17:06:18 -0600
Processing by SectionsController#index as HTML
  Rendering sections/index.html.erb within layouts/application
  [1m[36mSection Load (0.1ms)[0m  [1m[34mSELECT "sections".* FROM "sections"[0m
  â†³ app/views/sections/index.html.erb:17
  [1m[36mCourse Load (0.1ms)[0m  [1m[34mSELECT "courses".* FROM "courses" WHERE "courses"."id" = ? LIMIT ?[0m  [["id", 1], ["LIMIT", 1]]
  â†³ app/views/sections/index.html.erb:19
  [1m[36mProfessor Load (0.1ms)[0m  [1m[34mSELECT "professors".* FROM "professors" WHERE "professors"."id" = ? LIMIT ?[0m  [["id", 1], ["LIMIT", 1]]
  â†³ app/views/sections/index.html.erb:20
  [1m[36mSemester Load (0.1ms)[0m  [1m[34mSELECT "semesters".* FROM "semesters" WHERE "semesters"."id" = ? LIMIT ?[0m  [["id", 1], ["LIMIT", 1]]
  â†³ app/views/sections/index.html.erb:22
  Rendered sections/index.html.erb within layouts/application (Duration: 6.4ms | Allocations: 3212)
Completed 500 Internal Server Error in 12ms (ActiveRecord: 0.4ms | Allocations: 5472)


  
ActionView::SyntaxErrorInTemplate (Encountered a syntax error while rendering template: check <!DOCTYPE html>
<%= form_tag(search_path, :method => "get") do %>
<html>
  <head>

    <title>Assignment02</title>
    <%= csrf_meta_tags %>
    <%= csp_meta_tag %>

    <%= stylesheet_link_tag 'application', media: 'all', 'data-turbolinks-track': 'reload' %>
    <%= javascript_pack_tag 'application', 'data-turbolinks-track': 'reload' %>
  </head>

  <body>
  <div class="input-group">
    <%= search_field_tag :search, params[:search], placeholder: "Type", class: "form-control" %>
    <div class="input-group-btn">
      <%= button_tag "Search", :class => 'btn btn-info glyphicon-search', :name => nil%>
    </div>
  </div>
    <%= yield %>
  </body>
</html>

):
1:    <!DOCTYPE html>
2:    <%= form_tag(search_path, :method => "get") do %>
3:    <html>
4:      <head>
5:    
6:        <title>Assignment02</title>
7:        <%= csrf_meta_tags %>
8:        <%= csp_meta_tag %>
9:    
10:        <%= stylesheet_link_tag 'application', media: 'all', 'data-turbolinks-track': 'reload' %>
11:        <%= javascript_pack_tag 'application', 'data-turbolinks-track': 'reload' %>
12:      </head>
13:    
14:      <body>
15:      <div class="input-group">
16:        <%= search_field_tag :search, params[:search], placeholder: "Type", class: "form-control" %>
17:        <div class="input-group-btn">
18:          <%= button_tag "Search", :class => 'btn btn-info glyphicon-search', :name => nil%>
19:        </div>
20:      </div>
21:        <%= yield %>
22:      </body>
23:    </html>
  
app/views/layouts/application.html.erb:26: syntax error, unexpected end-of-input, expecting `end'
app/views/layouts/application.html.erb:26: syntax error, unexpected end-of-input, expecting `end'
app/views/layouts/application.html.erb:26: syntax error, unexpected end-of-input, expecting `end'
app/views/layouts/application.html.erb:26: syntax error, unexpected end-of-input, expecting `end'
app/views/layouts/application.html.erb:26: syntax error, unexpected end-of-input, expecting `end'
app/views/layouts/application.html.erb:26: syntax error, unexpected end-of-input, expecting `end'
Started GET "/" for 127.0.0.1 at 2020-10-06 17:06:19 -0600
Processing by SectionsController#index as HTML
  Rendering sections/index.html.erb within layouts/application
  [1m[36mSection Load (0.1ms)[0m  [1m[34mSELECT "sections".* FROM "sections"[0m
  â†³ app/views/sections/index.html.erb:17
  [1m[36mCourse Load (0.1ms)[0m  [1m[34mSELECT "courses".* FROM "courses" WHERE "courses"."id" = ? LIMIT ?[0m  [["id", 1], ["LIMIT", 1]]
  â†³ app/views/sections/index.html.erb:19
  [1m[36mProfessor Load (0.1ms)[0m  [1m[34mSELECT "professors".* FROM "professors" WHERE "professors"."id" = ? LIMIT ?[0m  [["id", 1], ["LIMIT", 1]]
  â†³ app/views/sections/index.html.erb:20
  [1m[36mSemester Load (0.6ms)[0m  [1m[34mSELECT "semesters".* FROM "semesters" WHERE "semesters"."id" = ? LIMIT ?[0m  [["id", 1], ["LIMIT", 1]]
  â†³ app/views/sections/index.html.erb:22
  Rendered sections/index.html.erb within layouts/application (Duration: 9.1ms | Allocations: 2936)
Completed 500 Internal Server Error in 12ms (ActiveRecord: 1.0ms | Allocations: 4445)


  
ActionView::SyntaxErrorInTemplate (Encountered a syntax error while rendering template: check <!DOCTYPE html>
<%= form_tag(search_path, :method => "get") do %>
<html>
  <head>

    <title>Assignment02</title>
    <%= csrf_meta_tags %>
    <%= csp_meta_tag %>

    <%= stylesheet_link_tag 'application', media: 'all', 'data-turbolinks-track': 'reload' %>
    <%= javascript_pack_tag 'application', 'data-turbolinks-track': 'reload' %>
  </head>

  <body>
  <div class="input-group">
    <%= search_field_tag :search, params[:search], placeholder: "Type", class: "form-control" %>
    <div class="input-group-btn">
      <%= button_tag "Search", :class => 'btn btn-info glyphicon-search', :name => nil%>
    </div>
  </div>
    <%= yield %>
  </body>
</html>

):
1:    <!DOCTYPE html>
2:    <%= form_tag(search_path, :method => "get") do %>
3:    <html>
4:      <head>
5:    
6:        <title>Assignment02</title>
7:        <%= csrf_meta_tags %>
8:        <%= csp_meta_tag %>
9:    
10:        <%= stylesheet_link_tag 'application', media: 'all', 'data-turbolinks-track': 'reload' %>
11:        <%= javascript_pack_tag 'application', 'data-turbolinks-track': 'reload' %>
12:      </head>
13:    
14:      <body>
15:      <div class="input-group">
16:        <%= search_field_tag :search, params[:search], placeholder: "Type", class: "form-control" %>
17:        <div class="input-group-btn">
18:          <%= button_tag "Search", :class => 'btn btn-info glyphicon-search', :name => nil%>
19:        </div>
20:      </div>
21:        <%= yield %>
22:      </body>
23:    </html>
  
app/views/layouts/application.html.erb:26: syntax error, unexpected end-of-input, expecting `end'
app/views/layouts/application.html.erb:26: syntax error, unexpected end-of-input, expecting `end'
app/views/layouts/application.html.erb:26: syntax error, unexpected end-of-input, expecting `end'
app/views/layouts/application.html.erb:26: syntax error, unexpected end-of-input, expecting `end'
app/views/layouts/application.html.erb:26: syntax error, unexpected end-of-input, expecting `end'
app/views/layouts/application.html.erb:26: syntax error, unexpected end-of-input, expecting `end'
Started GET "/" for 127.0.0.1 at 2020-10-06 17:06:25 -0600
Processing by SectionsController#index as HTML
  Rendering sections/index.html.erb within layouts/application
  [1m[36mSection Load (0.1ms)[0m  [1m[34mSELECT "sections".* FROM "sections"[0m
  â†³ app/views/sections/index.html.erb:17
  [1m[36mCourse Load (0.2ms)[0m  [1m[34mSELECT "courses".* FROM "courses" WHERE "courses"."id" = ? LIMIT ?[0m  [["id", 1], ["LIMIT", 1]]
  â†³ app/views/sections/index.html.erb:19
  [1m[36mProfessor Load (0.1ms)[0m  [1m[34mSELECT "professors".* FROM "professors" WHERE "professors"."id" = ? LIMIT ?[0m  [["id", 1], ["LIMIT", 1]]
  â†³ app/views/sections/index.html.erb:20
  [1m[36mSemester Load (0.1ms)[0m  [1m[34mSELECT "semesters".* FROM "semesters" WHERE "semesters"."id" = ? LIMIT ?[0m  [["id", 1], ["LIMIT", 1]]
  â†³ app/views/sections/index.html.erb:22
  Rendered sections/index.html.erb within layouts/application (Duration: 7.0ms | Allocations: 3212)
Completed 500 Internal Server Error in 11ms (ActiveRecord: 0.5ms | Allocations: 5429)


  
ActionView::SyntaxErrorInTemplate (Encountered a syntax error while rendering template: check <!DOCTYPE html>
<%= form_tag(search_path, :method => "get") do %>
<html>
  <head>

    <title>Assignment02</title>
    <%= csrf_meta_tags %>
    <%= csp_meta_tag %>

    <%= stylesheet_link_tag 'application', media: 'all', 'data-turbolinks-track': 'reload' %>
    <%= javascript_pack_tag 'application', 'data-turbolinks-track': 'reload' %>
  </head>

  <body>
  
    <%= yield %>
  </body>
</html>

):
1:    <!DOCTYPE html>
2:    <%= form_tag(search_path, :method => "get") do %>
3:    <html>
4:      <head>
5:    
6:        <title>Assignment02</title>
7:        <%= csrf_meta_tags %>
8:        <%= csp_meta_tag %>
9:    
10:        <%= stylesheet_link_tag 'application', media: 'all', 'data-turbolinks-track': 'reload' %>
11:        <%= javascript_pack_tag 'application', 'data-turbolinks-track': 'reload' %>
12:      </head>
13:    
14:      <body>
15:      
16:        <%= yield %>
17:      </body>
18:    </html>
  
app/views/layouts/application.html.erb:21: syntax error, unexpected end-of-input, expecting `end'
app/views/layouts/application.html.erb:21: syntax error, unexpected end-of-input, expecting `end'
app/views/layouts/application.html.erb:21: syntax error, unexpected end-of-input, expecting `end'
app/views/layouts/application.html.erb:21: syntax error, unexpected end-of-input, expecting `end'
app/views/layouts/application.html.erb:21: syntax error, unexpected end-of-input, expecting `end'
app/views/layouts/application.html.erb:21: syntax error, unexpected end-of-input, expecting `end'
Started GET "/" for 127.0.0.1 at 2020-10-06 17:06:27 -0600
Processing by SectionsController#index as HTML
  Rendering sections/index.html.erb within layouts/application
  [1m[36mSection Load (0.3ms)[0m  [1m[34mSELECT "sections".* FROM "sections"[0m
  â†³ app/views/sections/index.html.erb:17
  [1m[36mCourse Load (0.2ms)[0m  [1m[34mSELECT "courses".* FROM "courses" WHERE "courses"."id" = ? LIMIT ?[0m  [["id", 1], ["LIMIT", 1]]
  â†³ app/views/sections/index.html.erb:19
  [1m[36mProfessor Load (0.2ms)[0m  [1m[34mSELECT "professors".* FROM "professors" WHERE "professors"."id" = ? LIMIT ?[0m  [["id", 1], ["LIMIT", 1]]
  â†³ app/views/sections/index.html.erb:20
  [1m[36mSemester Load (0.3ms)[0m  [1m[34mSELECT "semesters".* FROM "semesters" WHERE "semesters"."id" = ? LIMIT ?[0m  [["id", 1], ["LIMIT", 1]]
  â†³ app/views/sections/index.html.erb:22
  Rendered sections/index.html.erb within layouts/application (Duration: 14.1ms | Allocations: 2936)
Completed 500 Internal Server Error in 17ms (ActiveRecord: 1.0ms | Allocations: 4405)


  
ActionView::SyntaxErrorInTemplate (Encountered a syntax error while rendering template: check <!DOCTYPE html>
<%= form_tag(search_path, :method => "get") do %>
<html>
  <head>

    <title>Assignment02</title>
    <%= csrf_meta_tags %>
    <%= csp_meta_tag %>

    <%= stylesheet_link_tag 'application', media: 'all', 'data-turbolinks-track': 'reload' %>
    <%= javascript_pack_tag 'application', 'data-turbolinks-track': 'reload' %>
  </head>

  <body>
  
    <%= yield %>
  </body>
</html>

):
1:    <!DOCTYPE html>
2:    <%= form_tag(search_path, :method => "get") do %>
3:    <html>
4:      <head>
5:    
6:        <title>Assignment02</title>
7:        <%= csrf_meta_tags %>
8:        <%= csp_meta_tag %>
9:    
10:        <%= stylesheet_link_tag 'application', media: 'all', 'data-turbolinks-track': 'reload' %>
11:        <%= javascript_pack_tag 'application', 'data-turbolinks-track': 'reload' %>
12:      </head>
13:    
14:      <body>
15:      
16:        <%= yield %>
17:      </body>
18:    </html>
  
app/views/layouts/application.html.erb:21: syntax error, unexpected end-of-input, expecting `end'
app/views/layouts/application.html.erb:21: syntax error, unexpected end-of-input, expecting `end'
app/views/layouts/application.html.erb:21: syntax error, unexpected end-of-input, expecting `end'
app/views/layouts/application.html.erb:21: syntax error, unexpected end-of-input, expecting `end'
app/views/layouts/application.html.erb:21: syntax error, unexpected end-of-input, expecting `end'
app/views/layouts/application.html.erb:21: syntax error, unexpected end-of-input, expecting `end'
Started GET "/" for 127.0.0.1 at 2020-10-06 17:06:52 -0600
Processing by SectionsController#index as HTML
  Rendering sections/index.html.erb within layouts/application
  [1m[36mSection Load (0.1ms)[0m  [1m[34mSELECT "sections".* FROM "sections"[0m
  â†³ app/views/sections/index.html.erb:17
  [1m[36mCourse Load (0.1ms)[0m  [1m[34mSELECT "courses".* FROM "courses" WHERE "courses"."id" = ? LIMIT ?[0m  [["id", 1], ["LIMIT", 1]]
  â†³ app/views/sections/index.html.erb:19
  [1m[36mProfessor Load (0.1ms)[0m  [1m[34mSELECT "professors".* FROM "professors" WHERE "professors"."id" = ? LIMIT ?[0m  [["id", 1], ["LIMIT", 1]]
  â†³ app/views/sections/index.html.erb:20
  [1m[36mSemester Load (0.2ms)[0m  [1m[34mSELECT "semesters".* FROM "semesters" WHERE "semesters"."id" = ? LIMIT ?[0m  [["id", 1], ["LIMIT", 1]]
  â†³ app/views/sections/index.html.erb:22
  Rendered sections/index.html.erb within layouts/application (Duration: 5.4ms | Allocations: 3212)
Completed 500 Internal Server Error in 9ms (ActiveRecord: 0.4ms | Allocations: 5472)


  
ActionView::SyntaxErrorInTemplate (Encountered a syntax error while rendering template: check <!DOCTYPE html>
<html>
  <head>
    <%= form_tag(search_path, :method => "get") do %>
      <div class="input-group">
        <%= search_field_tag :search, params[:search], placeholder: "Type", class: "form-control" %>
        <div class="input-group-btn">
          <%= button_tag "Search", :class => 'btn btn-info glyphicon-search', :name => nil%>
        </div>
      </div>
      <title>Assignment02</title>
    <%= csrf_meta_tags %>
    <%= csp_meta_tag %>

    <%= stylesheet_link_tag 'application', media: 'all', 'data-turbolinks-track': 'reload' %>
    <%= javascript_pack_tag 'application', 'data-turbolinks-track': 'reload' %>
  </head>

  <body>
    <%= yield %>
  </body>
</html>

):
1:    <!DOCTYPE html>
2:    <html>
3:      <head>
4:        <%= form_tag(search_path, :method => "get") do %>
5:          <div class="input-group">
6:            <%= search_field_tag :search, params[:search], placeholder: "Type", class: "form-control" %>
7:            <div class="input-group-btn">
8:              <%= button_tag "Search", :class => 'btn btn-info glyphicon-search', :name => nil%>
9:            </div>
10:          </div>
11:          <title>Assignment02</title>
12:        <%= csrf_meta_tags %>
13:        <%= csp_meta_tag %>
14:    
15:        <%= stylesheet_link_tag 'application', media: 'all', 'data-turbolinks-track': 'reload' %>
16:        <%= javascript_pack_tag 'application', 'data-turbolinks-track': 'reload' %>
17:      </head>
18:    
19:      <body>
20:        <%= yield %>
21:      </body>
22:    </html>
  
app/views/layouts/application.html.erb:25: syntax error, unexpected end-of-input, expecting `end'
app/views/layouts/application.html.erb:25: syntax error, unexpected end-of-input, expecting `end'
app/views/layouts/application.html.erb:25: syntax error, unexpected end-of-input, expecting `end'
app/views/layouts/application.html.erb:25: syntax error, unexpected end-of-input, expecting `end'
app/views/layouts/application.html.erb:25: syntax error, unexpected end-of-input, expecting `end'
app/views/layouts/application.html.erb:25: syntax error, unexpected end-of-input, expecting `end'
Started GET "/" for 127.0.0.1 at 2020-10-06 17:06:57 -0600
Processing by SectionsController#index as HTML
  Rendering sections/index.html.erb within layouts/application
  [1m[36mSection Load (0.1ms)[0m  [1m[34mSELECT "sections".* FROM "sections"[0m
  â†³ app/views/sections/index.html.erb:17
  [1m[36mCourse Load (0.2ms)[0m  [1m[34mSELECT "courses".* FROM "courses" WHERE "courses"."id" = ? LIMIT ?[0m  [["id", 1], ["LIMIT", 1]]
  â†³ app/views/sections/index.html.erb:19
  [1m[36mProfessor Load (0.2ms)[0m  [1m[34mSELECT "professors".* FROM "professors" WHERE "professors"."id" = ? LIMIT ?[0m  [["id", 1], ["LIMIT", 1]]
  â†³ app/views/sections/index.html.erb:20
  [1m[36mSemester Load (0.1ms)[0m  [1m[34mSELECT "semesters".* FROM "semesters" WHERE "semesters"."id" = ? LIMIT ?[0m  [["id", 1], ["LIMIT", 1]]
  â†³ app/views/sections/index.html.erb:22
  Rendered sections/index.html.erb within layouts/application (Duration: 6.9ms | Allocations: 3212)
[Webpacker] Everything's up-to-date. Nothing to do
Completed 200 OK in 25ms (Views: 23.3ms | ActiveRecord: 0.6ms | Allocations: 8285)


Started GET "/" for 127.0.0.1 at 2020-10-06 17:07:12 -0600
Processing by SectionsController#index as HTML
  Rendering sections/index.html.erb within layouts/application
  [1m[36mSection Load (0.1ms)[0m  [1m[34mSELECT "sections".* FROM "sections"[0m
  â†³ app/views/sections/index.html.erb:17
  [1m[36mCourse Load (0.1ms)[0m  [1m[34mSELECT "courses".* FROM "courses" WHERE "courses"."id" = ? LIMIT ?[0m  [["id", 1], ["LIMIT", 1]]
  â†³ app/views/sections/index.html.erb:19
  [1m[36mProfessor Load (0.1ms)[0m  [1m[34mSELECT "professors".* FROM "professors" WHERE "professors"."id" = ? LIMIT ?[0m  [["id", 1], ["LIMIT", 1]]
  â†³ app/views/sections/index.html.erb:20
  [1m[36mSemester Load (0.1ms)[0m  [1m[34mSELECT "semesters".* FROM "semesters" WHERE "semesters"."id" = ? LIMIT ?[0m  [["id", 1], ["LIMIT", 1]]
  â†³ app/views/sections/index.html.erb:22
  Rendered sections/index.html.erb within layouts/application (Duration: 5.0ms | Allocations: 3213)
Completed 500 Internal Server Error in 8ms (ActiveRecord: 0.4ms | Allocations: 5466)


  
ActionView::SyntaxErrorInTemplate (Encountered a syntax error while rendering template: check <!DOCTYPE html>
<html>
<%= form_tag(search_path, :method => "get") do %>
  <div class="input-group">
    <%= search_field_tag :search, params[:search], placeholder: "Type", class: "form-control" %>
    <div class="input-group-btn">
      <%= button_tag "Search", :class => 'btn btn-info glyphicon-search', :name => nil%>
    </div>
  </div>
  <head>

    <title>Assignment02</title>
    <%= csrf_meta_tags %>
    <%= csp_meta_tag %>

    <%= stylesheet_link_tag 'application', media: 'all', 'data-turbolinks-track': 'reload' %>
    <%= javascript_pack_tag 'application', 'data-turbolinks-track': 'reload' %>
  </head>

  <body>
    <%= yield %>
  </body>
</html>

):
1:    <!DOCTYPE html>
2:    <html>
3:    <%= form_tag(search_path, :method => "get") do %>
4:      <div class="input-group">
5:        <%= search_field_tag :search, params[:search], placeholder: "Type", class: "form-control" %>
6:        <div class="input-group-btn">
7:          <%= button_tag "Search", :class => 'btn btn-info glyphicon-search', :name => nil%>
8:        </div>
9:      </div>
10:      <head>
11:    
12:        <title>Assignment02</title>
13:        <%= csrf_meta_tags %>
14:        <%= csp_meta_tag %>
15:    
16:        <%= stylesheet_link_tag 'application', media: 'all', 'data-turbolinks-track': 'reload' %>
17:        <%= javascript_pack_tag 'application', 'data-turbolinks-track': 'reload' %>
18:      </head>
19:    
20:      <body>
21:        <%= yield %>
22:      </body>
23:    </html>
  
app/views/layouts/application.html.erb:26: syntax error, unexpected end-of-input, expecting `end'
app/views/layouts/application.html.erb:26: syntax error, unexpected end-of-input, expecting `end'
app/views/layouts/application.html.erb:26: syntax error, unexpected end-of-input, expecting `end'
app/views/layouts/application.html.erb:26: syntax error, unexpected end-of-input, expecting `end'
app/views/layouts/application.html.erb:26: syntax error, unexpected end-of-input, expecting `end'
app/views/layouts/application.html.erb:26: syntax error, unexpected end-of-input, expecting `end'
Started GET "/" for 127.0.0.1 at 2020-10-06 17:07:53 -0600
Processing by SectionsController#index as HTML
  Rendering sections/index.html.erb within layouts/application
  [1m[36mSection Load (0.1ms)[0m  [1m[34mSELECT "sections".* FROM "sections"[0m
  â†³ app/views/sections/index.html.erb:17
  [1m[36mCourse Load (0.1ms)[0m  [1m[34mSELECT "courses".* FROM "courses" WHERE "courses"."id" = ? LIMIT ?[0m  [["id", 1], ["LIMIT", 1]]
  â†³ app/views/sections/index.html.erb:19
  [1m[36mProfessor Load (0.1ms)[0m  [1m[34mSELECT "professors".* FROM "professors" WHERE "professors"."id" = ? LIMIT ?[0m  [["id", 1], ["LIMIT", 1]]
  â†³ app/views/sections/index.html.erb:20
  [1m[36mSemester Load (0.1ms)[0m  [1m[34mSELECT "semesters".* FROM "semesters" WHERE "semesters"."id" = ? LIMIT ?[0m  [["id", 1], ["LIMIT", 1]]
  â†³ app/views/sections/index.html.erb:22
  Rendered sections/index.html.erb within layouts/application (Duration: 6.6ms | Allocations: 3212)
[Webpacker] Everything's up-to-date. Nothing to do
Completed 200 OK in 27ms (Views: 25.2ms | ActiveRecord: 0.5ms | Allocations: 8510)


Started GET "/" for 127.0.0.1 at 2020-10-06 17:08:01 -0600
Processing by SectionsController#index as HTML
  Rendering sections/index.html.erb within layouts/application
  [1m[36mSection Load (0.1ms)[0m  [1m[34mSELECT "sections".* FROM "sections"[0m
  â†³ app/views/sections/index.html.erb:17
  [1m[36mCourse Load (0.3ms)[0m  [1m[34mSELECT "courses".* FROM "courses" WHERE "courses"."id" = ? LIMIT ?[0m  [["id", 1], ["LIMIT", 1]]
  â†³ app/views/sections/index.html.erb:19
  [1m[36mProfessor Load (0.1ms)[0m  [1m[34mSELECT "professors".* FROM "professors" WHERE "professors"."id" = ? LIMIT ?[0m  [["id", 1], ["LIMIT", 1]]
  â†³ app/views/sections/index.html.erb:20
  [1m[36mSemester Load (0.1ms)[0m  [1m[34mSELECT "semesters".* FROM "semesters" WHERE "semesters"."id" = ? LIMIT ?[0m  [["id", 1], ["LIMIT", 1]]
  â†³ app/views/sections/index.html.erb:22
  Rendered sections/index.html.erb within layouts/application (Duration: 5.5ms | Allocations: 3213)
[Webpacker] Everything's up-to-date. Nothing to do
Completed 200 OK in 17ms (Views: 15.4ms | ActiveRecord: 0.5ms | Allocations: 8459)


Started GET "/" for 127.0.0.1 at 2020-10-06 17:09:09 -0600
Processing by SectionsController#index as HTML
  Rendering sections/index.html.erb within layouts/application
  [1m[36mSection Load (0.2ms)[0m  [1m[34mSELECT "sections".* FROM "sections"[0m
  â†³ app/views/sections/index.html.erb:17
  [1m[36mCourse Load (0.1ms)[0m  [1m[34mSELECT "courses".* FROM "courses" WHERE "courses"."id" = ? LIMIT ?[0m  [["id", 1], ["LIMIT", 1]]
  â†³ app/views/sections/index.html.erb:19
  [1m[36mProfessor Load (0.1ms)[0m  [1m[34mSELECT "professors".* FROM "professors" WHERE "professors"."id" = ? LIMIT ?[0m  [["id", 1], ["LIMIT", 1]]
  â†³ app/views/sections/index.html.erb:20
  [1m[36mSemester Load (0.1ms)[0m  [1m[34mSELECT "semesters".* FROM "semesters" WHERE "semesters"."id" = ? LIMIT ?[0m  [["id", 1], ["LIMIT", 1]]
  â†³ app/views/sections/index.html.erb:22
  Rendered sections/index.html.erb within layouts/application (Duration: 6.4ms | Allocations: 3216)
[Webpacker] Everything's up-to-date. Nothing to do
Completed 200 OK in 30ms (Views: 28.1ms | ActiveRecord: 0.5ms | Allocations: 8502)


Started GET "/" for 127.0.0.1 at 2020-10-06 17:09:10 -0600
Processing by SectionsController#index as HTML
  Rendering sections/index.html.erb within layouts/application
  [1m[36mSection Load (0.2ms)[0m  [1m[34mSELECT "sections".* FROM "sections"[0m
  â†³ app/views/sections/index.html.erb:17
  [1m[36mCourse Load (0.1ms)[0m  [1m[34mSELECT "courses".* FROM "courses" WHERE "courses"."id" = ? LIMIT ?[0m  [["id", 1], ["LIMIT", 1]]
  â†³ app/views/sections/index.html.erb:19
  [1m[36mProfessor Load (0.1ms)[0m  [1m[34mSELECT "professors".* FROM "professors" WHERE "professors"."id" = ? LIMIT ?[0m  [["id", 1], ["LIMIT", 1]]
  â†³ app/views/sections/index.html.erb:20
  [1m[36mSemester Load (0.1ms)[0m  [1m[34mSELECT "semesters".* FROM "semesters" WHERE "semesters"."id" = ? LIMIT ?[0m  [["id", 1], ["LIMIT", 1]]
  â†³ app/views/sections/index.html.erb:22
  Rendered sections/index.html.erb within layouts/application (Duration: 5.1ms | Allocations: 2942)
[Webpacker] Everything's up-to-date. Nothing to do
Completed 200 OK in 13ms (Views: 11.8ms | ActiveRecord: 0.5ms | Allocations: 7205)


Started GET "/courses" for 127.0.0.1 at 2020-10-06 17:09:10 -0600
Processing by CoursesController#index as HTML
  Rendering courses/index.html.erb within layouts/application
  [1m[36mCourse Load (0.2ms)[0m  [1m[34mSELECT "courses".* FROM "courses"[0m
  â†³ app/views/courses/index.html.erb:16
  [1m[36mDepartment Load (0.6ms)[0m  [1m[34mSELECT "departments".* FROM "departments" WHERE "departments"."id" = ? LIMIT ?[0m  [["id", 1], ["LIMIT", 1]]
  â†³ app/views/courses/index.html.erb:18
  [1m[36mDepartment Load (0.1ms)[0m  [1m[34mSELECT "departments".* FROM "departments" WHERE "departments"."id" = ? LIMIT ?[0m  [["id", 2], ["LIMIT", 1]]
  â†³ app/views/courses/index.html.erb:18
  Rendered courses/index.html.erb within layouts/application (Duration: 13.8ms | Allocations: 6244)
[Webpacker] Everything's up-to-date. Nothing to do
Completed 200 OK in 22ms (Views: 18.9ms | ActiveRecord: 2.0ms | Allocations: 11046)


